<?xml version="1.0" encoding="UTF-8"?>
<!-- Generated by org.testng.reporters.JUnitXMLReporter -->
<testsuite hostname="ANasser-8470p" name="TC_GeneralSett_License" tests="5" failures="0" timestamp="7 Mar 2015 14:48:33 GMT" time="0.01" errors="0">
  <testcase name="@BeforeSuite checkSuiteSkip" time="0.0" classname="com.xirrus.xms.TS_Array_General.TC_GeneralSett_License">
    <skipped/>
  </testcase> <!-- @BeforeSuite checkSuiteSkip -->
  <testcase name="@BeforeTest checkTestSkip" time="0.0" classname="com.xirrus.xms.TS_Array_General.TC_GeneralSett_License">
    <skipped/>
  </testcase> <!-- @BeforeTest checkTestSkip -->
  <testcase name="@AfterTest testCompleted" time="0.0" classname="com.xirrus.xms.TS_Array_General.TC_GeneralSett_License">
    <skipped/>
  </testcase> <!-- @AfterTest testCompleted -->
  <testcase name="testCase_VerifydefaultLicenseKeyNotEmptyvalue" time="0.0" classname="com.xirrus.xms.TS_Array_General.TC_GeneralSett_License">
    <skipped/>
  </testcase> <!-- testCase_VerifydefaultLicenseKeyNotEmptyvalue -->
  <testcase name="testCase_VerifyLicenseKeyNotAcceptEmptyValue" time="0.0" classname="com.xirrus.xms.TS_Array_General.TC_GeneralSett_License">
    <skipped/>
  </testcase> <!-- testCase_VerifyLicenseKeyNotAcceptEmptyValue -->
  <testcase name="testCase_VerifyLicenseKeynotAcceptvalueMoreOrLessThan23Char" time="0.0" classname="com.xirrus.xms.TS_Array_General.TC_GeneralSett_License">
    <skipped/>
  </testcase> <!-- testCase_VerifyLicenseKeynotAcceptvalueMoreOrLessThan23Char -->
  <testcase name="testCase_VerifyLicenseKeyInvalidValue" time="0.0" classname="com.xirrus.xms.TS_Array_General.TC_GeneralSett_License">
    <skipped/>
  </testcase> <!-- testCase_VerifyLicenseKeyInvalidValue -->
  <testcase name="testCase_VerifyLicenseKeyUpdatedValue" time="0.0" classname="com.xirrus.xms.TS_Array_General.TC_GeneralSett_License">
    <skipped/>
  </testcase> <!-- testCase_VerifyLicenseKeyUpdatedValue -->
</testsuite> <!-- TC_GeneralSett_License -->
