<?xml version="1.0" encoding="UTF-8"?>
<!-- Generated by org.testng.reporters.JUnitXMLReporter -->
<testsuite hostname="ANasser-8470p" name="TC_GeneralSett_Location" tests="5" failures="0" timestamp="7 Mar 2015 14:48:33 GMT" time="0.128" errors="0">
  <testcase name="@BeforeTest checkTestSkip" time="0.0" classname="com.xirrus.xms.TS_Array_General.TC_GeneralSett_Location">
    <skipped/>
  </testcase> <!-- @BeforeTest checkTestSkip -->
  <testcase name="@AfterTest testCompleted" time="0.0" classname="com.xirrus.xms.TS_Array_General.TC_GeneralSett_Location">
    <skipped/>
  </testcase> <!-- @AfterTest testCompleted -->
  <testcase name="testCase_VerifydefaultLocationInfovalue" time="0.001" classname="com.xirrus.xms.TS_Array_General.TC_GeneralSett_Location">
    <skipped/>
  </testcase> <!-- testCase_VerifydefaultLocationInfovalue -->
  <testcase name="testCase_VerifyLocationInfoFieldvalidation" time="0.001" classname="com.xirrus.xms.TS_Array_General.TC_GeneralSett_Location">
    <skipped/>
  </testcase> <!-- testCase_VerifyLocationInfoFieldvalidation -->
  <testcase name="testCase_VerifyLocationInfoSetValue" time="0.0" classname="com.xirrus.xms.TS_Array_General.TC_GeneralSett_Location">
    <skipped/>
  </testcase> <!-- testCase_VerifyLocationInfoSetValue -->
  <testcase name="testCase_VerifyLocationInfoEditValue" time="0.0" classname="com.xirrus.xms.TS_Array_General.TC_GeneralSett_Location">
    <skipped/>
  </testcase> <!-- testCase_VerifyLocationInfoEditValue -->
  <testcase name="testCase_VerifyLocationInfoEmptyValue" time="0.0" classname="com.xirrus.xms.TS_Array_General.TC_GeneralSett_Location">
    <skipped/>
  </testcase> <!-- testCase_VerifyLocationInfoEmptyValue -->
</testsuite> <!-- TC_GeneralSett_Location -->
