<html xmlns:math="http://exslt.org/math" xmlns:testng="http://testng.org">
   <head>
      <title>TestNG Results</title>
      <meta http-equiv="content-type" content="text/html; charset=utf-8"></meta>
      <meta http-equiv="pragma" content="no-cache"></meta>
      <meta http-equiv="cache-control" content="max-age=0"></meta>
      <meta http-equiv="cache-control" content="no-cache"></meta>
      <meta http-equiv="cache-control" content="no-store"></meta>
      <LINK rel="stylesheet" href="style.css"></LINK>
      <script type="text/javascript" src="main.js"></script>
   </head>
   <body>
      <table width="100%" style="font-size: 16px; margin-bottom: 10px;" cellspacing="1">
         <tr>
            <td width="100%">
               Test case
               
               <b>TC_Services_Location</b>
            </td>
            <td style="background-color: #FFBBBB; padding: 3px 3px 3px 0;" align="center">
               <div style="width: 50px;">2</div>
            </td>
            <td style="background-color: lightgreen; padding: 3px 3px 3px 0;" align="center">
               <div style="width: 50px;">10</div>
            </td>
            <td style="background-color: #FFFFBB; padding: 3px 3px 3px 0;" align="center">
               <div style="width: 50px;">0</div>
            </td>
            <td align="center" style="background-color: #eaf0f7; padding: 3px 3px 3px 0;">
               <div style="width: 50px;">12</div>
            </td>
            <td align="center"
                style="font-weight: bold; background-color: #eaf0f7; padding: 3px 3px 3px 0;">
               <div style="width: 50px;">83%</div>
            </td>
            <td style="background-color: #eaf0f7; padding: 3px 3px 3px 0;" align="center"
                nowrap="true">7m
               31s
               
            </td>
         </tr>
      </table>
      <div style="width: 200px;">
         <label for="groupMethodsCheckBox" style="font-weight: bold; margin: 0;">
            <input id="groupMethodsCheckBox" type="checkbox" onclick="switchTestMethodsView(this)"></input>
            Group by class
            
         </label>
         <br></br>
         <label for="methodsFilter_ALL" style="font-weight: bold; margin: 0;">
            <input id="methodsFilter_ALL" type="checkbox"
                   onclick="testMethodsFilterChanged(this, 'ALL')"></input>
            All
            
         </label>
      </div>
      <label for="methodsFilter_FAIL" style="margin-left: 20px;">
         <input id="methodsFilter_FAIL" type="checkbox"
                onclick="testMethodsFilterChanged(this, 'FAIL')"
                checked=""></input>
         Failed
         
      </label>
      <label for="methodsFilter_PASS">
         <input id="methodsFilter_PASS" type="checkbox"
                onclick="testMethodsFilterChanged(this, 'PASS')"
                checked=""></input>
         Passed
         
      </label>
      <label for="methodsFilter_SKIP">
         <input id="methodsFilter_SKIP" type="checkbox"
                onclick="testMethodsFilterChanged(this, 'SKIP')"
                checked=""></input>
         Skipped
         
      </label>
      <label for="methodsFilter_CONF">
         <input id="methodsFilter_CONF" type="checkbox"
                onclick="testMethodsFilterChanged(this, 'CONF')"></input>
         Config
         
      </label>
      <br></br>
      <div id="testMethodsByStatus">
         <table class="testMethodsTable" cellpadding="0" cellspacing="0">
            <tr class="methodsTableHeader">
               <td width="100%">Name</td>
               <td nowrap="true">Started</td>
               <td nowrap="true">Duration</td>
               <td>Exception</td>
            </tr>
            <tr id="com.xirrus.xms.TS_Array_Services.TC_Services_Location_testCase_verifyLocationKeyFieldValidation_byStatus_failed_FAIL1_row"
                class="testMethodStatusFAIL">
               <td width="100%" class="firstMethodCell">
                  <a onclick="toggleDetailsVisibility('com.xirrus.xms.TS_Array_Services.TC_Services_Location_testCase_verifyLocationKeyFieldValidation_byStatus_failed_FAIL1_details')">testCase_verifyLocationKeyFieldValidation()</a>
               </td>
               <td nowrap="true">17:52:35</td>
               <td nowrap="true" align="right">2m
                  45s
                  
               </td>
               <td nowrap="true">
                  <a onclick="toggleDetailsVisibility('com.xirrus.xms.TS_Array_Services.TC_Services_Location_testCase_verifyLocationKeyFieldValidation_byStatus_failed_FAIL1_exception')">java.lang.AssertionError: 
                     FAIL- Verification Failed!!!LocationKeyLengthWarning-TC_Services_Location-testCase_verifyLocationKeyFieldValidation
                     
                  </a>
                   
                  
               </td>
            </tr>
            <tr>
               <td colspan="4" class="detailsBox">
                  <div id="com.xirrus.xms.TS_Array_Services.TC_Services_Location_testCase_verifyLocationKeyFieldValidation_byStatus_failed_FAIL1_details"
                       class="testMethodDetails">
                     <div>
                        <b>Name: </b>testCase_verifyLocationKeyFieldValidation
                     </div>
                     <div>
                        <b>Signature: </b>testCase_verifyLocationKeyFieldValidation()
                     </div>
                     <div>
                        <b>Start time: </b>17:52:35
                     </div>
                     <div>
                        <b>End time: </b>17:54:20
                     </div>
                     <div>
                        <b>Duration: </b>2m
                        45s
                        
                     </div>
                  </div>
               </td>
            </tr>
            <tr>
               <td colspan="4" class="detailsBox">
                  <div id="com.xirrus.xms.TS_Array_Services.TC_Services_Location_testCase_verifyLocationKeyFieldValidation_byStatus_failed_FAIL1_exception"
                       class="testMethodDetails">
                     <pre style="padding: 5px; margin: 0;">java.lang.AssertionError: FAIL- Verification Failed!!!LocationKeyLengthWarning-TC_Services_Location-testCase_verifyLocationKeyFieldValidation
                        	at org.testng.Assert.fail(Assert.java:89)
                        	at com.xirrus.xms.locallib.LocalLib.verifyStringequals(LocalLib.java:127)
                        	at com.xirrus.xms.TS_Array_Services.TC_Services_Location.testCase_verifyLocationKeyFieldValidation(TC_Services_Location.java:709)
                        	at sun.reflect.NativeMethodAccessorImpl.invoke0(Native Method)
                        	at sun.reflect.NativeMethodAccessorImpl.invoke(NativeMethodAccessorImpl.java:57)
                        	at sun.reflect.DelegatingMethodAccessorImpl.invoke(DelegatingMethodAccessorImpl.java:43)
                        	at java.lang.reflect.Method.invoke(Method.java:606)
                        	at org.testng.internal.MethodInvocationHelper.invokeMethod(MethodInvocationHelper.java:74)
                        	at org.testng.internal.Invoker.invokeMethod(Invoker.java:673)
                        	at org.testng.internal.Invoker.invokeTestMethod(Invoker.java:846)
                        	at org.testng.internal.Invoker.invokeTestMethods(Invoker.java:1170)
                        	at org.testng.internal.TestMethodWorker.invokeTestMethods(TestMethodWorker.java:125)
                        	at org.testng.internal.TestMethodWorker.run(TestMethodWorker.java:109)
                        	at org.testng.TestRunner.runWorkers(TestRunner.java:1125)
                        	at org.testng.TestRunner.privateRun(TestRunner.java:749)
                        	at org.testng.TestRunner.run(TestRunner.java:600)
                        	at org.testng.SuiteRunner.runTest(SuiteRunner.java:317)
                        	at org.testng.SuiteRunner.runSequentially(SuiteRunner.java:312)
                        	at org.testng.SuiteRunner.privateRun(SuiteRunner.java:274)
                        	at org.testng.SuiteRunner.run(SuiteRunner.java:223)
                        	at org.testng.SuiteRunnerWorker.runSuite(SuiteRunnerWorker.java:52)
                        	at org.testng.SuiteRunnerWorker.run(SuiteRunnerWorker.java:86)
                        	at org.testng.TestNG.runSuitesSequentially(TestNG.java:965)
                        	at org.testng.TestNG.runSuitesSequentially(TestNG.java:961)
                        	at org.testng.TestNG.runSuitesLocally(TestNG.java:890)
                        	at org.testng.TestNG.run(TestNG.java:824)
                        	at org.testng.TestNG.privateMain(TestNG.java:1128)
                        	at org.testng.TestNG.main(TestNG.java:1092)
                     </pre>
                  </div>
               </td>
            </tr>
            <tr id="com.xirrus.xms.TS_Array_Services.TC_Services_Location_testCase_verifyLocationPeriodFieldValidation_byStatus_failed_FAIL2_row"
                class="testMethodStatusFAIL">
               <td width="100%" class="firstMethodCell">
                  <a onclick="toggleDetailsVisibility('com.xirrus.xms.TS_Array_Services.TC_Services_Location_testCase_verifyLocationPeriodFieldValidation_byStatus_failed_FAIL2_details')">testCase_verifyLocationPeriodFieldValidation()</a>
               </td>
               <td nowrap="true">17:54:20</td>
               <td nowrap="true" align="right">2m
                  45s
                  
               </td>
               <td nowrap="true">
                  <a onclick="toggleDetailsVisibility('com.xirrus.xms.TS_Array_Services.TC_Services_Location_testCase_verifyLocationPeriodFieldValidation_byStatus_failed_FAIL2_exception')">java.lang.AssertionError: 
                     FAIL- Verification Failed!!!LocationPeriodLimitWarning-TC_Services_Location-testCase_verifyLocationPeriodFieldValidation
                     
                  </a>
                   
                  
               </td>
            </tr>
            <tr>
               <td colspan="4" class="detailsBox">
                  <div id="com.xirrus.xms.TS_Array_Services.TC_Services_Location_testCase_verifyLocationPeriodFieldValidation_byStatus_failed_FAIL2_details"
                       class="testMethodDetails">
                     <div>
                        <b>Name: </b>testCase_verifyLocationPeriodFieldValidation
                     </div>
                     <div>
                        <b>Signature: </b>testCase_verifyLocationPeriodFieldValidation()
                     </div>
                     <div>
                        <b>Start time: </b>17:54:20
                     </div>
                     <div>
                        <b>End time: </b>17:56:06
                     </div>
                     <div>
                        <b>Duration: </b>2m
                        45s
                        
                     </div>
                  </div>
               </td>
            </tr>
            <tr>
               <td colspan="4" class="detailsBox">
                  <div id="com.xirrus.xms.TS_Array_Services.TC_Services_Location_testCase_verifyLocationPeriodFieldValidation_byStatus_failed_FAIL2_exception"
                       class="testMethodDetails">
                     <pre style="padding: 5px; margin: 0;">java.lang.AssertionError: FAIL- Verification Failed!!!LocationPeriodLimitWarning-TC_Services_Location-testCase_verifyLocationPeriodFieldValidation
                        	at org.testng.Assert.fail(Assert.java:89)
                        	at com.xirrus.xms.locallib.LocalLib.verifyStringequals(LocalLib.java:127)
                        	at com.xirrus.xms.TS_Array_Services.TC_Services_Location.testCase_verifyLocationPeriodFieldValidation(TC_Services_Location.java:767)
                        	at sun.reflect.NativeMethodAccessorImpl.invoke0(Native Method)
                        	at sun.reflect.NativeMethodAccessorImpl.invoke(NativeMethodAccessorImpl.java:57)
                        	at sun.reflect.DelegatingMethodAccessorImpl.invoke(DelegatingMethodAccessorImpl.java:43)
                        	at java.lang.reflect.Method.invoke(Method.java:606)
                        	at org.testng.internal.MethodInvocationHelper.invokeMethod(MethodInvocationHelper.java:74)
                        	at org.testng.internal.Invoker.invokeMethod(Invoker.java:673)
                        	at org.testng.internal.Invoker.invokeTestMethod(Invoker.java:846)
                        	at org.testng.internal.Invoker.invokeTestMethods(Invoker.java:1170)
                        	at org.testng.internal.TestMethodWorker.invokeTestMethods(TestMethodWorker.java:125)
                        	at org.testng.internal.TestMethodWorker.run(TestMethodWorker.java:109)
                        	at org.testng.TestRunner.runWorkers(TestRunner.java:1125)
                        	at org.testng.TestRunner.privateRun(TestRunner.java:749)
                        	at org.testng.TestRunner.run(TestRunner.java:600)
                        	at org.testng.SuiteRunner.runTest(SuiteRunner.java:317)
                        	at org.testng.SuiteRunner.runSequentially(SuiteRunner.java:312)
                        	at org.testng.SuiteRunner.privateRun(SuiteRunner.java:274)
                        	at org.testng.SuiteRunner.run(SuiteRunner.java:223)
                        	at org.testng.SuiteRunnerWorker.runSuite(SuiteRunnerWorker.java:52)
                        	at org.testng.SuiteRunnerWorker.run(SuiteRunnerWorker.java:86)
                        	at org.testng.TestNG.runSuitesSequentially(TestNG.java:965)
                        	at org.testng.TestNG.runSuitesSequentially(TestNG.java:961)
                        	at org.testng.TestNG.runSuitesLocally(TestNG.java:890)
                        	at org.testng.TestNG.run(TestNG.java:824)
                        	at org.testng.TestNG.privateMain(TestNG.java:1128)
                        	at org.testng.TestNG.main(TestNG.java:1092)
                     </pre>
                  </div>
               </td>
            </tr>
            <tr id="com.xirrus.xms.TS_Array_Services.TC_Services_Location_cleanup_byStatus_failed_FAIL3_row"
                class="testMethodStatusFAIL testMethodStatusCONF">
               <td width="100%" class="firstMethodCell">
                  <a onclick="toggleDetailsVisibility('com.xirrus.xms.TS_Array_Services.TC_Services_Location_cleanup_byStatus_failed_FAIL3_details')">cleanup()</a>
               </td>
               <td nowrap="true">17:56:48</td>
               <td nowrap="true" align="right">0 ms
                  
               </td>
               <td nowrap="true">
                  <a onclick="toggleDetailsVisibility('com.xirrus.xms.TS_Array_Services.TC_Services_Location_cleanup_byStatus_failed_FAIL3_exception')">org.openqa.selenium.remote.UnreachableBrowserException: 
                     Error communicating with the remote browser. It may have died.
                     Build info: version: '2.40.0', revision: 'fbe29a9', time: '2014-02-19 20:55:11'
                     System info: host: 'ANasser-8470p', ip: '10.100.23.24', os.name: 'Windows 7', os.arch: 'amd64', os.version: '6.1', java.version:
                     '1.7.0_60'
                     Driver info: driver.version: RemoteWebDriver
                     
                  </a>
                   
                  
               </td>
            </tr>
            <tr>
               <td colspan="4" class="detailsBox">
                  <div id="com.xirrus.xms.TS_Array_Services.TC_Services_Location_cleanup_byStatus_failed_FAIL3_details"
                       class="testMethodDetails">
                     <div>
                        <b>Name: </b>cleanup
                     </div>
                     <div>
                        <b>Signature: </b>cleanup()
                     </div>
                     <div>
                        <b>Start time: </b>17:56:48
                     </div>
                     <div>
                        <b>End time: </b>17:56:48
                     </div>
                     <div>
                        <b>Duration: </b>0 ms
                        
                     </div>
                  </div>
               </td>
            </tr>
            <tr>
               <td colspan="4" class="detailsBox">
                  <div id="com.xirrus.xms.TS_Array_Services.TC_Services_Location_cleanup_byStatus_failed_FAIL3_exception"
                       class="testMethodDetails">
                     <pre style="padding: 5px; margin: 0;">org.openqa.selenium.remote.UnreachableBrowserException: Error communicating with the remote browser. It may have died.
                        Build info: version: '2.40.0', revision: 'fbe29a9', time: '2014-02-19 20:55:11'
                        System info: host: 'ANasser-8470p', ip: '10.100.23.24', os.name: 'Windows 7', os.arch: 'amd64', os.version: '6.1', java.version:
                        '1.7.0_60'
                        Driver info: driver.version: RemoteWebDriver
                        	at org.openqa.selenium.remote.RemoteWebDriver.execute(RemoteWebDriver.java:567)
                        	at org.openqa.selenium.remote.RemoteWebDriver.execute(RemoteWebDriver.java:588)
                        	at org.openqa.selenium.remote.RemoteWebDriver.close(RemoteWebDriver.java:437)
                        	at com.xirrus.xms.base.TestBase.closeBroweser(TestBase.java:153)
                        	at com.xirrus.xms.TS_Array_Services.TestSuiteBase.cleanup(TestSuiteBase.java:59)
                        	at sun.reflect.NativeMethodAccessorImpl.invoke0(Native Method)
                        	at sun.reflect.NativeMethodAccessorImpl.invoke(NativeMethodAccessorImpl.java:57)
                        	at sun.reflect.DelegatingMethodAccessorImpl.invoke(DelegatingMethodAccessorImpl.java:43)
                        	at java.lang.reflect.Method.invoke(Method.java:606)
                        	at org.testng.internal.MethodInvocationHelper.invokeMethod(MethodInvocationHelper.java:74)
                        	at org.testng.internal.Invoker.invokeConfigurationMethod(Invoker.java:525)
                        	at org.testng.internal.Invoker.invokeConfigurations(Invoker.java:202)
                        	at org.testng.internal.Invoker.invokeConfigurations(Invoker.java:130)
                        	at org.testng.SuiteRunner.privateRun(SuiteRunner.java:291)
                        	at org.testng.SuiteRunner.run(SuiteRunner.java:223)
                        	at org.testng.SuiteRunnerWorker.runSuite(SuiteRunnerWorker.java:52)
                        	at org.testng.SuiteRunnerWorker.run(SuiteRunnerWorker.java:86)
                        	at org.testng.TestNG.runSuitesSequentially(TestNG.java:965)
                        	at org.testng.TestNG.runSuitesSequentially(TestNG.java:961)
                        	at org.testng.TestNG.runSuitesLocally(TestNG.java:890)
                        	at org.testng.TestNG.run(TestNG.java:824)
                        	at org.testng.TestNG.privateMain(TestNG.java:1128)
                        	at org.testng.TestNG.main(TestNG.java:1092)
                        Caused by: org.openqa.selenium.WebDriverException: java.net.SocketTimeoutException: Read timed out
                        Build info: version: '2.40.0', revision: 'fbe29a9', time: '2014-02-19 20:55:11'
                        System info: host: 'ANasser-8470p', ip: '10.100.23.24', os.name: 'Windows 7', os.arch: 'amd64', os.version: '6.1', java.version:
                        '1.7.0_60'
                        Driver info: driver.version: RemoteWebDriver
                        	at org.openqa.selenium.remote.service.DriverCommandExecutor.execute(DriverCommandExecutor.java:75)
                        	at org.openqa.selenium.remote.RemoteWebDriver.execute(RemoteWebDriver.java:546)
                        	... 22 more
                        Caused by: java.net.SocketTimeoutException: Read timed out
                        	at java.net.SocketInputStream.socketRead0(Native Method)
                        	at java.net.SocketInputStream.read(SocketInputStream.java:152)
                        	at java.net.SocketInputStream.read(SocketInputStream.java:122)
                        	at org.apache.http.impl.io.AbstractSessionInputBuffer.fillBuffer(AbstractSessionInputBuffer.java:160)
                        	at org.apache.http.impl.io.SocketInputBuffer.fillBuffer(SocketInputBuffer.java:84)
                        	at org.apache.http.impl.io.AbstractSessionInputBuffer.readLine(AbstractSessionInputBuffer.java:273)
                        	at org.apache.http.impl.conn.LoggingSessionInputBuffer.readLine(LoggingSessionInputBuffer.java:116)
                        	at org.apache.http.impl.conn.DefaultHttpResponseParser.parseHead(DefaultHttpResponseParser.java:140)
                        	at org.apache.http.impl.conn.DefaultHttpResponseParser.parseHead(DefaultHttpResponseParser.java:57)
                        	at org.apache.http.impl.io.AbstractMessageParser.parse(AbstractMessageParser.java:260)
                        	at org.apache.http.impl.AbstractHttpClientConnection.receiveResponseHeader(AbstractHttpClientConnection.java:283)
                        	at org.apache.http.impl.conn.DefaultClientConnection.receiveResponseHeader(DefaultClientConnection.java:251)
                        	at org.apache.http.impl.conn.AbstractClientConnAdapter.receiveResponseHeader(AbstractClientConnAdapter.java:223)
                        	at org.apache.http.protocol.HttpRequestExecutor.doReceiveResponse(HttpRequestExecutor.java:271)
                        	at org.apache.http.protocol.HttpRequestExecutor.execute(HttpRequestExecutor.java:123)
                        	at org.apache.http.impl.client.DefaultRequestDirector.tryExecute(DefaultRequestDirector.java:682)
                        	at org.apache.http.impl.client.DefaultRequestDirector.execute(DefaultRequestDirector.java:486)
                        	at org.apache.http.impl.client.AbstractHttpClient.doExecute(AbstractHttpClient.java:863)
                        	at org.apache.http.impl.client.CloseableHttpClient.execute(CloseableHttpClient.java:72)
                        	at org.apache.http.impl.client.CloseableHttpClient.execute(CloseableHttpClient.java:57)
                        	at org.openqa.selenium.remote.HttpCommandExecutor.fallBackExecute(HttpCommandExecutor.java:319)
                        	at org.openqa.selenium.remote.HttpCommandExecutor.execute(HttpCommandExecutor.java:298)
                        	at org.openqa.selenium.remote.service.DriverCommandExecutor.execute(DriverCommandExecutor.java:66)
                        	... 23 more
                     </pre>
                  </div>
               </td>
            </tr>
            <tr id="com.xirrus.xms.TS_Array_Services.TC_Services_Location_checkSuiteSkip_byStatus_passed_PASS1_row"
                class="testMethodStatusPASS testMethodStatusCONF">
               <td width="100%" class="firstMethodCell">
                  <a onclick="toggleDetailsVisibility('com.xirrus.xms.TS_Array_Services.TC_Services_Location_checkSuiteSkip_byStatus_passed_PASS1_details')">checkSuiteSkip()</a>
               </td>
               <td nowrap="true">17:38:03</td>
               <td nowrap="true" align="right">13s
                  
               </td>
               <td nowrap="true">
                   
                  
               </td>
            </tr>
            <tr>
               <td colspan="4" class="detailsBox">
                  <div id="com.xirrus.xms.TS_Array_Services.TC_Services_Location_checkSuiteSkip_byStatus_passed_PASS1_details"
                       class="testMethodDetails">
                     <div>
                        <b>Name: </b>checkSuiteSkip
                     </div>
                     <div>
                        <b>Signature: </b>checkSuiteSkip()
                     </div>
                     <div>
                        <b>Start time: </b>17:38:03
                     </div>
                     <div>
                        <b>End time: </b>17:38:16
                     </div>
                     <div>
                        <b>Duration: </b>13s
                        
                     </div>
                  </div>
               </td>
            </tr>
            <tr></tr>
            <tr id="com.xirrus.xms.TS_Array_Services.TC_Services_Location_checkTestSkip_byStatus_passed_PASS2_row"
                class="testMethodStatusPASS testMethodStatusCONF">
               <td width="100%" class="firstMethodCell">
                  <a onclick="toggleDetailsVisibility('com.xirrus.xms.TS_Array_Services.TC_Services_Location_checkTestSkip_byStatus_passed_PASS2_details')">checkTestSkip()</a>
               </td>
               <td nowrap="true">17:50:16</td>
               <td nowrap="true" align="right">0 ms
                  
               </td>
               <td nowrap="true">
                   
                  
               </td>
            </tr>
            <tr>
               <td colspan="4" class="detailsBox">
                  <div id="com.xirrus.xms.TS_Array_Services.TC_Services_Location_checkTestSkip_byStatus_passed_PASS2_details"
                       class="testMethodDetails">
                     <div>
                        <b>Name: </b>checkTestSkip
                     </div>
                     <div>
                        <b>Signature: </b>checkTestSkip()
                     </div>
                     <div>
                        <b>Start time: </b>17:50:16
                     </div>
                     <div>
                        <b>End time: </b>17:50:16
                     </div>
                     <div>
                        <b>Duration: </b>0 ms
                        
                     </div>
                  </div>
               </td>
            </tr>
            <tr></tr>
            <tr id="com.xirrus.xms.TS_Array_Services.TC_Services_Location_testCase_verifyNetflowDefaultVersion_byStatus_passed_PASS3_row"
                class="testMethodStatusPASS">
               <td width="100%" class="firstMethodCell">
                  <a onclick="toggleDetailsVisibility('com.xirrus.xms.TS_Array_Services.TC_Services_Location_testCase_verifyNetflowDefaultVersion_byStatus_passed_PASS3_details')">testCase_verifyNetflowDefaultVersion()</a>
               </td>
               <td nowrap="true">17:50:16</td>
               <td nowrap="true" align="right">7s
                  
               </td>
               <td nowrap="true">
                   
                  
               </td>
            </tr>
            <tr>
               <td colspan="4" class="detailsBox">
                  <div id="com.xirrus.xms.TS_Array_Services.TC_Services_Location_testCase_verifyNetflowDefaultVersion_byStatus_passed_PASS3_details"
                       class="testMethodDetails">
                     <div>
                        <b>Name: </b>testCase_verifyNetflowDefaultVersion
                     </div>
                     <div>
                        <b>Signature: </b>testCase_verifyNetflowDefaultVersion()
                     </div>
                     <div>
                        <b>Start time: </b>17:50:16
                     </div>
                     <div>
                        <b>End time: </b>17:50:24
                     </div>
                     <div>
                        <b>Duration: </b>7s
                        
                     </div>
                  </div>
               </td>
            </tr>
            <tr></tr>
            <tr id="com.xirrus.xms.TS_Array_Services.TC_Services_Location_testCase_verifyLocationURLDefaultValue_byStatus_passed_PASS4_row"
                class="testMethodStatusPASS">
               <td width="100%" class="firstMethodCell">
                  <a onclick="toggleDetailsVisibility('com.xirrus.xms.TS_Array_Services.TC_Services_Location_testCase_verifyLocationURLDefaultValue_byStatus_passed_PASS4_details')">testCase_verifyLocationURLDefaultValue()</a>
               </td>
               <td nowrap="true">17:50:24</td>
               <td nowrap="true" align="right">7s
                  
               </td>
               <td nowrap="true">
                   
                  
               </td>
            </tr>
            <tr>
               <td colspan="4" class="detailsBox">
                  <div id="com.xirrus.xms.TS_Array_Services.TC_Services_Location_testCase_verifyLocationURLDefaultValue_byStatus_passed_PASS4_details"
                       class="testMethodDetails">
                     <div>
                        <b>Name: </b>testCase_verifyLocationURLDefaultValue
                     </div>
                     <div>
                        <b>Signature: </b>testCase_verifyLocationURLDefaultValue()
                     </div>
                     <div>
                        <b>Start time: </b>17:50:24
                     </div>
                     <div>
                        <b>End time: </b>17:50:31
                     </div>
                     <div>
                        <b>Duration: </b>7s
                        
                     </div>
                  </div>
               </td>
            </tr>
            <tr></tr>
            <tr id="com.xirrus.xms.TS_Array_Services.TC_Services_Location_testCase_verifyLocationKeyDefaultValue_byStatus_passed_PASS5_row"
                class="testMethodStatusPASS">
               <td width="100%" class="firstMethodCell">
                  <a onclick="toggleDetailsVisibility('com.xirrus.xms.TS_Array_Services.TC_Services_Location_testCase_verifyLocationKeyDefaultValue_byStatus_passed_PASS5_details')">testCase_verifyLocationKeyDefaultValue()</a>
               </td>
               <td nowrap="true">17:50:31</td>
               <td nowrap="true" align="right">7s
                  
               </td>
               <td nowrap="true">
                   
                  
               </td>
            </tr>
            <tr>
               <td colspan="4" class="detailsBox">
                  <div id="com.xirrus.xms.TS_Array_Services.TC_Services_Location_testCase_verifyLocationKeyDefaultValue_byStatus_passed_PASS5_details"
                       class="testMethodDetails">
                     <div>
                        <b>Name: </b>testCase_verifyLocationKeyDefaultValue
                     </div>
                     <div>
                        <b>Signature: </b>testCase_verifyLocationKeyDefaultValue()
                     </div>
                     <div>
                        <b>Start time: </b>17:50:31
                     </div>
                     <div>
                        <b>End time: </b>17:50:38
                     </div>
                     <div>
                        <b>Duration: </b>7s
                        
                     </div>
                  </div>
               </td>
            </tr>
            <tr></tr>
            <tr id="com.xirrus.xms.TS_Array_Services.TC_Services_Location_testCase_verifyLocationPeriodDefaultValue_byStatus_passed_PASS6_row"
                class="testMethodStatusPASS">
               <td width="100%" class="firstMethodCell">
                  <a onclick="toggleDetailsVisibility('com.xirrus.xms.TS_Array_Services.TC_Services_Location_testCase_verifyLocationPeriodDefaultValue_byStatus_passed_PASS6_details')">testCase_verifyLocationPeriodDefaultValue()</a>
               </td>
               <td nowrap="true">17:50:38</td>
               <td nowrap="true" align="right">7s
                  
               </td>
               <td nowrap="true">
                   
                  
               </td>
            </tr>
            <tr>
               <td colspan="4" class="detailsBox">
                  <div id="com.xirrus.xms.TS_Array_Services.TC_Services_Location_testCase_verifyLocationPeriodDefaultValue_byStatus_passed_PASS6_details"
                       class="testMethodDetails">
                     <div>
                        <b>Name: </b>testCase_verifyLocationPeriodDefaultValue
                     </div>
                     <div>
                        <b>Signature: </b>testCase_verifyLocationPeriodDefaultValue()
                     </div>
                     <div>
                        <b>Start time: </b>17:50:38
                     </div>
                     <div>
                        <b>End time: </b>17:50:45
                     </div>
                     <div>
                        <b>Duration: </b>7s
                        
                     </div>
                  </div>
               </td>
            </tr>
            <tr></tr>
            <tr id="com.xirrus.xms.TS_Array_Services.TC_Services_Location_testCase_verifyLocationSupportEnable_byStatus_passed_PASS7_row"
                class="testMethodStatusPASS">
               <td width="100%" class="firstMethodCell">
                  <a onclick="toggleDetailsVisibility('com.xirrus.xms.TS_Array_Services.TC_Services_Location_testCase_verifyLocationSupportEnable_byStatus_passed_PASS7_details')">testCase_verifyLocationSupportEnable()</a>
               </td>
               <td nowrap="true">17:50:45</td>
               <td nowrap="true" align="right">43s
                  
               </td>
               <td nowrap="true">
                   
                  
               </td>
            </tr>
            <tr>
               <td colspan="4" class="detailsBox">
                  <div id="com.xirrus.xms.TS_Array_Services.TC_Services_Location_testCase_verifyLocationSupportEnable_byStatus_passed_PASS7_details"
                       class="testMethodDetails">
                     <div>
                        <b>Name: </b>testCase_verifyLocationSupportEnable
                     </div>
                     <div>
                        <b>Signature: </b>testCase_verifyLocationSupportEnable()
                     </div>
                     <div>
                        <b>Start time: </b>17:50:45
                     </div>
                     <div>
                        <b>End time: </b>17:51:28
                     </div>
                     <div>
                        <b>Duration: </b>43s
                        
                     </div>
                  </div>
               </td>
            </tr>
            <tr></tr>
            <tr id="com.xirrus.xms.TS_Array_Services.TC_Services_Location_testCase_verifyLocationURLEditValue_byStatus_passed_PASS8_row"
                class="testMethodStatusPASS">
               <td width="100%" class="firstMethodCell">
                  <a onclick="toggleDetailsVisibility('com.xirrus.xms.TS_Array_Services.TC_Services_Location_testCase_verifyLocationURLEditValue_byStatus_passed_PASS8_details')">testCase_verifyLocationURLEditValue()</a>
               </td>
               <td nowrap="true">17:51:28</td>
               <td nowrap="true" align="right">7s
                  
               </td>
               <td nowrap="true">
                   
                  
               </td>
            </tr>
            <tr>
               <td colspan="4" class="detailsBox">
                  <div id="com.xirrus.xms.TS_Array_Services.TC_Services_Location_testCase_verifyLocationURLEditValue_byStatus_passed_PASS8_details"
                       class="testMethodDetails">
                     <div>
                        <b>Name: </b>testCase_verifyLocationURLEditValue
                     </div>
                     <div>
                        <b>Signature: </b>testCase_verifyLocationURLEditValue()
                     </div>
                     <div>
                        <b>Start time: </b>17:51:28
                     </div>
                     <div>
                        <b>End time: </b>17:51:35
                     </div>
                     <div>
                        <b>Duration: </b>7s
                        
                     </div>
                  </div>
               </td>
            </tr>
            <tr></tr>
            <tr id="com.xirrus.xms.TS_Array_Services.TC_Services_Location_testCase_verifyLocationKeyEditValue_byStatus_passed_PASS9_row"
                class="testMethodStatusPASS">
               <td width="100%" class="firstMethodCell">
                  <a onclick="toggleDetailsVisibility('com.xirrus.xms.TS_Array_Services.TC_Services_Location_testCase_verifyLocationKeyEditValue_byStatus_passed_PASS9_details')">testCase_verifyLocationKeyEditValue()</a>
               </td>
               <td nowrap="true">17:51:35</td>
               <td nowrap="true" align="right">7s
                  
               </td>
               <td nowrap="true">
                   
                  
               </td>
            </tr>
            <tr>
               <td colspan="4" class="detailsBox">
                  <div id="com.xirrus.xms.TS_Array_Services.TC_Services_Location_testCase_verifyLocationKeyEditValue_byStatus_passed_PASS9_details"
                       class="testMethodDetails">
                     <div>
                        <b>Name: </b>testCase_verifyLocationKeyEditValue
                     </div>
                     <div>
                        <b>Signature: </b>testCase_verifyLocationKeyEditValue()
                     </div>
                     <div>
                        <b>Start time: </b>17:51:35
                     </div>
                     <div>
                        <b>End time: </b>17:51:42
                     </div>
                     <div>
                        <b>Duration: </b>7s
                        
                     </div>
                  </div>
               </td>
            </tr>
            <tr></tr>
            <tr id="com.xirrus.xms.TS_Array_Services.TC_Services_Location_testCase_verifyLocationPeriodEditValue_byStatus_passed_PASS10_row"
                class="testMethodStatusPASS">
               <td width="100%" class="firstMethodCell">
                  <a onclick="toggleDetailsVisibility('com.xirrus.xms.TS_Array_Services.TC_Services_Location_testCase_verifyLocationPeriodEditValue_byStatus_passed_PASS10_details')">testCase_verifyLocationPeriodEditValue()</a>
               </td>
               <td nowrap="true">17:51:42</td>
               <td nowrap="true" align="right">7s
                  
               </td>
               <td nowrap="true">
                   
                  
               </td>
            </tr>
            <tr>
               <td colspan="4" class="detailsBox">
                  <div id="com.xirrus.xms.TS_Array_Services.TC_Services_Location_testCase_verifyLocationPeriodEditValue_byStatus_passed_PASS10_details"
                       class="testMethodDetails">
                     <div>
                        <b>Name: </b>testCase_verifyLocationPeriodEditValue
                     </div>
                     <div>
                        <b>Signature: </b>testCase_verifyLocationPeriodEditValue()
                     </div>
                     <div>
                        <b>Start time: </b>17:51:42
                     </div>
                     <div>
                        <b>End time: </b>17:51:49
                     </div>
                     <div>
                        <b>Duration: </b>7s
                        
                     </div>
                  </div>
               </td>
            </tr>
            <tr></tr>
            <tr id="com.xirrus.xms.TS_Array_Services.TC_Services_Location_testCase_verifyLocationURLFieldValidation_byStatus_passed_PASS11_row"
                class="testMethodStatusPASS">
               <td width="100%" class="firstMethodCell">
                  <a onclick="toggleDetailsVisibility('com.xirrus.xms.TS_Array_Services.TC_Services_Location_testCase_verifyLocationURLFieldValidation_byStatus_passed_PASS11_details')">testCase_verifyLocationURLFieldValidation()</a>
               </td>
               <td nowrap="true">17:51:49</td>
               <td nowrap="true" align="right">46s
                  
               </td>
               <td nowrap="true">
                   
                  
               </td>
            </tr>
            <tr>
               <td colspan="4" class="detailsBox">
                  <div id="com.xirrus.xms.TS_Array_Services.TC_Services_Location_testCase_verifyLocationURLFieldValidation_byStatus_passed_PASS11_details"
                       class="testMethodDetails">
                     <div>
                        <b>Name: </b>testCase_verifyLocationURLFieldValidation
                     </div>
                     <div>
                        <b>Signature: </b>testCase_verifyLocationURLFieldValidation()
                     </div>
                     <div>
                        <b>Start time: </b>17:51:49
                     </div>
                     <div>
                        <b>End time: </b>17:52:35
                     </div>
                     <div>
                        <b>Duration: </b>46s
                        
                     </div>
                  </div>
               </td>
            </tr>
            <tr></tr>
            <tr id="com.xirrus.xms.TS_Array_Services.TC_Services_Location_testCase_verifyLocationSupportDisable_byStatus_passed_PASS12_row"
                class="testMethodStatusPASS">
               <td width="100%" class="firstMethodCell">
                  <a onclick="toggleDetailsVisibility('com.xirrus.xms.TS_Array_Services.TC_Services_Location_testCase_verifyLocationSupportDisable_byStatus_passed_PASS12_details')">testCase_verifyLocationSupportDisable()</a>
               </td>
               <td nowrap="true">17:56:06</td>
               <td nowrap="true" align="right">42s
                  
               </td>
               <td nowrap="true">
                   
                  
               </td>
            </tr>
            <tr>
               <td colspan="4" class="detailsBox">
                  <div id="com.xirrus.xms.TS_Array_Services.TC_Services_Location_testCase_verifyLocationSupportDisable_byStatus_passed_PASS12_details"
                       class="testMethodDetails">
                     <div>
                        <b>Name: </b>testCase_verifyLocationSupportDisable
                     </div>
                     <div>
                        <b>Signature: </b>testCase_verifyLocationSupportDisable()
                     </div>
                     <div>
                        <b>Start time: </b>17:56:06
                     </div>
                     <div>
                        <b>End time: </b>17:56:48
                     </div>
                     <div>
                        <b>Duration: </b>42s
                        
                     </div>
                  </div>
               </td>
            </tr>
            <tr></tr>
            <tr id="com.xirrus.xms.TS_Array_Services.TC_Services_Location_testCompleted_byStatus_passed_PASS13_row"
                class="testMethodStatusPASS testMethodStatusCONF">
               <td width="100%" class="firstMethodCell">
                  <a onclick="toggleDetailsVisibility('com.xirrus.xms.TS_Array_Services.TC_Services_Location_testCompleted_byStatus_passed_PASS13_details')">testCompleted()</a>
               </td>
               <td nowrap="true">17:56:48</td>
               <td nowrap="true" align="right">0 ms
                  
               </td>
               <td nowrap="true">
                   
                  
               </td>
            </tr>
            <tr>
               <td colspan="4" class="detailsBox">
                  <div id="com.xirrus.xms.TS_Array_Services.TC_Services_Location_testCompleted_byStatus_passed_PASS13_details"
                       class="testMethodDetails">
                     <div>
                        <b>Name: </b>testCompleted
                     </div>
                     <div>
                        <b>Signature: </b>testCompleted()
                     </div>
                     <div>
                        <b>Start time: </b>17:56:48
                     </div>
                     <div>
                        <b>End time: </b>17:56:48
                     </div>
                     <div>
                        <b>Duration: </b>0 ms
                        
                     </div>
                  </div>
               </td>
            </tr>
            <tr></tr>
         </table>
      </div>
      <div id="testMethodsByClass" style="display: none;">
         <table class="testMethodsTable" cellpadding="0" cellspacing="0">
            <tr>
               <td colspan="4">
                  <h3 style="display: inline;">com.xirrus.xms.TS_Array_Services.TC_Services_Location</h3>
               </td>
            </tr>
            <tr class="methodsTableHeader">
               <td width="100%">Name</td>
               <td nowrap="true">Started</td>
               <td nowrap="true">Duration</td>
               <td>Exception</td>
            </tr>
            <tr id="com.xirrus.xms.TS_Array_Services.TC_Services_Location_checkSuiteSkip_byClass_PASS1_row"
                class="testMethodStatusPASS testMethodStatusCONF">
               <td width="100%" class="firstMethodCell">
                  <a onclick="toggleDetailsVisibility('com.xirrus.xms.TS_Array_Services.TC_Services_Location_checkSuiteSkip_byClass_PASS1_details')">checkSuiteSkip()</a>
               </td>
               <td nowrap="true">17:38:03</td>
               <td nowrap="true" align="right">13s
                  
               </td>
               <td nowrap="true">
                   
                  
               </td>
            </tr>
            <tr>
               <td colspan="4" class="detailsBox">
                  <div id="com.xirrus.xms.TS_Array_Services.TC_Services_Location_checkSuiteSkip_byClass_PASS1_details"
                       class="testMethodDetails">
                     <div>
                        <b>Name: </b>checkSuiteSkip
                     </div>
                     <div>
                        <b>Signature: </b>checkSuiteSkip()
                     </div>
                     <div>
                        <b>Start time: </b>17:38:03
                     </div>
                     <div>
                        <b>End time: </b>17:38:16
                     </div>
                     <div>
                        <b>Duration: </b>13s
                        
                     </div>
                  </div>
               </td>
            </tr>
            <tr></tr>
            <tr id="com.xirrus.xms.TS_Array_Services.TC_Services_Location_checkTestSkip_byClass_PASS2_row"
                class="testMethodStatusPASS testMethodStatusCONF">
               <td width="100%" class="firstMethodCell">
                  <a onclick="toggleDetailsVisibility('com.xirrus.xms.TS_Array_Services.TC_Services_Location_checkTestSkip_byClass_PASS2_details')">checkTestSkip()</a>
               </td>
               <td nowrap="true">17:50:16</td>
               <td nowrap="true" align="right">0 ms
                  
               </td>
               <td nowrap="true">
                   
                  
               </td>
            </tr>
            <tr>
               <td colspan="4" class="detailsBox">
                  <div id="com.xirrus.xms.TS_Array_Services.TC_Services_Location_checkTestSkip_byClass_PASS2_details"
                       class="testMethodDetails">
                     <div>
                        <b>Name: </b>checkTestSkip
                     </div>
                     <div>
                        <b>Signature: </b>checkTestSkip()
                     </div>
                     <div>
                        <b>Start time: </b>17:50:16
                     </div>
                     <div>
                        <b>End time: </b>17:50:16
                     </div>
                     <div>
                        <b>Duration: </b>0 ms
                        
                     </div>
                  </div>
               </td>
            </tr>
            <tr></tr>
            <tr id="com.xirrus.xms.TS_Array_Services.TC_Services_Location_testCase_verifyNetflowDefaultVersion_byClass_PASS3_row"
                class="testMethodStatusPASS">
               <td width="100%" class="firstMethodCell">
                  <a onclick="toggleDetailsVisibility('com.xirrus.xms.TS_Array_Services.TC_Services_Location_testCase_verifyNetflowDefaultVersion_byClass_PASS3_details')">testCase_verifyNetflowDefaultVersion()</a>
               </td>
               <td nowrap="true">17:50:16</td>
               <td nowrap="true" align="right">7s
                  
               </td>
               <td nowrap="true">
                   
                  
               </td>
            </tr>
            <tr>
               <td colspan="4" class="detailsBox">
                  <div id="com.xirrus.xms.TS_Array_Services.TC_Services_Location_testCase_verifyNetflowDefaultVersion_byClass_PASS3_details"
                       class="testMethodDetails">
                     <div>
                        <b>Name: </b>testCase_verifyNetflowDefaultVersion
                     </div>
                     <div>
                        <b>Signature: </b>testCase_verifyNetflowDefaultVersion()
                     </div>
                     <div>
                        <b>Start time: </b>17:50:16
                     </div>
                     <div>
                        <b>End time: </b>17:50:24
                     </div>
                     <div>
                        <b>Duration: </b>7s
                        
                     </div>
                  </div>
               </td>
            </tr>
            <tr></tr>
            <tr id="com.xirrus.xms.TS_Array_Services.TC_Services_Location_testCase_verifyLocationURLDefaultValue_byClass_PASS4_row"
                class="testMethodStatusPASS">
               <td width="100%" class="firstMethodCell">
                  <a onclick="toggleDetailsVisibility('com.xirrus.xms.TS_Array_Services.TC_Services_Location_testCase_verifyLocationURLDefaultValue_byClass_PASS4_details')">testCase_verifyLocationURLDefaultValue()</a>
               </td>
               <td nowrap="true">17:50:24</td>
               <td nowrap="true" align="right">7s
                  
               </td>
               <td nowrap="true">
                   
                  
               </td>
            </tr>
            <tr>
               <td colspan="4" class="detailsBox">
                  <div id="com.xirrus.xms.TS_Array_Services.TC_Services_Location_testCase_verifyLocationURLDefaultValue_byClass_PASS4_details"
                       class="testMethodDetails">
                     <div>
                        <b>Name: </b>testCase_verifyLocationURLDefaultValue
                     </div>
                     <div>
                        <b>Signature: </b>testCase_verifyLocationURLDefaultValue()
                     </div>
                     <div>
                        <b>Start time: </b>17:50:24
                     </div>
                     <div>
                        <b>End time: </b>17:50:31
                     </div>
                     <div>
                        <b>Duration: </b>7s
                        
                     </div>
                  </div>
               </td>
            </tr>
            <tr></tr>
            <tr id="com.xirrus.xms.TS_Array_Services.TC_Services_Location_testCase_verifyLocationKeyDefaultValue_byClass_PASS5_row"
                class="testMethodStatusPASS">
               <td width="100%" class="firstMethodCell">
                  <a onclick="toggleDetailsVisibility('com.xirrus.xms.TS_Array_Services.TC_Services_Location_testCase_verifyLocationKeyDefaultValue_byClass_PASS5_details')">testCase_verifyLocationKeyDefaultValue()</a>
               </td>
               <td nowrap="true">17:50:31</td>
               <td nowrap="true" align="right">7s
                  
               </td>
               <td nowrap="true">
                   
                  
               </td>
            </tr>
            <tr>
               <td colspan="4" class="detailsBox">
                  <div id="com.xirrus.xms.TS_Array_Services.TC_Services_Location_testCase_verifyLocationKeyDefaultValue_byClass_PASS5_details"
                       class="testMethodDetails">
                     <div>
                        <b>Name: </b>testCase_verifyLocationKeyDefaultValue
                     </div>
                     <div>
                        <b>Signature: </b>testCase_verifyLocationKeyDefaultValue()
                     </div>
                     <div>
                        <b>Start time: </b>17:50:31
                     </div>
                     <div>
                        <b>End time: </b>17:50:38
                     </div>
                     <div>
                        <b>Duration: </b>7s
                        
                     </div>
                  </div>
               </td>
            </tr>
            <tr></tr>
            <tr id="com.xirrus.xms.TS_Array_Services.TC_Services_Location_testCase_verifyLocationPeriodDefaultValue_byClass_PASS6_row"
                class="testMethodStatusPASS">
               <td width="100%" class="firstMethodCell">
                  <a onclick="toggleDetailsVisibility('com.xirrus.xms.TS_Array_Services.TC_Services_Location_testCase_verifyLocationPeriodDefaultValue_byClass_PASS6_details')">testCase_verifyLocationPeriodDefaultValue()</a>
               </td>
               <td nowrap="true">17:50:38</td>
               <td nowrap="true" align="right">7s
                  
               </td>
               <td nowrap="true">
                   
                  
               </td>
            </tr>
            <tr>
               <td colspan="4" class="detailsBox">
                  <div id="com.xirrus.xms.TS_Array_Services.TC_Services_Location_testCase_verifyLocationPeriodDefaultValue_byClass_PASS6_details"
                       class="testMethodDetails">
                     <div>
                        <b>Name: </b>testCase_verifyLocationPeriodDefaultValue
                     </div>
                     <div>
                        <b>Signature: </b>testCase_verifyLocationPeriodDefaultValue()
                     </div>
                     <div>
                        <b>Start time: </b>17:50:38
                     </div>
                     <div>
                        <b>End time: </b>17:50:45
                     </div>
                     <div>
                        <b>Duration: </b>7s
                        
                     </div>
                  </div>
               </td>
            </tr>
            <tr></tr>
            <tr id="com.xirrus.xms.TS_Array_Services.TC_Services_Location_testCase_verifyLocationSupportEnable_byClass_PASS7_row"
                class="testMethodStatusPASS">
               <td width="100%" class="firstMethodCell">
                  <a onclick="toggleDetailsVisibility('com.xirrus.xms.TS_Array_Services.TC_Services_Location_testCase_verifyLocationSupportEnable_byClass_PASS7_details')">testCase_verifyLocationSupportEnable()</a>
               </td>
               <td nowrap="true">17:50:45</td>
               <td nowrap="true" align="right">43s
                  
               </td>
               <td nowrap="true">
                   
                  
               </td>
            </tr>
            <tr>
               <td colspan="4" class="detailsBox">
                  <div id="com.xirrus.xms.TS_Array_Services.TC_Services_Location_testCase_verifyLocationSupportEnable_byClass_PASS7_details"
                       class="testMethodDetails">
                     <div>
                        <b>Name: </b>testCase_verifyLocationSupportEnable
                     </div>
                     <div>
                        <b>Signature: </b>testCase_verifyLocationSupportEnable()
                     </div>
                     <div>
                        <b>Start time: </b>17:50:45
                     </div>
                     <div>
                        <b>End time: </b>17:51:28
                     </div>
                     <div>
                        <b>Duration: </b>43s
                        
                     </div>
                  </div>
               </td>
            </tr>
            <tr></tr>
            <tr id="com.xirrus.xms.TS_Array_Services.TC_Services_Location_testCase_verifyLocationURLEditValue_byClass_PASS8_row"
                class="testMethodStatusPASS">
               <td width="100%" class="firstMethodCell">
                  <a onclick="toggleDetailsVisibility('com.xirrus.xms.TS_Array_Services.TC_Services_Location_testCase_verifyLocationURLEditValue_byClass_PASS8_details')">testCase_verifyLocationURLEditValue()</a>
               </td>
               <td nowrap="true">17:51:28</td>
               <td nowrap="true" align="right">7s
                  
               </td>
               <td nowrap="true">
                   
                  
               </td>
            </tr>
            <tr>
               <td colspan="4" class="detailsBox">
                  <div id="com.xirrus.xms.TS_Array_Services.TC_Services_Location_testCase_verifyLocationURLEditValue_byClass_PASS8_details"
                       class="testMethodDetails">
                     <div>
                        <b>Name: </b>testCase_verifyLocationURLEditValue
                     </div>
                     <div>
                        <b>Signature: </b>testCase_verifyLocationURLEditValue()
                     </div>
                     <div>
                        <b>Start time: </b>17:51:28
                     </div>
                     <div>
                        <b>End time: </b>17:51:35
                     </div>
                     <div>
                        <b>Duration: </b>7s
                        
                     </div>
                  </div>
               </td>
            </tr>
            <tr></tr>
            <tr id="com.xirrus.xms.TS_Array_Services.TC_Services_Location_testCase_verifyLocationKeyEditValue_byClass_PASS9_row"
                class="testMethodStatusPASS">
               <td width="100%" class="firstMethodCell">
                  <a onclick="toggleDetailsVisibility('com.xirrus.xms.TS_Array_Services.TC_Services_Location_testCase_verifyLocationKeyEditValue_byClass_PASS9_details')">testCase_verifyLocationKeyEditValue()</a>
               </td>
               <td nowrap="true">17:51:35</td>
               <td nowrap="true" align="right">7s
                  
               </td>
               <td nowrap="true">
                   
                  
               </td>
            </tr>
            <tr>
               <td colspan="4" class="detailsBox">
                  <div id="com.xirrus.xms.TS_Array_Services.TC_Services_Location_testCase_verifyLocationKeyEditValue_byClass_PASS9_details"
                       class="testMethodDetails">
                     <div>
                        <b>Name: </b>testCase_verifyLocationKeyEditValue
                     </div>
                     <div>
                        <b>Signature: </b>testCase_verifyLocationKeyEditValue()
                     </div>
                     <div>
                        <b>Start time: </b>17:51:35
                     </div>
                     <div>
                        <b>End time: </b>17:51:42
                     </div>
                     <div>
                        <b>Duration: </b>7s
                        
                     </div>
                  </div>
               </td>
            </tr>
            <tr></tr>
            <tr id="com.xirrus.xms.TS_Array_Services.TC_Services_Location_testCase_verifyLocationPeriodEditValue_byClass_PASS10_row"
                class="testMethodStatusPASS">
               <td width="100%" class="firstMethodCell">
                  <a onclick="toggleDetailsVisibility('com.xirrus.xms.TS_Array_Services.TC_Services_Location_testCase_verifyLocationPeriodEditValue_byClass_PASS10_details')">testCase_verifyLocationPeriodEditValue()</a>
               </td>
               <td nowrap="true">17:51:42</td>
               <td nowrap="true" align="right">7s
                  
               </td>
               <td nowrap="true">
                   
                  
               </td>
            </tr>
            <tr>
               <td colspan="4" class="detailsBox">
                  <div id="com.xirrus.xms.TS_Array_Services.TC_Services_Location_testCase_verifyLocationPeriodEditValue_byClass_PASS10_details"
                       class="testMethodDetails">
                     <div>
                        <b>Name: </b>testCase_verifyLocationPeriodEditValue
                     </div>
                     <div>
                        <b>Signature: </b>testCase_verifyLocationPeriodEditValue()
                     </div>
                     <div>
                        <b>Start time: </b>17:51:42
                     </div>
                     <div>
                        <b>End time: </b>17:51:49
                     </div>
                     <div>
                        <b>Duration: </b>7s
                        
                     </div>
                  </div>
               </td>
            </tr>
            <tr></tr>
            <tr id="com.xirrus.xms.TS_Array_Services.TC_Services_Location_testCase_verifyLocationURLFieldValidation_byClass_PASS11_row"
                class="testMethodStatusPASS">
               <td width="100%" class="firstMethodCell">
                  <a onclick="toggleDetailsVisibility('com.xirrus.xms.TS_Array_Services.TC_Services_Location_testCase_verifyLocationURLFieldValidation_byClass_PASS11_details')">testCase_verifyLocationURLFieldValidation()</a>
               </td>
               <td nowrap="true">17:51:49</td>
               <td nowrap="true" align="right">46s
                  
               </td>
               <td nowrap="true">
                   
                  
               </td>
            </tr>
            <tr>
               <td colspan="4" class="detailsBox">
                  <div id="com.xirrus.xms.TS_Array_Services.TC_Services_Location_testCase_verifyLocationURLFieldValidation_byClass_PASS11_details"
                       class="testMethodDetails">
                     <div>
                        <b>Name: </b>testCase_verifyLocationURLFieldValidation
                     </div>
                     <div>
                        <b>Signature: </b>testCase_verifyLocationURLFieldValidation()
                     </div>
                     <div>
                        <b>Start time: </b>17:51:49
                     </div>
                     <div>
                        <b>End time: </b>17:52:35
                     </div>
                     <div>
                        <b>Duration: </b>46s
                        
                     </div>
                  </div>
               </td>
            </tr>
            <tr></tr>
            <tr id="com.xirrus.xms.TS_Array_Services.TC_Services_Location_testCase_verifyLocationKeyFieldValidation_byClass_FAIL12_row"
                class="testMethodStatusFAIL">
               <td width="100%" class="firstMethodCell">
                  <a onclick="toggleDetailsVisibility('com.xirrus.xms.TS_Array_Services.TC_Services_Location_testCase_verifyLocationKeyFieldValidation_byClass_FAIL12_details')">testCase_verifyLocationKeyFieldValidation()</a>
               </td>
               <td nowrap="true">17:52:35</td>
               <td nowrap="true" align="right">2m
                  45s
                  
               </td>
               <td nowrap="true">
                  <a onclick="toggleDetailsVisibility('com.xirrus.xms.TS_Array_Services.TC_Services_Location_testCase_verifyLocationKeyFieldValidation_byClass_FAIL12_exception')">java.lang.AssertionError: 
                     FAIL- Verification Failed!!!LocationKeyLengthWarning-TC_Services_Location-testCase_verifyLocationKeyFieldValidation
                     
                  </a>
                   
                  
               </td>
            </tr>
            <tr>
               <td colspan="4" class="detailsBox">
                  <div id="com.xirrus.xms.TS_Array_Services.TC_Services_Location_testCase_verifyLocationKeyFieldValidation_byClass_FAIL12_details"
                       class="testMethodDetails">
                     <div>
                        <b>Name: </b>testCase_verifyLocationKeyFieldValidation
                     </div>
                     <div>
                        <b>Signature: </b>testCase_verifyLocationKeyFieldValidation()
                     </div>
                     <div>
                        <b>Start time: </b>17:52:35
                     </div>
                     <div>
                        <b>End time: </b>17:54:20
                     </div>
                     <div>
                        <b>Duration: </b>2m
                        45s
                        
                     </div>
                  </div>
               </td>
            </tr>
            <tr>
               <td colspan="4" class="detailsBox">
                  <div id="com.xirrus.xms.TS_Array_Services.TC_Services_Location_testCase_verifyLocationKeyFieldValidation_byClass_FAIL12_exception"
                       class="testMethodDetails">
                     <pre style="padding: 5px; margin: 0;">java.lang.AssertionError: FAIL- Verification Failed!!!LocationKeyLengthWarning-TC_Services_Location-testCase_verifyLocationKeyFieldValidation
                        	at org.testng.Assert.fail(Assert.java:89)
                        	at com.xirrus.xms.locallib.LocalLib.verifyStringequals(LocalLib.java:127)
                        	at com.xirrus.xms.TS_Array_Services.TC_Services_Location.testCase_verifyLocationKeyFieldValidation(TC_Services_Location.java:709)
                        	at sun.reflect.NativeMethodAccessorImpl.invoke0(Native Method)
                        	at sun.reflect.NativeMethodAccessorImpl.invoke(NativeMethodAccessorImpl.java:57)
                        	at sun.reflect.DelegatingMethodAccessorImpl.invoke(DelegatingMethodAccessorImpl.java:43)
                        	at java.lang.reflect.Method.invoke(Method.java:606)
                        	at org.testng.internal.MethodInvocationHelper.invokeMethod(MethodInvocationHelper.java:74)
                        	at org.testng.internal.Invoker.invokeMethod(Invoker.java:673)
                        	at org.testng.internal.Invoker.invokeTestMethod(Invoker.java:846)
                        	at org.testng.internal.Invoker.invokeTestMethods(Invoker.java:1170)
                        	at org.testng.internal.TestMethodWorker.invokeTestMethods(TestMethodWorker.java:125)
                        	at org.testng.internal.TestMethodWorker.run(TestMethodWorker.java:109)
                        	at org.testng.TestRunner.runWorkers(TestRunner.java:1125)
                        	at org.testng.TestRunner.privateRun(TestRunner.java:749)
                        	at org.testng.TestRunner.run(TestRunner.java:600)
                        	at org.testng.SuiteRunner.runTest(SuiteRunner.java:317)
                        	at org.testng.SuiteRunner.runSequentially(SuiteRunner.java:312)
                        	at org.testng.SuiteRunner.privateRun(SuiteRunner.java:274)
                        	at org.testng.SuiteRunner.run(SuiteRunner.java:223)
                        	at org.testng.SuiteRunnerWorker.runSuite(SuiteRunnerWorker.java:52)
                        	at org.testng.SuiteRunnerWorker.run(SuiteRunnerWorker.java:86)
                        	at org.testng.TestNG.runSuitesSequentially(TestNG.java:965)
                        	at org.testng.TestNG.runSuitesSequentially(TestNG.java:961)
                        	at org.testng.TestNG.runSuitesLocally(TestNG.java:890)
                        	at org.testng.TestNG.run(TestNG.java:824)
                        	at org.testng.TestNG.privateMain(TestNG.java:1128)
                        	at org.testng.TestNG.main(TestNG.java:1092)
                     </pre>
                  </div>
               </td>
            </tr>
            <tr id="com.xirrus.xms.TS_Array_Services.TC_Services_Location_testCase_verifyLocationPeriodFieldValidation_byClass_FAIL13_row"
                class="testMethodStatusFAIL">
               <td width="100%" class="firstMethodCell">
                  <a onclick="toggleDetailsVisibility('com.xirrus.xms.TS_Array_Services.TC_Services_Location_testCase_verifyLocationPeriodFieldValidation_byClass_FAIL13_details')">testCase_verifyLocationPeriodFieldValidation()</a>
               </td>
               <td nowrap="true">17:54:20</td>
               <td nowrap="true" align="right">2m
                  45s
                  
               </td>
               <td nowrap="true">
                  <a onclick="toggleDetailsVisibility('com.xirrus.xms.TS_Array_Services.TC_Services_Location_testCase_verifyLocationPeriodFieldValidation_byClass_FAIL13_exception')">java.lang.AssertionError: 
                     FAIL- Verification Failed!!!LocationPeriodLimitWarning-TC_Services_Location-testCase_verifyLocationPeriodFieldValidation
                     
                  </a>
                   
                  
               </td>
            </tr>
            <tr>
               <td colspan="4" class="detailsBox">
                  <div id="com.xirrus.xms.TS_Array_Services.TC_Services_Location_testCase_verifyLocationPeriodFieldValidation_byClass_FAIL13_details"
                       class="testMethodDetails">
                     <div>
                        <b>Name: </b>testCase_verifyLocationPeriodFieldValidation
                     </div>
                     <div>
                        <b>Signature: </b>testCase_verifyLocationPeriodFieldValidation()
                     </div>
                     <div>
                        <b>Start time: </b>17:54:20
                     </div>
                     <div>
                        <b>End time: </b>17:56:06
                     </div>
                     <div>
                        <b>Duration: </b>2m
                        45s
                        
                     </div>
                  </div>
               </td>
            </tr>
            <tr>
               <td colspan="4" class="detailsBox">
                  <div id="com.xirrus.xms.TS_Array_Services.TC_Services_Location_testCase_verifyLocationPeriodFieldValidation_byClass_FAIL13_exception"
                       class="testMethodDetails">
                     <pre style="padding: 5px; margin: 0;">java.lang.AssertionError: FAIL- Verification Failed!!!LocationPeriodLimitWarning-TC_Services_Location-testCase_verifyLocationPeriodFieldValidation
                        	at org.testng.Assert.fail(Assert.java:89)
                        	at com.xirrus.xms.locallib.LocalLib.verifyStringequals(LocalLib.java:127)
                        	at com.xirrus.xms.TS_Array_Services.TC_Services_Location.testCase_verifyLocationPeriodFieldValidation(TC_Services_Location.java:767)
                        	at sun.reflect.NativeMethodAccessorImpl.invoke0(Native Method)
                        	at sun.reflect.NativeMethodAccessorImpl.invoke(NativeMethodAccessorImpl.java:57)
                        	at sun.reflect.DelegatingMethodAccessorImpl.invoke(DelegatingMethodAccessorImpl.java:43)
                        	at java.lang.reflect.Method.invoke(Method.java:606)
                        	at org.testng.internal.MethodInvocationHelper.invokeMethod(MethodInvocationHelper.java:74)
                        	at org.testng.internal.Invoker.invokeMethod(Invoker.java:673)
                        	at org.testng.internal.Invoker.invokeTestMethod(Invoker.java:846)
                        	at org.testng.internal.Invoker.invokeTestMethods(Invoker.java:1170)
                        	at org.testng.internal.TestMethodWorker.invokeTestMethods(TestMethodWorker.java:125)
                        	at org.testng.internal.TestMethodWorker.run(TestMethodWorker.java:109)
                        	at org.testng.TestRunner.runWorkers(TestRunner.java:1125)
                        	at org.testng.TestRunner.privateRun(TestRunner.java:749)
                        	at org.testng.TestRunner.run(TestRunner.java:600)
                        	at org.testng.SuiteRunner.runTest(SuiteRunner.java:317)
                        	at org.testng.SuiteRunner.runSequentially(SuiteRunner.java:312)
                        	at org.testng.SuiteRunner.privateRun(SuiteRunner.java:274)
                        	at org.testng.SuiteRunner.run(SuiteRunner.java:223)
                        	at org.testng.SuiteRunnerWorker.runSuite(SuiteRunnerWorker.java:52)
                        	at org.testng.SuiteRunnerWorker.run(SuiteRunnerWorker.java:86)
                        	at org.testng.TestNG.runSuitesSequentially(TestNG.java:965)
                        	at org.testng.TestNG.runSuitesSequentially(TestNG.java:961)
                        	at org.testng.TestNG.runSuitesLocally(TestNG.java:890)
                        	at org.testng.TestNG.run(TestNG.java:824)
                        	at org.testng.TestNG.privateMain(TestNG.java:1128)
                        	at org.testng.TestNG.main(TestNG.java:1092)
                     </pre>
                  </div>
               </td>
            </tr>
            <tr id="com.xirrus.xms.TS_Array_Services.TC_Services_Location_testCase_verifyLocationSupportDisable_byClass_PASS14_row"
                class="testMethodStatusPASS">
               <td width="100%" class="firstMethodCell">
                  <a onclick="toggleDetailsVisibility('com.xirrus.xms.TS_Array_Services.TC_Services_Location_testCase_verifyLocationSupportDisable_byClass_PASS14_details')">testCase_verifyLocationSupportDisable()</a>
               </td>
               <td nowrap="true">17:56:06</td>
               <td nowrap="true" align="right">42s
                  
               </td>
               <td nowrap="true">
                   
                  
               </td>
            </tr>
            <tr>
               <td colspan="4" class="detailsBox">
                  <div id="com.xirrus.xms.TS_Array_Services.TC_Services_Location_testCase_verifyLocationSupportDisable_byClass_PASS14_details"
                       class="testMethodDetails">
                     <div>
                        <b>Name: </b>testCase_verifyLocationSupportDisable
                     </div>
                     <div>
                        <b>Signature: </b>testCase_verifyLocationSupportDisable()
                     </div>
                     <div>
                        <b>Start time: </b>17:56:06
                     </div>
                     <div>
                        <b>End time: </b>17:56:48
                     </div>
                     <div>
                        <b>Duration: </b>42s
                        
                     </div>
                  </div>
               </td>
            </tr>
            <tr></tr>
            <tr id="com.xirrus.xms.TS_Array_Services.TC_Services_Location_testCompleted_byClass_PASS15_row"
                class="testMethodStatusPASS testMethodStatusCONF">
               <td width="100%" class="firstMethodCell">
                  <a onclick="toggleDetailsVisibility('com.xirrus.xms.TS_Array_Services.TC_Services_Location_testCompleted_byClass_PASS15_details')">testCompleted()</a>
               </td>
               <td nowrap="true">17:56:48</td>
               <td nowrap="true" align="right">0 ms
                  
               </td>
               <td nowrap="true">
                   
                  
               </td>
            </tr>
            <tr>
               <td colspan="4" class="detailsBox">
                  <div id="com.xirrus.xms.TS_Array_Services.TC_Services_Location_testCompleted_byClass_PASS15_details"
                       class="testMethodDetails">
                     <div>
                        <b>Name: </b>testCompleted
                     </div>
                     <div>
                        <b>Signature: </b>testCompleted()
                     </div>
                     <div>
                        <b>Start time: </b>17:56:48
                     </div>
                     <div>
                        <b>End time: </b>17:56:48
                     </div>
                     <div>
                        <b>Duration: </b>0 ms
                        
                     </div>
                  </div>
               </td>
            </tr>
            <tr></tr>
            <tr id="com.xirrus.xms.TS_Array_Services.TC_Services_Location_cleanup_byClass_FAIL16_row"
                class="testMethodStatusFAIL testMethodStatusCONF">
               <td width="100%" class="firstMethodCell">
                  <a onclick="toggleDetailsVisibility('com.xirrus.xms.TS_Array_Services.TC_Services_Location_cleanup_byClass_FAIL16_details')">cleanup()</a>
               </td>
               <td nowrap="true">17:56:48</td>
               <td nowrap="true" align="right">0 ms
                  
               </td>
               <td nowrap="true">
                  <a onclick="toggleDetailsVisibility('com.xirrus.xms.TS_Array_Services.TC_Services_Location_cleanup_byClass_FAIL16_exception')">org.openqa.selenium.remote.UnreachableBrowserException: 
                     Error communicating with the remote browser. It may have died.
                     Build info: version: '2.40.0', revision: 'fbe29a9', time: '2014-02-19 20:55:11'
                     System info: host: 'ANasser-8470p', ip: '10.100.23.24', os.name: 'Windows 7', os.arch: 'amd64', os.version: '6.1', java.version:
                     '1.7.0_60'
                     Driver info: driver.version: RemoteWebDriver
                     
                  </a>
                   
                  
               </td>
            </tr>
            <tr>
               <td colspan="4" class="detailsBox">
                  <div id="com.xirrus.xms.TS_Array_Services.TC_Services_Location_cleanup_byClass_FAIL16_details"
                       class="testMethodDetails">
                     <div>
                        <b>Name: </b>cleanup
                     </div>
                     <div>
                        <b>Signature: </b>cleanup()
                     </div>
                     <div>
                        <b>Start time: </b>17:56:48
                     </div>
                     <div>
                        <b>End time: </b>17:56:48
                     </div>
                     <div>
                        <b>Duration: </b>0 ms
                        
                     </div>
                  </div>
               </td>
            </tr>
            <tr>
               <td colspan="4" class="detailsBox">
                  <div id="com.xirrus.xms.TS_Array_Services.TC_Services_Location_cleanup_byClass_FAIL16_exception"
                       class="testMethodDetails">
                     <pre style="padding: 5px; margin: 0;">org.openqa.selenium.remote.UnreachableBrowserException: Error communicating with the remote browser. It may have died.
                        Build info: version: '2.40.0', revision: 'fbe29a9', time: '2014-02-19 20:55:11'
                        System info: host: 'ANasser-8470p', ip: '10.100.23.24', os.name: 'Windows 7', os.arch: 'amd64', os.version: '6.1', java.version:
                        '1.7.0_60'
                        Driver info: driver.version: RemoteWebDriver
                        	at org.openqa.selenium.remote.RemoteWebDriver.execute(RemoteWebDriver.java:567)
                        	at org.openqa.selenium.remote.RemoteWebDriver.execute(RemoteWebDriver.java:588)
                        	at org.openqa.selenium.remote.RemoteWebDriver.close(RemoteWebDriver.java:437)
                        	at com.xirrus.xms.base.TestBase.closeBroweser(TestBase.java:153)
                        	at com.xirrus.xms.TS_Array_Services.TestSuiteBase.cleanup(TestSuiteBase.java:59)
                        	at sun.reflect.NativeMethodAccessorImpl.invoke0(Native Method)
                        	at sun.reflect.NativeMethodAccessorImpl.invoke(NativeMethodAccessorImpl.java:57)
                        	at sun.reflect.DelegatingMethodAccessorImpl.invoke(DelegatingMethodAccessorImpl.java:43)
                        	at java.lang.reflect.Method.invoke(Method.java:606)
                        	at org.testng.internal.MethodInvocationHelper.invokeMethod(MethodInvocationHelper.java:74)
                        	at org.testng.internal.Invoker.invokeConfigurationMethod(Invoker.java:525)
                        	at org.testng.internal.Invoker.invokeConfigurations(Invoker.java:202)
                        	at org.testng.internal.Invoker.invokeConfigurations(Invoker.java:130)
                        	at org.testng.SuiteRunner.privateRun(SuiteRunner.java:291)
                        	at org.testng.SuiteRunner.run(SuiteRunner.java:223)
                        	at org.testng.SuiteRunnerWorker.runSuite(SuiteRunnerWorker.java:52)
                        	at org.testng.SuiteRunnerWorker.run(SuiteRunnerWorker.java:86)
                        	at org.testng.TestNG.runSuitesSequentially(TestNG.java:965)
                        	at org.testng.TestNG.runSuitesSequentially(TestNG.java:961)
                        	at org.testng.TestNG.runSuitesLocally(TestNG.java:890)
                        	at org.testng.TestNG.run(TestNG.java:824)
                        	at org.testng.TestNG.privateMain(TestNG.java:1128)
                        	at org.testng.TestNG.main(TestNG.java:1092)
                        Caused by: org.openqa.selenium.WebDriverException: java.net.SocketTimeoutException: Read timed out
                        Build info: version: '2.40.0', revision: 'fbe29a9', time: '2014-02-19 20:55:11'
                        System info: host: 'ANasser-8470p', ip: '10.100.23.24', os.name: 'Windows 7', os.arch: 'amd64', os.version: '6.1', java.version:
                        '1.7.0_60'
                        Driver info: driver.version: RemoteWebDriver
                        	at org.openqa.selenium.remote.service.DriverCommandExecutor.execute(DriverCommandExecutor.java:75)
                        	at org.openqa.selenium.remote.RemoteWebDriver.execute(RemoteWebDriver.java:546)
                        	... 22 more
                        Caused by: java.net.SocketTimeoutException: Read timed out
                        	at java.net.SocketInputStream.socketRead0(Native Method)
                        	at java.net.SocketInputStream.read(SocketInputStream.java:152)
                        	at java.net.SocketInputStream.read(SocketInputStream.java:122)
                        	at org.apache.http.impl.io.AbstractSessionInputBuffer.fillBuffer(AbstractSessionInputBuffer.java:160)
                        	at org.apache.http.impl.io.SocketInputBuffer.fillBuffer(SocketInputBuffer.java:84)
                        	at org.apache.http.impl.io.AbstractSessionInputBuffer.readLine(AbstractSessionInputBuffer.java:273)
                        	at org.apache.http.impl.conn.LoggingSessionInputBuffer.readLine(LoggingSessionInputBuffer.java:116)
                        	at org.apache.http.impl.conn.DefaultHttpResponseParser.parseHead(DefaultHttpResponseParser.java:140)
                        	at org.apache.http.impl.conn.DefaultHttpResponseParser.parseHead(DefaultHttpResponseParser.java:57)
                        	at org.apache.http.impl.io.AbstractMessageParser.parse(AbstractMessageParser.java:260)
                        	at org.apache.http.impl.AbstractHttpClientConnection.receiveResponseHeader(AbstractHttpClientConnection.java:283)
                        	at org.apache.http.impl.conn.DefaultClientConnection.receiveResponseHeader(DefaultClientConnection.java:251)
                        	at org.apache.http.impl.conn.AbstractClientConnAdapter.receiveResponseHeader(AbstractClientConnAdapter.java:223)
                        	at org.apache.http.protocol.HttpRequestExecutor.doReceiveResponse(HttpRequestExecutor.java:271)
                        	at org.apache.http.protocol.HttpRequestExecutor.execute(HttpRequestExecutor.java:123)
                        	at org.apache.http.impl.client.DefaultRequestDirector.tryExecute(DefaultRequestDirector.java:682)
                        	at org.apache.http.impl.client.DefaultRequestDirector.execute(DefaultRequestDirector.java:486)
                        	at org.apache.http.impl.client.AbstractHttpClient.doExecute(AbstractHttpClient.java:863)
                        	at org.apache.http.impl.client.CloseableHttpClient.execute(CloseableHttpClient.java:72)
                        	at org.apache.http.impl.client.CloseableHttpClient.execute(CloseableHttpClient.java:57)
                        	at org.openqa.selenium.remote.HttpCommandExecutor.fallBackExecute(HttpCommandExecutor.java:319)
                        	at org.openqa.selenium.remote.HttpCommandExecutor.execute(HttpCommandExecutor.java:298)
                        	at org.openqa.selenium.remote.service.DriverCommandExecutor.execute(DriverCommandExecutor.java:66)
                        	... 23 more
                     </pre>
                  </div>
               </td>
            </tr>
         </table>
         <br></br>
      </div>
      <div style="margin-top: 15px; color: gray; text-align: center; font-size: 9px;">
         Generated with
         
         <a href="http://code.google.com/p/testng-xslt/" style="color: #8888aa;"
            target="_blank">
            TestNG XSLT
            
         </a>
      </div>
   </body>
</html>