<?xml version="1.0" encoding="UTF-8"?>
<!-- Generated by org.testng.reporters.JUnitXMLReporter -->
<testsuite hostname="ANasser-8470p" name="TC_Security_GlobalSettings_WPA" tests="21" failures="0" timestamp="7 Mar 2015 14:48:35 GMT" time="0.203" errors="0">
  <testcase name="@BeforeTest checkTestSkip" time="0.0" classname="com.xirrus.xms.TS_Array_Security.TC_Security_GlobalSettings_WPA">
    <skipped/>
  </testcase> <!-- @BeforeTest checkTestSkip -->
  <testcase name="@AfterTest testCompleted" time="0.0" classname="com.xirrus.xms.TS_Array_Security.TC_Security_GlobalSettings_WPA">
    <skipped/>
  </testcase> <!-- @AfterTest testCompleted -->
  <testcase name="testCase_VerifyRADIUSServerModeDefaultValue" time="0.0" classname="com.xirrus.xms.TS_Array_Security.TC_Security_GlobalSettings_WPA">
    <skipped/>
  </testcase> <!-- testCase_VerifyRADIUSServerModeDefaultValue -->
  <testcase name="testCase_VerifyWPATKIPEnabledDefaultValue" time="0.01" classname="com.xirrus.xms.TS_Array_Security.TC_Security_GlobalSettings_WPA">
    <skipped/>
  </testcase> <!-- testCase_VerifyWPATKIPEnabledDefaultValue -->
  <testcase name="testCase_VerifyWPAAESEnabledDefaultValue" time="0.0" classname="com.xirrus.xms.TS_Array_Security.TC_Security_GlobalSettings_WPA">
    <skipped/>
  </testcase> <!-- testCase_VerifyWPAAESEnabledDefaultValue -->
  <testcase name="testCase_VerifyWPAGroupRekeyEnabledDefaultValue" time="0.0" classname="com.xirrus.xms.TS_Array_Security.TC_Security_GlobalSettings_WPA">
    <skipped/>
  </testcase> <!-- testCase_VerifyWPAGroupRekeyEnabledDefaultValue -->
  <testcase name="testCase_VerifyWPAEAPDefaultValue" time="0.03" classname="com.xirrus.xms.TS_Array_Security.TC_Security_GlobalSettings_WPA">
    <skipped/>
  </testcase> <!-- testCase_VerifyWPAEAPDefaultValue -->
  <testcase name="testCase_VerifyWPAPSKDefaultValue" time="0.0" classname="com.xirrus.xms.TS_Array_Security.TC_Security_GlobalSettings_WPA">
    <skipped/>
  </testcase> <!-- testCase_VerifyWPAPSKDefaultValue -->
  <testcase name="testCase_VerifyWPAPresharedKeyDefaultValue" time="0.0" classname="com.xirrus.xms.TS_Array_Security.TC_Security_GlobalSettings_WPA">
    <skipped/>
  </testcase> <!-- testCase_VerifyWPAPresharedKeyDefaultValue -->
  <testcase name="testCase_VerifyRADIUSServerModeInternal" time="0.0" classname="com.xirrus.xms.TS_Array_Security.TC_Security_GlobalSettings_WPA">
    <skipped/>
  </testcase> <!-- testCase_VerifyRADIUSServerModeInternal -->
  <testcase name="testCase_VerifyWPATKIPEnabledYESValue" time="0.0" classname="com.xirrus.xms.TS_Array_Security.TC_Security_GlobalSettings_WPA">
    <skipped/>
  </testcase> <!-- testCase_VerifyWPATKIPEnabledYESValue -->
  <testcase name="testCase_VerifyWPAAESEnabledNOValue" time="0.0" classname="com.xirrus.xms.TS_Array_Security.TC_Security_GlobalSettings_WPA">
    <skipped/>
  </testcase> <!-- testCase_VerifyWPAAESEnabledNOValue -->
  <testcase name="testCase_VerifyWPAGroupRekeyEnabledYESValue" time="0.02" classname="com.xirrus.xms.TS_Array_Security.TC_Security_GlobalSettings_WPA">
    <skipped/>
  </testcase> <!-- testCase_VerifyWPAGroupRekeyEnabledYESValue -->
  <testcase name="testCase_VerifyWPAGroupRekeyTimeSetValue" time="0.0" classname="com.xirrus.xms.TS_Array_Security.TC_Security_GlobalSettings_WPA">
    <skipped/>
  </testcase> <!-- testCase_VerifyWPAGroupRekeyTimeSetValue -->
  <testcase name="testCase_VerifyWPAAuthenticationEAPValue" time="0.0" classname="com.xirrus.xms.TS_Array_Security.TC_Security_GlobalSettings_WPA">
    <skipped/>
  </testcase> <!-- testCase_VerifyWPAAuthenticationEAPValue -->
  <testcase name="testCase_VerifyWPAAuthenticationPSKValue" time="0.0" classname="com.xirrus.xms.TS_Array_Security.TC_Security_GlobalSettings_WPA">
    <skipped/>
  </testcase> <!-- testCase_VerifyWPAAuthenticationPSKValue -->
  <testcase name="testCase_VerifyWPAPresharedKeySetValue" time="0.03" classname="com.xirrus.xms.TS_Array_Security.TC_Security_GlobalSettings_WPA">
    <skipped/>
  </testcase> <!-- testCase_VerifyWPAPresharedKeySetValue -->
  <testcase name="testCase_VerifyRADIUSServerModeExternal" time="0.0" classname="com.xirrus.xms.TS_Array_Security.TC_Security_GlobalSettings_WPA">
    <skipped/>
  </testcase> <!-- testCase_VerifyRADIUSServerModeExternal -->
  <testcase name="testCase_VerifyWPATKIPEnabledValue" time="0.0" classname="com.xirrus.xms.TS_Array_Security.TC_Security_GlobalSettings_WPA">
    <skipped/>
  </testcase> <!-- testCase_VerifyWPATKIPEnabledValue -->
  <testcase name="testCase_VerifyWPAAESEnabledValue" time="0.0" classname="com.xirrus.xms.TS_Array_Security.TC_Security_GlobalSettings_WPA">
    <skipped/>
  </testcase> <!-- testCase_VerifyWPAAESEnabledValue -->
  <testcase name="testCase_VerifyWPAGroupRekeyTimeEditValue" time="0.0" classname="com.xirrus.xms.TS_Array_Security.TC_Security_GlobalSettings_WPA">
    <skipped/>
  </testcase> <!-- testCase_VerifyWPAGroupRekeyTimeEditValue -->
  <testcase name="testCase_VerifyWPAAuthenticationPSKEditValue" time="0.0" classname="com.xirrus.xms.TS_Array_Security.TC_Security_GlobalSettings_WPA">
    <skipped/>
  </testcase> <!-- testCase_VerifyWPAAuthenticationPSKEditValue -->
  <testcase name="testCase_VerifyWPAPresharedKeyEditValue" time="0.0" classname="com.xirrus.xms.TS_Array_Security.TC_Security_GlobalSettings_WPA">
    <skipped/>
  </testcase> <!-- testCase_VerifyWPAPresharedKeyEditValue -->
</testsuite> <!-- TC_Security_GlobalSettings_WPA -->
