<html xmlns:math="http://exslt.org/math" xmlns:testng="http://testng.org">
   <head>
      <title>TestNG Results</title>
      <meta http-equiv="content-type" content="text/html; charset=utf-8"></meta>
      <meta http-equiv="pragma" content="no-cache"></meta>
      <meta http-equiv="cache-control" content="max-age=0"></meta>
      <meta http-equiv="cache-control" content="no-cache"></meta>
      <meta http-equiv="cache-control" content="no-store"></meta>
      <LINK rel="stylesheet" href="style.css"></LINK>
      <script type="text/javascript" src="main.js"></script>
   </head>
   <body>
      <table width="100%" style="font-size: 16px; margin-bottom: 10px;" cellspacing="1">
         <tr>
            <td width="100%">
               Test case
               
               <b>TC_Services_WiFiTag</b>
            </td>
            <td style="background-color: #FFBBBB; padding: 3px 3px 3px 0;" align="center">
               <div style="width: 50px;">2</div>
            </td>
            <td style="background-color: lightgreen; padding: 3px 3px 3px 0;" align="center">
               <div style="width: 50px;">9</div>
            </td>
            <td style="background-color: #FFFFBB; padding: 3px 3px 3px 0;" align="center">
               <div style="width: 50px;">0</div>
            </td>
            <td align="center" style="background-color: #eaf0f7; padding: 3px 3px 3px 0;">
               <div style="width: 50px;">11</div>
            </td>
            <td align="center"
                style="font-weight: bold; background-color: #eaf0f7; padding: 3px 3px 3px 0;">
               <div style="width: 50px;">82%</div>
            </td>
            <td style="background-color: #eaf0f7; padding: 3px 3px 3px 0;" align="center"
                nowrap="true">6m
               4s
               
            </td>
         </tr>
      </table>
      <div style="width: 200px;">
         <label for="groupMethodsCheckBox" style="font-weight: bold; margin: 0;">
            <input id="groupMethodsCheckBox" type="checkbox" onclick="switchTestMethodsView(this)"></input>
            Group by class
            
         </label>
         <br></br>
         <label for="methodsFilter_ALL" style="font-weight: bold; margin: 0;">
            <input id="methodsFilter_ALL" type="checkbox"
                   onclick="testMethodsFilterChanged(this, 'ALL')"></input>
            All
            
         </label>
      </div>
      <label for="methodsFilter_FAIL" style="margin-left: 20px;">
         <input id="methodsFilter_FAIL" type="checkbox"
                onclick="testMethodsFilterChanged(this, 'FAIL')"
                checked=""></input>
         Failed
         
      </label>
      <label for="methodsFilter_PASS">
         <input id="methodsFilter_PASS" type="checkbox"
                onclick="testMethodsFilterChanged(this, 'PASS')"
                checked=""></input>
         Passed
         
      </label>
      <label for="methodsFilter_SKIP">
         <input id="methodsFilter_SKIP" type="checkbox"
                onclick="testMethodsFilterChanged(this, 'SKIP')"
                checked=""></input>
         Skipped
         
      </label>
      <label for="methodsFilter_CONF">
         <input id="methodsFilter_CONF" type="checkbox"
                onclick="testMethodsFilterChanged(this, 'CONF')"></input>
         Config
         
      </label>
      <br></br>
      <div id="testMethodsByStatus">
         <table class="testMethodsTable" cellpadding="0" cellspacing="0">
            <tr class="methodsTableHeader">
               <td width="100%">Name</td>
               <td nowrap="true">Started</td>
               <td nowrap="true">Duration</td>
               <td>Exception</td>
            </tr>
            <tr id="com.xirrus.xms.TS_Array_Services.TC_Services_WiFiTag_testCase_verifyWiFiTagChannelValueEdit_byStatus_failed_FAIL1_row"
                class="testMethodStatusFAIL">
               <td width="100%" class="firstMethodCell">
                  <a onclick="toggleDetailsVisibility('com.xirrus.xms.TS_Array_Services.TC_Services_WiFiTag_testCase_verifyWiFiTagChannelValueEdit_byStatus_failed_FAIL1_details')">testCase_verifyWiFiTagChannelValueEdit()</a>
               </td>
               <td nowrap="true">09:58:16</td>
               <td nowrap="true" align="right">4s
                  
               </td>
               <td nowrap="true">
                  <a onclick="toggleDetailsVisibility('com.xirrus.xms.TS_Array_Services.TC_Services_WiFiTag_testCase_verifyWiFiTagChannelValueEdit_byStatus_failed_FAIL1_exception')">org.openqa.selenium.StaleElementReferenceException: 
                     stale element reference: element is not attached to the page document
                     (Session info: chrome=41.0.2272.101)
                     (Driver info: chromedriver=2.13.307647 (5a7d0541ebc58e69994a6fb2ed930f45261f3c29),platform=Windows NT 6.1 SP1 x86_64) (WARNING:
                     The server did not provide any stacktrace information)
                     Command duration or timeout: 11 milliseconds
                     For documentation on this error, please visit: http://seleniumhq.org/exceptions/stale_element_reference.html
                     Build info: version: '2.40.0', revision: 'fbe29a9', time: '2014-02-19 20:55:11'
                     System info: host: 'ANasser-8470p', ip: '10.100.23.51', os.name: 'Windows 7', os.arch: 'amd64', os.version: '6.1', java.version:
                     '1.7.0_60'
                     Session ID: 0678b768a48f09a57f764d706ad886d1
                     Driver info: org.openqa.selenium.chrome.ChromeDriver
                     Capabilities [{platform=XP, acceptSslCerts=true, javascriptEnabled=true, browserName=chrome, chrome={userDataDir=C:\Users\KARTIK~1.AIY\AppData\Local\Temp\scoped_dir71884_29411},
                     rotatable=false, locationContextEnabled=true, mobileEmulationEnabled=false, version=41.0.2272.101, takesHeapSnapshot=true,
                     cssSelectorsEnabled=true, databaseEnabled=false, handlesAlerts=true, browserConnectionEnabled=false, nativeEvents=true, webStorageEnabled=true,
                     applicationCacheEnabled=false, takesScreenshot=true}]
                     
                  </a>
                   
                  
               </td>
            </tr>
            <tr>
               <td colspan="4" class="detailsBox">
                  <div id="com.xirrus.xms.TS_Array_Services.TC_Services_WiFiTag_testCase_verifyWiFiTagChannelValueEdit_byStatus_failed_FAIL1_details"
                       class="testMethodDetails">
                     <div>
                        <b>Name: </b>testCase_verifyWiFiTagChannelValueEdit
                     </div>
                     <div>
                        <b>Signature: </b>testCase_verifyWiFiTagChannelValueEdit()
                     </div>
                     <div>
                        <b>Start time: </b>09:58:16
                     </div>
                     <div>
                        <b>End time: </b>09:58:20
                     </div>
                     <div>
                        <b>Duration: </b>4s
                        
                     </div>
                  </div>
               </td>
            </tr>
            <tr>
               <td colspan="4" class="detailsBox">
                  <div id="com.xirrus.xms.TS_Array_Services.TC_Services_WiFiTag_testCase_verifyWiFiTagChannelValueEdit_byStatus_failed_FAIL1_exception"
                       class="testMethodDetails">
                     <pre style="padding: 5px; margin: 0;">org.openqa.selenium.StaleElementReferenceException: stale element reference: element is not attached to the page document
                        (Session info: chrome=41.0.2272.101)
                        (Driver info: chromedriver=2.13.307647 (5a7d0541ebc58e69994a6fb2ed930f45261f3c29),platform=Windows NT 6.1 SP1 x86_64) (WARNING:
                        The server did not provide any stacktrace information)
                        Command duration or timeout: 11 milliseconds
                        For documentation on this error, please visit: http://seleniumhq.org/exceptions/stale_element_reference.html
                        Build info: version: '2.40.0', revision: 'fbe29a9', time: '2014-02-19 20:55:11'
                        System info: host: 'ANasser-8470p', ip: '10.100.23.51', os.name: 'Windows 7', os.arch: 'amd64', os.version: '6.1', java.version:
                        '1.7.0_60'
                        Session ID: 0678b768a48f09a57f764d706ad886d1
                        Driver info: org.openqa.selenium.chrome.ChromeDriver
                        Capabilities [{platform=XP, acceptSslCerts=true, javascriptEnabled=true, browserName=chrome, chrome={userDataDir=C:\Users\KARTIK~1.AIY\AppData\Local\Temp\scoped_dir71884_29411},
                        rotatable=false, locationContextEnabled=true, mobileEmulationEnabled=false, version=41.0.2272.101, takesHeapSnapshot=true,
                        cssSelectorsEnabled=true, databaseEnabled=false, handlesAlerts=true, browserConnectionEnabled=false, nativeEvents=true, webStorageEnabled=true,
                        applicationCacheEnabled=false, takesScreenshot=true}]
                        	at sun.reflect.GeneratedConstructorAccessor57.newInstance(Unknown Source)
                        	at sun.reflect.DelegatingConstructorAccessorImpl.newInstance(DelegatingConstructorAccessorImpl.java:45)
                        	at java.lang.reflect.Constructor.newInstance(Constructor.java:526)
                        	at org.openqa.selenium.remote.ErrorHandler.createThrowable(ErrorHandler.java:193)
                        	at org.openqa.selenium.remote.ErrorHandler.throwIfResponseFailed(ErrorHandler.java:145)
                        	at org.openqa.selenium.remote.RemoteWebDriver.execute(RemoteWebDriver.java:573)
                        	at org.openqa.selenium.remote.RemoteWebElement.execute(RemoteWebElement.java:268)
                        	at org.openqa.selenium.remote.RemoteWebElement.getAttribute(RemoteWebElement.java:123)
                        	at org.openqa.selenium.support.ui.Select.&lt;init&gt;(Select.java:51)
                        	at com.xirrus.xms.locallib.LocalLib.selectDropDown(LocalLib.java:273)
                        	at com.xirrus.xms.TS_Array_Services.TC_Services_WiFiTag.testCase_verifyWiFiTagChannelValueEdit(TC_Services_WiFiTag.java:470)
                        	at sun.reflect.NativeMethodAccessorImpl.invoke0(Native Method)
                        	at sun.reflect.NativeMethodAccessorImpl.invoke(NativeMethodAccessorImpl.java:57)
                        	at sun.reflect.DelegatingMethodAccessorImpl.invoke(DelegatingMethodAccessorImpl.java:43)
                        	at java.lang.reflect.Method.invoke(Method.java:606)
                        	at org.testng.internal.MethodInvocationHelper.invokeMethod(MethodInvocationHelper.java:74)
                        	at org.testng.internal.Invoker.invokeMethod(Invoker.java:673)
                        	at org.testng.internal.Invoker.invokeTestMethod(Invoker.java:846)
                        	at org.testng.internal.Invoker.invokeTestMethods(Invoker.java:1170)
                        	at org.testng.internal.TestMethodWorker.invokeTestMethods(TestMethodWorker.java:125)
                        	at org.testng.internal.TestMethodWorker.run(TestMethodWorker.java:109)
                        	at org.testng.TestRunner.runWorkers(TestRunner.java:1125)
                        	at org.testng.TestRunner.privateRun(TestRunner.java:749)
                        	at org.testng.TestRunner.run(TestRunner.java:600)
                        	at org.testng.SuiteRunner.runTest(SuiteRunner.java:317)
                        	at org.testng.SuiteRunner.runSequentially(SuiteRunner.java:312)
                        	at org.testng.SuiteRunner.privateRun(SuiteRunner.java:274)
                        	at org.testng.SuiteRunner.run(SuiteRunner.java:223)
                        	at org.testng.SuiteRunnerWorker.runSuite(SuiteRunnerWorker.java:52)
                        	at org.testng.SuiteRunnerWorker.run(SuiteRunnerWorker.java:86)
                        	at org.testng.TestNG.runSuitesSequentially(TestNG.java:965)
                        	at org.testng.TestNG.runSuitesSequentially(TestNG.java:961)
                        	at org.testng.TestNG.runSuitesLocally(TestNG.java:890)
                        	at org.testng.TestNG.run(TestNG.java:824)
                        	at org.testng.TestNG.privateMain(TestNG.java:1128)
                        	at org.testng.TestNG.main(TestNG.java:1092)
                     </pre>
                  </div>
               </td>
            </tr>
            <tr id="com.xirrus.xms.TS_Array_Services.TC_Services_WiFiTag_testCase_verifyWiFiTagEkahauSrvrFieldValidation_byStatus_failed_FAIL2_row"
                class="testMethodStatusFAIL">
               <td width="100%" class="firstMethodCell">
                  <a onclick="toggleDetailsVisibility('com.xirrus.xms.TS_Array_Services.TC_Services_WiFiTag_testCase_verifyWiFiTagEkahauSrvrFieldValidation_byStatus_failed_FAIL2_details')">testCase_verifyWiFiTagEkahauSrvrFieldValidation()</a>
               </td>
               <td nowrap="true">09:59:57</td>
               <td nowrap="true" align="right">2m
                  
               </td>
               <td nowrap="true">
                  <a onclick="toggleDetailsVisibility('com.xirrus.xms.TS_Array_Services.TC_Services_WiFiTag_testCase_verifyWiFiTagEkahauSrvrFieldValidation_byStatus_failed_FAIL2_exception')">java.lang.AssertionError: 
                     FAIL- Verification Failed!!!EkahauSrvrInvalidHostNamewarning-TC_Services_WiFiTag-testCase_verifyWiFiTagEkahauSrvrFieldValidation
                     
                  </a>
                   
                  
               </td>
            </tr>
            <tr>
               <td colspan="4" class="detailsBox">
                  <div id="com.xirrus.xms.TS_Array_Services.TC_Services_WiFiTag_testCase_verifyWiFiTagEkahauSrvrFieldValidation_byStatus_failed_FAIL2_details"
                       class="testMethodDetails">
                     <div>
                        <b>Name: </b>testCase_verifyWiFiTagEkahauSrvrFieldValidation
                     </div>
                     <div>
                        <b>Signature: </b>testCase_verifyWiFiTagEkahauSrvrFieldValidation()
                     </div>
                     <div>
                        <b>Start time: </b>09:59:57
                     </div>
                     <div>
                        <b>End time: </b>10:01:57
                     </div>
                     <div>
                        <b>Duration: </b>2m
                        
                     </div>
                  </div>
               </td>
            </tr>
            <tr>
               <td colspan="4" class="detailsBox">
                  <div id="com.xirrus.xms.TS_Array_Services.TC_Services_WiFiTag_testCase_verifyWiFiTagEkahauSrvrFieldValidation_byStatus_failed_FAIL2_exception"
                       class="testMethodDetails">
                     <pre style="padding: 5px; margin: 0;">java.lang.AssertionError: FAIL- Verification Failed!!!EkahauSrvrInvalidHostNamewarning-TC_Services_WiFiTag-testCase_verifyWiFiTagEkahauSrvrFieldValidation
                        	at org.testng.Assert.fail(Assert.java:89)
                        	at com.xirrus.xms.locallib.LocalLib.verifyStringequals(LocalLib.java:128)
                        	at com.xirrus.xms.TS_Array_Services.TC_Services_WiFiTag.testCase_verifyWiFiTagEkahauSrvrFieldValidation(TC_Services_WiFiTag.java:771)
                        	at sun.reflect.NativeMethodAccessorImpl.invoke0(Native Method)
                        	at sun.reflect.NativeMethodAccessorImpl.invoke(NativeMethodAccessorImpl.java:57)
                        	at sun.reflect.DelegatingMethodAccessorImpl.invoke(DelegatingMethodAccessorImpl.java:43)
                        	at java.lang.reflect.Method.invoke(Method.java:606)
                        	at org.testng.internal.MethodInvocationHelper.invokeMethod(MethodInvocationHelper.java:74)
                        	at org.testng.internal.Invoker.invokeMethod(Invoker.java:673)
                        	at org.testng.internal.Invoker.invokeTestMethod(Invoker.java:846)
                        	at org.testng.internal.Invoker.invokeTestMethods(Invoker.java:1170)
                        	at org.testng.internal.TestMethodWorker.invokeTestMethods(TestMethodWorker.java:125)
                        	at org.testng.internal.TestMethodWorker.run(TestMethodWorker.java:109)
                        	at org.testng.TestRunner.runWorkers(TestRunner.java:1125)
                        	at org.testng.TestRunner.privateRun(TestRunner.java:749)
                        	at org.testng.TestRunner.run(TestRunner.java:600)
                        	at org.testng.SuiteRunner.runTest(SuiteRunner.java:317)
                        	at org.testng.SuiteRunner.runSequentially(SuiteRunner.java:312)
                        	at org.testng.SuiteRunner.privateRun(SuiteRunner.java:274)
                        	at org.testng.SuiteRunner.run(SuiteRunner.java:223)
                        	at org.testng.SuiteRunnerWorker.runSuite(SuiteRunnerWorker.java:52)
                        	at org.testng.SuiteRunnerWorker.run(SuiteRunnerWorker.java:86)
                        	at org.testng.TestNG.runSuitesSequentially(TestNG.java:965)
                        	at org.testng.TestNG.runSuitesSequentially(TestNG.java:961)
                        	at org.testng.TestNG.runSuitesLocally(TestNG.java:890)
                        	at org.testng.TestNG.run(TestNG.java:824)
                        	at org.testng.TestNG.privateMain(TestNG.java:1128)
                        	at org.testng.TestNG.main(TestNG.java:1092)
                     </pre>
                  </div>
               </td>
            </tr>
            <tr id="com.xirrus.xms.TS_Array_Services.TC_Services_WiFiTag_testCase_verifyWiFiTagDefaultState_byStatus_passed_PASS1_row"
                class="testMethodStatusPASS">
               <td width="100%" class="firstMethodCell">
                  <a onclick="toggleDetailsVisibility('com.xirrus.xms.TS_Array_Services.TC_Services_WiFiTag_testCase_verifyWiFiTagDefaultState_byStatus_passed_PASS1_details')">testCase_verifyWiFiTagDefaultState()</a>
               </td>
               <td nowrap="true">09:56:31</td>
               <td nowrap="true" align="right">7s
                  
               </td>
               <td nowrap="true">
                   
                  
               </td>
            </tr>
            <tr>
               <td colspan="4" class="detailsBox">
                  <div id="com.xirrus.xms.TS_Array_Services.TC_Services_WiFiTag_testCase_verifyWiFiTagDefaultState_byStatus_passed_PASS1_details"
                       class="testMethodDetails">
                     <div>
                        <b>Name: </b>testCase_verifyWiFiTagDefaultState
                     </div>
                     <div>
                        <b>Signature: </b>testCase_verifyWiFiTagDefaultState()
                     </div>
                     <div>
                        <b>Start time: </b>09:56:31
                     </div>
                     <div>
                        <b>End time: </b>09:56:38
                     </div>
                     <div>
                        <b>Duration: </b>7s
                        
                     </div>
                  </div>
               </td>
            </tr>
            <tr></tr>
            <tr id="com.xirrus.xms.TS_Array_Services.TC_Services_WiFiTag_checkTestSkip_byStatus_passed_PASS2_row"
                class="testMethodStatusPASS testMethodStatusCONF">
               <td width="100%" class="firstMethodCell">
                  <a onclick="toggleDetailsVisibility('com.xirrus.xms.TS_Array_Services.TC_Services_WiFiTag_checkTestSkip_byStatus_passed_PASS2_details')">checkTestSkip()</a>
               </td>
               <td nowrap="true">09:56:31</td>
               <td nowrap="true" align="right">0 ms
                  
               </td>
               <td nowrap="true">
                   
                  
               </td>
            </tr>
            <tr>
               <td colspan="4" class="detailsBox">
                  <div id="com.xirrus.xms.TS_Array_Services.TC_Services_WiFiTag_checkTestSkip_byStatus_passed_PASS2_details"
                       class="testMethodDetails">
                     <div>
                        <b>Name: </b>checkTestSkip
                     </div>
                     <div>
                        <b>Signature: </b>checkTestSkip()
                     </div>
                     <div>
                        <b>Start time: </b>09:56:31
                     </div>
                     <div>
                        <b>End time: </b>09:56:31
                     </div>
                     <div>
                        <b>Duration: </b>0 ms
                        
                     </div>
                  </div>
               </td>
            </tr>
            <tr></tr>
            <tr id="com.xirrus.xms.TS_Array_Services.TC_Services_WiFiTag_testCase_verifyWiFiTagDefaultUDPPortValue_byStatus_passed_PASS3_row"
                class="testMethodStatusPASS">
               <td width="100%" class="firstMethodCell">
                  <a onclick="toggleDetailsVisibility('com.xirrus.xms.TS_Array_Services.TC_Services_WiFiTag_testCase_verifyWiFiTagDefaultUDPPortValue_byStatus_passed_PASS3_details')">testCase_verifyWiFiTagDefaultUDPPortValue()</a>
               </td>
               <td nowrap="true">09:56:38</td>
               <td nowrap="true" align="right">7s
                  
               </td>
               <td nowrap="true">
                   
                  
               </td>
            </tr>
            <tr>
               <td colspan="4" class="detailsBox">
                  <div id="com.xirrus.xms.TS_Array_Services.TC_Services_WiFiTag_testCase_verifyWiFiTagDefaultUDPPortValue_byStatus_passed_PASS3_details"
                       class="testMethodDetails">
                     <div>
                        <b>Name: </b>testCase_verifyWiFiTagDefaultUDPPortValue
                     </div>
                     <div>
                        <b>Signature: </b>testCase_verifyWiFiTagDefaultUDPPortValue()
                     </div>
                     <div>
                        <b>Start time: </b>09:56:38
                     </div>
                     <div>
                        <b>End time: </b>09:56:45
                     </div>
                     <div>
                        <b>Duration: </b>7s
                        
                     </div>
                  </div>
               </td>
            </tr>
            <tr></tr>
            <tr id="com.xirrus.xms.TS_Array_Services.TC_Services_WiFiTag_testCase_verifyWiFiTagChannelDefaultValue_byStatus_passed_PASS4_row"
                class="testMethodStatusPASS">
               <td width="100%" class="firstMethodCell">
                  <a onclick="toggleDetailsVisibility('com.xirrus.xms.TS_Array_Services.TC_Services_WiFiTag_testCase_verifyWiFiTagChannelDefaultValue_byStatus_passed_PASS4_details')">testCase_verifyWiFiTagChannelDefaultValue()</a>
               </td>
               <td nowrap="true">09:56:45</td>
               <td nowrap="true" align="right">7s
                  
               </td>
               <td nowrap="true">
                   
                  
               </td>
            </tr>
            <tr>
               <td colspan="4" class="detailsBox">
                  <div id="com.xirrus.xms.TS_Array_Services.TC_Services_WiFiTag_testCase_verifyWiFiTagChannelDefaultValue_byStatus_passed_PASS4_details"
                       class="testMethodDetails">
                     <div>
                        <b>Name: </b>testCase_verifyWiFiTagChannelDefaultValue
                     </div>
                     <div>
                        <b>Signature: </b>testCase_verifyWiFiTagChannelDefaultValue()
                     </div>
                     <div>
                        <b>Start time: </b>09:56:45
                     </div>
                     <div>
                        <b>End time: </b>09:56:52
                     </div>
                     <div>
                        <b>Duration: </b>7s
                        
                     </div>
                  </div>
               </td>
            </tr>
            <tr></tr>
            <tr id="com.xirrus.xms.TS_Array_Services.TC_Services_WiFiTag_testCase_verifyWiFiTagEkahauSrvrDefaultValue_byStatus_passed_PASS5_row"
                class="testMethodStatusPASS">
               <td width="100%" class="firstMethodCell">
                  <a onclick="toggleDetailsVisibility('com.xirrus.xms.TS_Array_Services.TC_Services_WiFiTag_testCase_verifyWiFiTagEkahauSrvrDefaultValue_byStatus_passed_PASS5_details')">testCase_verifyWiFiTagEkahauSrvrDefaultValue()</a>
               </td>
               <td nowrap="true">09:56:52</td>
               <td nowrap="true" align="right">7s
                  
               </td>
               <td nowrap="true">
                   
                  
               </td>
            </tr>
            <tr>
               <td colspan="4" class="detailsBox">
                  <div id="com.xirrus.xms.TS_Array_Services.TC_Services_WiFiTag_testCase_verifyWiFiTagEkahauSrvrDefaultValue_byStatus_passed_PASS5_details"
                       class="testMethodDetails">
                     <div>
                        <b>Name: </b>testCase_verifyWiFiTagEkahauSrvrDefaultValue
                     </div>
                     <div>
                        <b>Signature: </b>testCase_verifyWiFiTagEkahauSrvrDefaultValue()
                     </div>
                     <div>
                        <b>Start time: </b>09:56:52
                     </div>
                     <div>
                        <b>End time: </b>09:56:59
                     </div>
                     <div>
                        <b>Duration: </b>7s
                        
                     </div>
                  </div>
               </td>
            </tr>
            <tr></tr>
            <tr id="com.xirrus.xms.TS_Array_Services.TC_Services_WiFiTag_testCase_verifyWiFiTagEnableState_byStatus_passed_PASS6_row"
                class="testMethodStatusPASS">
               <td width="100%" class="firstMethodCell">
                  <a onclick="toggleDetailsVisibility('com.xirrus.xms.TS_Array_Services.TC_Services_WiFiTag_testCase_verifyWiFiTagEnableState_byStatus_passed_PASS6_details')">testCase_verifyWiFiTagEnableState()</a>
               </td>
               <td nowrap="true">09:56:59</td>
               <td nowrap="true" align="right">39s
                  
               </td>
               <td nowrap="true">
                   
                  
               </td>
            </tr>
            <tr>
               <td colspan="4" class="detailsBox">
                  <div id="com.xirrus.xms.TS_Array_Services.TC_Services_WiFiTag_testCase_verifyWiFiTagEnableState_byStatus_passed_PASS6_details"
                       class="testMethodDetails">
                     <div>
                        <b>Name: </b>testCase_verifyWiFiTagEnableState
                     </div>
                     <div>
                        <b>Signature: </b>testCase_verifyWiFiTagEnableState()
                     </div>
                     <div>
                        <b>Start time: </b>09:56:59
                     </div>
                     <div>
                        <b>End time: </b>09:57:38
                     </div>
                     <div>
                        <b>Duration: </b>39s
                        
                     </div>
                  </div>
               </td>
            </tr>
            <tr></tr>
            <tr id="com.xirrus.xms.TS_Array_Services.TC_Services_WiFiTag_testCase_verifyWiFiTagUDPPortValueEdit_byStatus_passed_PASS7_row"
                class="testMethodStatusPASS">
               <td width="100%" class="firstMethodCell">
                  <a onclick="toggleDetailsVisibility('com.xirrus.xms.TS_Array_Services.TC_Services_WiFiTag_testCase_verifyWiFiTagUDPPortValueEdit_byStatus_passed_PASS7_details')">testCase_verifyWiFiTagUDPPortValueEdit()</a>
               </td>
               <td nowrap="true">09:57:38</td>
               <td nowrap="true" align="right">39s
                  
               </td>
               <td nowrap="true">
                   
                  
               </td>
            </tr>
            <tr>
               <td colspan="4" class="detailsBox">
                  <div id="com.xirrus.xms.TS_Array_Services.TC_Services_WiFiTag_testCase_verifyWiFiTagUDPPortValueEdit_byStatus_passed_PASS7_details"
                       class="testMethodDetails">
                     <div>
                        <b>Name: </b>testCase_verifyWiFiTagUDPPortValueEdit
                     </div>
                     <div>
                        <b>Signature: </b>testCase_verifyWiFiTagUDPPortValueEdit()
                     </div>
                     <div>
                        <b>Start time: </b>09:57:38
                     </div>
                     <div>
                        <b>End time: </b>09:58:16
                     </div>
                     <div>
                        <b>Duration: </b>39s
                        
                     </div>
                  </div>
               </td>
            </tr>
            <tr></tr>
            <tr id="com.xirrus.xms.TS_Array_Services.TC_Services_WiFiTag_testCase_verifyWiFiTagEkahauSrvrEdit_byStatus_passed_PASS8_row"
                class="testMethodStatusPASS">
               <td width="100%" class="firstMethodCell">
                  <a onclick="toggleDetailsVisibility('com.xirrus.xms.TS_Array_Services.TC_Services_WiFiTag_testCase_verifyWiFiTagEkahauSrvrEdit_byStatus_passed_PASS8_details')">testCase_verifyWiFiTagEkahauSrvrEdit()</a>
               </td>
               <td nowrap="true">09:58:20</td>
               <td nowrap="true" align="right">39s
                  
               </td>
               <td nowrap="true">
                   
                  
               </td>
            </tr>
            <tr>
               <td colspan="4" class="detailsBox">
                  <div id="com.xirrus.xms.TS_Array_Services.TC_Services_WiFiTag_testCase_verifyWiFiTagEkahauSrvrEdit_byStatus_passed_PASS8_details"
                       class="testMethodDetails">
                     <div>
                        <b>Name: </b>testCase_verifyWiFiTagEkahauSrvrEdit
                     </div>
                     <div>
                        <b>Signature: </b>testCase_verifyWiFiTagEkahauSrvrEdit()
                     </div>
                     <div>
                        <b>Start time: </b>09:58:20
                     </div>
                     <div>
                        <b>End time: </b>09:58:59
                     </div>
                     <div>
                        <b>Duration: </b>39s
                        
                     </div>
                  </div>
               </td>
            </tr>
            <tr></tr>
            <tr id="com.xirrus.xms.TS_Array_Services.TC_Services_WiFiTag_testCase_verifyWiFiTagUDPPortFieldValidation_byStatus_passed_PASS9_row"
                class="testMethodStatusPASS">
               <td width="100%" class="firstMethodCell">
                  <a onclick="toggleDetailsVisibility('com.xirrus.xms.TS_Array_Services.TC_Services_WiFiTag_testCase_verifyWiFiTagUDPPortFieldValidation_byStatus_passed_PASS9_details')">testCase_verifyWiFiTagUDPPortFieldValidation()</a>
               </td>
               <td nowrap="true">09:58:59</td>
               <td nowrap="true" align="right">58s
                  
               </td>
               <td nowrap="true">
                   
                  
               </td>
            </tr>
            <tr>
               <td colspan="4" class="detailsBox">
                  <div id="com.xirrus.xms.TS_Array_Services.TC_Services_WiFiTag_testCase_verifyWiFiTagUDPPortFieldValidation_byStatus_passed_PASS9_details"
                       class="testMethodDetails">
                     <div>
                        <b>Name: </b>testCase_verifyWiFiTagUDPPortFieldValidation
                     </div>
                     <div>
                        <b>Signature: </b>testCase_verifyWiFiTagUDPPortFieldValidation()
                     </div>
                     <div>
                        <b>Start time: </b>09:58:59
                     </div>
                     <div>
                        <b>End time: </b>09:59:57
                     </div>
                     <div>
                        <b>Duration: </b>58s
                        
                     </div>
                  </div>
               </td>
            </tr>
            <tr></tr>
            <tr id="com.xirrus.xms.TS_Array_Services.TC_Services_WiFiTag_testCase_verifyWiFiTagSupportDisable_byStatus_passed_PASS10_row"
                class="testMethodStatusPASS">
               <td width="100%" class="firstMethodCell">
                  <a onclick="toggleDetailsVisibility('com.xirrus.xms.TS_Array_Services.TC_Services_WiFiTag_testCase_verifyWiFiTagSupportDisable_byStatus_passed_PASS10_details')">testCase_verifyWiFiTagSupportDisable()</a>
               </td>
               <td nowrap="true">10:01:57</td>
               <td nowrap="true" align="right">38s
                  
               </td>
               <td nowrap="true">
                   
                  
               </td>
            </tr>
            <tr>
               <td colspan="4" class="detailsBox">
                  <div id="com.xirrus.xms.TS_Array_Services.TC_Services_WiFiTag_testCase_verifyWiFiTagSupportDisable_byStatus_passed_PASS10_details"
                       class="testMethodDetails">
                     <div>
                        <b>Name: </b>testCase_verifyWiFiTagSupportDisable
                     </div>
                     <div>
                        <b>Signature: </b>testCase_verifyWiFiTagSupportDisable()
                     </div>
                     <div>
                        <b>Start time: </b>10:01:57
                     </div>
                     <div>
                        <b>End time: </b>10:02:35
                     </div>
                     <div>
                        <b>Duration: </b>38s
                        
                     </div>
                  </div>
               </td>
            </tr>
            <tr></tr>
            <tr id="com.xirrus.xms.TS_Array_Services.TC_Services_WiFiTag_testCompleted_byStatus_passed_PASS11_row"
                class="testMethodStatusPASS testMethodStatusCONF">
               <td width="100%" class="firstMethodCell">
                  <a onclick="toggleDetailsVisibility('com.xirrus.xms.TS_Array_Services.TC_Services_WiFiTag_testCompleted_byStatus_passed_PASS11_details')">testCompleted()</a>
               </td>
               <td nowrap="true">10:02:35</td>
               <td nowrap="true" align="right">0 ms
                  
               </td>
               <td nowrap="true">
                   
                  
               </td>
            </tr>
            <tr>
               <td colspan="4" class="detailsBox">
                  <div id="com.xirrus.xms.TS_Array_Services.TC_Services_WiFiTag_testCompleted_byStatus_passed_PASS11_details"
                       class="testMethodDetails">
                     <div>
                        <b>Name: </b>testCompleted
                     </div>
                     <div>
                        <b>Signature: </b>testCompleted()
                     </div>
                     <div>
                        <b>Start time: </b>10:02:35
                     </div>
                     <div>
                        <b>End time: </b>10:02:35
                     </div>
                     <div>
                        <b>Duration: </b>0 ms
                        
                     </div>
                  </div>
               </td>
            </tr>
            <tr></tr>
         </table>
      </div>
      <div id="testMethodsByClass" style="display: none;">
         <table class="testMethodsTable" cellpadding="0" cellspacing="0">
            <tr>
               <td colspan="4">
                  <h3 style="display: inline;">com.xirrus.xms.TS_Array_Services.TC_Services_WiFiTag</h3>
               </td>
            </tr>
            <tr class="methodsTableHeader">
               <td width="100%">Name</td>
               <td nowrap="true">Started</td>
               <td nowrap="true">Duration</td>
               <td>Exception</td>
            </tr>
            <tr id="com.xirrus.xms.TS_Array_Services.TC_Services_WiFiTag_testCase_verifyWiFiTagDefaultState_byClass_PASS1_row"
                class="testMethodStatusPASS">
               <td width="100%" class="firstMethodCell">
                  <a onclick="toggleDetailsVisibility('com.xirrus.xms.TS_Array_Services.TC_Services_WiFiTag_testCase_verifyWiFiTagDefaultState_byClass_PASS1_details')">testCase_verifyWiFiTagDefaultState()</a>
               </td>
               <td nowrap="true">09:56:31</td>
               <td nowrap="true" align="right">7s
                  
               </td>
               <td nowrap="true">
                   
                  
               </td>
            </tr>
            <tr>
               <td colspan="4" class="detailsBox">
                  <div id="com.xirrus.xms.TS_Array_Services.TC_Services_WiFiTag_testCase_verifyWiFiTagDefaultState_byClass_PASS1_details"
                       class="testMethodDetails">
                     <div>
                        <b>Name: </b>testCase_verifyWiFiTagDefaultState
                     </div>
                     <div>
                        <b>Signature: </b>testCase_verifyWiFiTagDefaultState()
                     </div>
                     <div>
                        <b>Start time: </b>09:56:31
                     </div>
                     <div>
                        <b>End time: </b>09:56:38
                     </div>
                     <div>
                        <b>Duration: </b>7s
                        
                     </div>
                  </div>
               </td>
            </tr>
            <tr></tr>
            <tr id="com.xirrus.xms.TS_Array_Services.TC_Services_WiFiTag_checkTestSkip_byClass_PASS2_row"
                class="testMethodStatusPASS testMethodStatusCONF">
               <td width="100%" class="firstMethodCell">
                  <a onclick="toggleDetailsVisibility('com.xirrus.xms.TS_Array_Services.TC_Services_WiFiTag_checkTestSkip_byClass_PASS2_details')">checkTestSkip()</a>
               </td>
               <td nowrap="true">09:56:31</td>
               <td nowrap="true" align="right">0 ms
                  
               </td>
               <td nowrap="true">
                   
                  
               </td>
            </tr>
            <tr>
               <td colspan="4" class="detailsBox">
                  <div id="com.xirrus.xms.TS_Array_Services.TC_Services_WiFiTag_checkTestSkip_byClass_PASS2_details"
                       class="testMethodDetails">
                     <div>
                        <b>Name: </b>checkTestSkip
                     </div>
                     <div>
                        <b>Signature: </b>checkTestSkip()
                     </div>
                     <div>
                        <b>Start time: </b>09:56:31
                     </div>
                     <div>
                        <b>End time: </b>09:56:31
                     </div>
                     <div>
                        <b>Duration: </b>0 ms
                        
                     </div>
                  </div>
               </td>
            </tr>
            <tr></tr>
            <tr id="com.xirrus.xms.TS_Array_Services.TC_Services_WiFiTag_testCase_verifyWiFiTagDefaultUDPPortValue_byClass_PASS3_row"
                class="testMethodStatusPASS">
               <td width="100%" class="firstMethodCell">
                  <a onclick="toggleDetailsVisibility('com.xirrus.xms.TS_Array_Services.TC_Services_WiFiTag_testCase_verifyWiFiTagDefaultUDPPortValue_byClass_PASS3_details')">testCase_verifyWiFiTagDefaultUDPPortValue()</a>
               </td>
               <td nowrap="true">09:56:38</td>
               <td nowrap="true" align="right">7s
                  
               </td>
               <td nowrap="true">
                   
                  
               </td>
            </tr>
            <tr>
               <td colspan="4" class="detailsBox">
                  <div id="com.xirrus.xms.TS_Array_Services.TC_Services_WiFiTag_testCase_verifyWiFiTagDefaultUDPPortValue_byClass_PASS3_details"
                       class="testMethodDetails">
                     <div>
                        <b>Name: </b>testCase_verifyWiFiTagDefaultUDPPortValue
                     </div>
                     <div>
                        <b>Signature: </b>testCase_verifyWiFiTagDefaultUDPPortValue()
                     </div>
                     <div>
                        <b>Start time: </b>09:56:38
                     </div>
                     <div>
                        <b>End time: </b>09:56:45
                     </div>
                     <div>
                        <b>Duration: </b>7s
                        
                     </div>
                  </div>
               </td>
            </tr>
            <tr></tr>
            <tr id="com.xirrus.xms.TS_Array_Services.TC_Services_WiFiTag_testCase_verifyWiFiTagChannelDefaultValue_byClass_PASS4_row"
                class="testMethodStatusPASS">
               <td width="100%" class="firstMethodCell">
                  <a onclick="toggleDetailsVisibility('com.xirrus.xms.TS_Array_Services.TC_Services_WiFiTag_testCase_verifyWiFiTagChannelDefaultValue_byClass_PASS4_details')">testCase_verifyWiFiTagChannelDefaultValue()</a>
               </td>
               <td nowrap="true">09:56:45</td>
               <td nowrap="true" align="right">7s
                  
               </td>
               <td nowrap="true">
                   
                  
               </td>
            </tr>
            <tr>
               <td colspan="4" class="detailsBox">
                  <div id="com.xirrus.xms.TS_Array_Services.TC_Services_WiFiTag_testCase_verifyWiFiTagChannelDefaultValue_byClass_PASS4_details"
                       class="testMethodDetails">
                     <div>
                        <b>Name: </b>testCase_verifyWiFiTagChannelDefaultValue
                     </div>
                     <div>
                        <b>Signature: </b>testCase_verifyWiFiTagChannelDefaultValue()
                     </div>
                     <div>
                        <b>Start time: </b>09:56:45
                     </div>
                     <div>
                        <b>End time: </b>09:56:52
                     </div>
                     <div>
                        <b>Duration: </b>7s
                        
                     </div>
                  </div>
               </td>
            </tr>
            <tr></tr>
            <tr id="com.xirrus.xms.TS_Array_Services.TC_Services_WiFiTag_testCase_verifyWiFiTagEkahauSrvrDefaultValue_byClass_PASS5_row"
                class="testMethodStatusPASS">
               <td width="100%" class="firstMethodCell">
                  <a onclick="toggleDetailsVisibility('com.xirrus.xms.TS_Array_Services.TC_Services_WiFiTag_testCase_verifyWiFiTagEkahauSrvrDefaultValue_byClass_PASS5_details')">testCase_verifyWiFiTagEkahauSrvrDefaultValue()</a>
               </td>
               <td nowrap="true">09:56:52</td>
               <td nowrap="true" align="right">7s
                  
               </td>
               <td nowrap="true">
                   
                  
               </td>
            </tr>
            <tr>
               <td colspan="4" class="detailsBox">
                  <div id="com.xirrus.xms.TS_Array_Services.TC_Services_WiFiTag_testCase_verifyWiFiTagEkahauSrvrDefaultValue_byClass_PASS5_details"
                       class="testMethodDetails">
                     <div>
                        <b>Name: </b>testCase_verifyWiFiTagEkahauSrvrDefaultValue
                     </div>
                     <div>
                        <b>Signature: </b>testCase_verifyWiFiTagEkahauSrvrDefaultValue()
                     </div>
                     <div>
                        <b>Start time: </b>09:56:52
                     </div>
                     <div>
                        <b>End time: </b>09:56:59
                     </div>
                     <div>
                        <b>Duration: </b>7s
                        
                     </div>
                  </div>
               </td>
            </tr>
            <tr></tr>
            <tr id="com.xirrus.xms.TS_Array_Services.TC_Services_WiFiTag_testCase_verifyWiFiTagEnableState_byClass_PASS6_row"
                class="testMethodStatusPASS">
               <td width="100%" class="firstMethodCell">
                  <a onclick="toggleDetailsVisibility('com.xirrus.xms.TS_Array_Services.TC_Services_WiFiTag_testCase_verifyWiFiTagEnableState_byClass_PASS6_details')">testCase_verifyWiFiTagEnableState()</a>
               </td>
               <td nowrap="true">09:56:59</td>
               <td nowrap="true" align="right">39s
                  
               </td>
               <td nowrap="true">
                   
                  
               </td>
            </tr>
            <tr>
               <td colspan="4" class="detailsBox">
                  <div id="com.xirrus.xms.TS_Array_Services.TC_Services_WiFiTag_testCase_verifyWiFiTagEnableState_byClass_PASS6_details"
                       class="testMethodDetails">
                     <div>
                        <b>Name: </b>testCase_verifyWiFiTagEnableState
                     </div>
                     <div>
                        <b>Signature: </b>testCase_verifyWiFiTagEnableState()
                     </div>
                     <div>
                        <b>Start time: </b>09:56:59
                     </div>
                     <div>
                        <b>End time: </b>09:57:38
                     </div>
                     <div>
                        <b>Duration: </b>39s
                        
                     </div>
                  </div>
               </td>
            </tr>
            <tr></tr>
            <tr id="com.xirrus.xms.TS_Array_Services.TC_Services_WiFiTag_testCase_verifyWiFiTagUDPPortValueEdit_byClass_PASS7_row"
                class="testMethodStatusPASS">
               <td width="100%" class="firstMethodCell">
                  <a onclick="toggleDetailsVisibility('com.xirrus.xms.TS_Array_Services.TC_Services_WiFiTag_testCase_verifyWiFiTagUDPPortValueEdit_byClass_PASS7_details')">testCase_verifyWiFiTagUDPPortValueEdit()</a>
               </td>
               <td nowrap="true">09:57:38</td>
               <td nowrap="true" align="right">39s
                  
               </td>
               <td nowrap="true">
                   
                  
               </td>
            </tr>
            <tr>
               <td colspan="4" class="detailsBox">
                  <div id="com.xirrus.xms.TS_Array_Services.TC_Services_WiFiTag_testCase_verifyWiFiTagUDPPortValueEdit_byClass_PASS7_details"
                       class="testMethodDetails">
                     <div>
                        <b>Name: </b>testCase_verifyWiFiTagUDPPortValueEdit
                     </div>
                     <div>
                        <b>Signature: </b>testCase_verifyWiFiTagUDPPortValueEdit()
                     </div>
                     <div>
                        <b>Start time: </b>09:57:38
                     </div>
                     <div>
                        <b>End time: </b>09:58:16
                     </div>
                     <div>
                        <b>Duration: </b>39s
                        
                     </div>
                  </div>
               </td>
            </tr>
            <tr></tr>
            <tr id="com.xirrus.xms.TS_Array_Services.TC_Services_WiFiTag_testCase_verifyWiFiTagChannelValueEdit_byClass_FAIL8_row"
                class="testMethodStatusFAIL">
               <td width="100%" class="firstMethodCell">
                  <a onclick="toggleDetailsVisibility('com.xirrus.xms.TS_Array_Services.TC_Services_WiFiTag_testCase_verifyWiFiTagChannelValueEdit_byClass_FAIL8_details')">testCase_verifyWiFiTagChannelValueEdit()</a>
               </td>
               <td nowrap="true">09:58:16</td>
               <td nowrap="true" align="right">4s
                  
               </td>
               <td nowrap="true">
                  <a onclick="toggleDetailsVisibility('com.xirrus.xms.TS_Array_Services.TC_Services_WiFiTag_testCase_verifyWiFiTagChannelValueEdit_byClass_FAIL8_exception')">org.openqa.selenium.StaleElementReferenceException: 
                     stale element reference: element is not attached to the page document
                     (Session info: chrome=41.0.2272.101)
                     (Driver info: chromedriver=2.13.307647 (5a7d0541ebc58e69994a6fb2ed930f45261f3c29),platform=Windows NT 6.1 SP1 x86_64) (WARNING:
                     The server did not provide any stacktrace information)
                     Command duration or timeout: 11 milliseconds
                     For documentation on this error, please visit: http://seleniumhq.org/exceptions/stale_element_reference.html
                     Build info: version: '2.40.0', revision: 'fbe29a9', time: '2014-02-19 20:55:11'
                     System info: host: 'ANasser-8470p', ip: '10.100.23.51', os.name: 'Windows 7', os.arch: 'amd64', os.version: '6.1', java.version:
                     '1.7.0_60'
                     Session ID: 0678b768a48f09a57f764d706ad886d1
                     Driver info: org.openqa.selenium.chrome.ChromeDriver
                     Capabilities [{platform=XP, acceptSslCerts=true, javascriptEnabled=true, browserName=chrome, chrome={userDataDir=C:\Users\KARTIK~1.AIY\AppData\Local\Temp\scoped_dir71884_29411},
                     rotatable=false, locationContextEnabled=true, mobileEmulationEnabled=false, version=41.0.2272.101, takesHeapSnapshot=true,
                     cssSelectorsEnabled=true, databaseEnabled=false, handlesAlerts=true, browserConnectionEnabled=false, nativeEvents=true, webStorageEnabled=true,
                     applicationCacheEnabled=false, takesScreenshot=true}]
                     
                  </a>
                   
                  
               </td>
            </tr>
            <tr>
               <td colspan="4" class="detailsBox">
                  <div id="com.xirrus.xms.TS_Array_Services.TC_Services_WiFiTag_testCase_verifyWiFiTagChannelValueEdit_byClass_FAIL8_details"
                       class="testMethodDetails">
                     <div>
                        <b>Name: </b>testCase_verifyWiFiTagChannelValueEdit
                     </div>
                     <div>
                        <b>Signature: </b>testCase_verifyWiFiTagChannelValueEdit()
                     </div>
                     <div>
                        <b>Start time: </b>09:58:16
                     </div>
                     <div>
                        <b>End time: </b>09:58:20
                     </div>
                     <div>
                        <b>Duration: </b>4s
                        
                     </div>
                  </div>
               </td>
            </tr>
            <tr>
               <td colspan="4" class="detailsBox">
                  <div id="com.xirrus.xms.TS_Array_Services.TC_Services_WiFiTag_testCase_verifyWiFiTagChannelValueEdit_byClass_FAIL8_exception"
                       class="testMethodDetails">
                     <pre style="padding: 5px; margin: 0;">org.openqa.selenium.StaleElementReferenceException: stale element reference: element is not attached to the page document
                        (Session info: chrome=41.0.2272.101)
                        (Driver info: chromedriver=2.13.307647 (5a7d0541ebc58e69994a6fb2ed930f45261f3c29),platform=Windows NT 6.1 SP1 x86_64) (WARNING:
                        The server did not provide any stacktrace information)
                        Command duration or timeout: 11 milliseconds
                        For documentation on this error, please visit: http://seleniumhq.org/exceptions/stale_element_reference.html
                        Build info: version: '2.40.0', revision: 'fbe29a9', time: '2014-02-19 20:55:11'
                        System info: host: 'ANasser-8470p', ip: '10.100.23.51', os.name: 'Windows 7', os.arch: 'amd64', os.version: '6.1', java.version:
                        '1.7.0_60'
                        Session ID: 0678b768a48f09a57f764d706ad886d1
                        Driver info: org.openqa.selenium.chrome.ChromeDriver
                        Capabilities [{platform=XP, acceptSslCerts=true, javascriptEnabled=true, browserName=chrome, chrome={userDataDir=C:\Users\KARTIK~1.AIY\AppData\Local\Temp\scoped_dir71884_29411},
                        rotatable=false, locationContextEnabled=true, mobileEmulationEnabled=false, version=41.0.2272.101, takesHeapSnapshot=true,
                        cssSelectorsEnabled=true, databaseEnabled=false, handlesAlerts=true, browserConnectionEnabled=false, nativeEvents=true, webStorageEnabled=true,
                        applicationCacheEnabled=false, takesScreenshot=true}]
                        	at sun.reflect.GeneratedConstructorAccessor57.newInstance(Unknown Source)
                        	at sun.reflect.DelegatingConstructorAccessorImpl.newInstance(DelegatingConstructorAccessorImpl.java:45)
                        	at java.lang.reflect.Constructor.newInstance(Constructor.java:526)
                        	at org.openqa.selenium.remote.ErrorHandler.createThrowable(ErrorHandler.java:193)
                        	at org.openqa.selenium.remote.ErrorHandler.throwIfResponseFailed(ErrorHandler.java:145)
                        	at org.openqa.selenium.remote.RemoteWebDriver.execute(RemoteWebDriver.java:573)
                        	at org.openqa.selenium.remote.RemoteWebElement.execute(RemoteWebElement.java:268)
                        	at org.openqa.selenium.remote.RemoteWebElement.getAttribute(RemoteWebElement.java:123)
                        	at org.openqa.selenium.support.ui.Select.&lt;init&gt;(Select.java:51)
                        	at com.xirrus.xms.locallib.LocalLib.selectDropDown(LocalLib.java:273)
                        	at com.xirrus.xms.TS_Array_Services.TC_Services_WiFiTag.testCase_verifyWiFiTagChannelValueEdit(TC_Services_WiFiTag.java:470)
                        	at sun.reflect.NativeMethodAccessorImpl.invoke0(Native Method)
                        	at sun.reflect.NativeMethodAccessorImpl.invoke(NativeMethodAccessorImpl.java:57)
                        	at sun.reflect.DelegatingMethodAccessorImpl.invoke(DelegatingMethodAccessorImpl.java:43)
                        	at java.lang.reflect.Method.invoke(Method.java:606)
                        	at org.testng.internal.MethodInvocationHelper.invokeMethod(MethodInvocationHelper.java:74)
                        	at org.testng.internal.Invoker.invokeMethod(Invoker.java:673)
                        	at org.testng.internal.Invoker.invokeTestMethod(Invoker.java:846)
                        	at org.testng.internal.Invoker.invokeTestMethods(Invoker.java:1170)
                        	at org.testng.internal.TestMethodWorker.invokeTestMethods(TestMethodWorker.java:125)
                        	at org.testng.internal.TestMethodWorker.run(TestMethodWorker.java:109)
                        	at org.testng.TestRunner.runWorkers(TestRunner.java:1125)
                        	at org.testng.TestRunner.privateRun(TestRunner.java:749)
                        	at org.testng.TestRunner.run(TestRunner.java:600)
                        	at org.testng.SuiteRunner.runTest(SuiteRunner.java:317)
                        	at org.testng.SuiteRunner.runSequentially(SuiteRunner.java:312)
                        	at org.testng.SuiteRunner.privateRun(SuiteRunner.java:274)
                        	at org.testng.SuiteRunner.run(SuiteRunner.java:223)
                        	at org.testng.SuiteRunnerWorker.runSuite(SuiteRunnerWorker.java:52)
                        	at org.testng.SuiteRunnerWorker.run(SuiteRunnerWorker.java:86)
                        	at org.testng.TestNG.runSuitesSequentially(TestNG.java:965)
                        	at org.testng.TestNG.runSuitesSequentially(TestNG.java:961)
                        	at org.testng.TestNG.runSuitesLocally(TestNG.java:890)
                        	at org.testng.TestNG.run(TestNG.java:824)
                        	at org.testng.TestNG.privateMain(TestNG.java:1128)
                        	at org.testng.TestNG.main(TestNG.java:1092)
                     </pre>
                  </div>
               </td>
            </tr>
            <tr id="com.xirrus.xms.TS_Array_Services.TC_Services_WiFiTag_testCase_verifyWiFiTagEkahauSrvrEdit_byClass_PASS9_row"
                class="testMethodStatusPASS">
               <td width="100%" class="firstMethodCell">
                  <a onclick="toggleDetailsVisibility('com.xirrus.xms.TS_Array_Services.TC_Services_WiFiTag_testCase_verifyWiFiTagEkahauSrvrEdit_byClass_PASS9_details')">testCase_verifyWiFiTagEkahauSrvrEdit()</a>
               </td>
               <td nowrap="true">09:58:20</td>
               <td nowrap="true" align="right">39s
                  
               </td>
               <td nowrap="true">
                   
                  
               </td>
            </tr>
            <tr>
               <td colspan="4" class="detailsBox">
                  <div id="com.xirrus.xms.TS_Array_Services.TC_Services_WiFiTag_testCase_verifyWiFiTagEkahauSrvrEdit_byClass_PASS9_details"
                       class="testMethodDetails">
                     <div>
                        <b>Name: </b>testCase_verifyWiFiTagEkahauSrvrEdit
                     </div>
                     <div>
                        <b>Signature: </b>testCase_verifyWiFiTagEkahauSrvrEdit()
                     </div>
                     <div>
                        <b>Start time: </b>09:58:20
                     </div>
                     <div>
                        <b>End time: </b>09:58:59
                     </div>
                     <div>
                        <b>Duration: </b>39s
                        
                     </div>
                  </div>
               </td>
            </tr>
            <tr></tr>
            <tr id="com.xirrus.xms.TS_Array_Services.TC_Services_WiFiTag_testCase_verifyWiFiTagUDPPortFieldValidation_byClass_PASS10_row"
                class="testMethodStatusPASS">
               <td width="100%" class="firstMethodCell">
                  <a onclick="toggleDetailsVisibility('com.xirrus.xms.TS_Array_Services.TC_Services_WiFiTag_testCase_verifyWiFiTagUDPPortFieldValidation_byClass_PASS10_details')">testCase_verifyWiFiTagUDPPortFieldValidation()</a>
               </td>
               <td nowrap="true">09:58:59</td>
               <td nowrap="true" align="right">58s
                  
               </td>
               <td nowrap="true">
                   
                  
               </td>
            </tr>
            <tr>
               <td colspan="4" class="detailsBox">
                  <div id="com.xirrus.xms.TS_Array_Services.TC_Services_WiFiTag_testCase_verifyWiFiTagUDPPortFieldValidation_byClass_PASS10_details"
                       class="testMethodDetails">
                     <div>
                        <b>Name: </b>testCase_verifyWiFiTagUDPPortFieldValidation
                     </div>
                     <div>
                        <b>Signature: </b>testCase_verifyWiFiTagUDPPortFieldValidation()
                     </div>
                     <div>
                        <b>Start time: </b>09:58:59
                     </div>
                     <div>
                        <b>End time: </b>09:59:57
                     </div>
                     <div>
                        <b>Duration: </b>58s
                        
                     </div>
                  </div>
               </td>
            </tr>
            <tr></tr>
            <tr id="com.xirrus.xms.TS_Array_Services.TC_Services_WiFiTag_testCase_verifyWiFiTagEkahauSrvrFieldValidation_byClass_FAIL11_row"
                class="testMethodStatusFAIL">
               <td width="100%" class="firstMethodCell">
                  <a onclick="toggleDetailsVisibility('com.xirrus.xms.TS_Array_Services.TC_Services_WiFiTag_testCase_verifyWiFiTagEkahauSrvrFieldValidation_byClass_FAIL11_details')">testCase_verifyWiFiTagEkahauSrvrFieldValidation()</a>
               </td>
               <td nowrap="true">09:59:57</td>
               <td nowrap="true" align="right">2m
                  
               </td>
               <td nowrap="true">
                  <a onclick="toggleDetailsVisibility('com.xirrus.xms.TS_Array_Services.TC_Services_WiFiTag_testCase_verifyWiFiTagEkahauSrvrFieldValidation_byClass_FAIL11_exception')">java.lang.AssertionError: 
                     FAIL- Verification Failed!!!EkahauSrvrInvalidHostNamewarning-TC_Services_WiFiTag-testCase_verifyWiFiTagEkahauSrvrFieldValidation
                     
                  </a>
                   
                  
               </td>
            </tr>
            <tr>
               <td colspan="4" class="detailsBox">
                  <div id="com.xirrus.xms.TS_Array_Services.TC_Services_WiFiTag_testCase_verifyWiFiTagEkahauSrvrFieldValidation_byClass_FAIL11_details"
                       class="testMethodDetails">
                     <div>
                        <b>Name: </b>testCase_verifyWiFiTagEkahauSrvrFieldValidation
                     </div>
                     <div>
                        <b>Signature: </b>testCase_verifyWiFiTagEkahauSrvrFieldValidation()
                     </div>
                     <div>
                        <b>Start time: </b>09:59:57
                     </div>
                     <div>
                        <b>End time: </b>10:01:57
                     </div>
                     <div>
                        <b>Duration: </b>2m
                        
                     </div>
                  </div>
               </td>
            </tr>
            <tr>
               <td colspan="4" class="detailsBox">
                  <div id="com.xirrus.xms.TS_Array_Services.TC_Services_WiFiTag_testCase_verifyWiFiTagEkahauSrvrFieldValidation_byClass_FAIL11_exception"
                       class="testMethodDetails">
                     <pre style="padding: 5px; margin: 0;">java.lang.AssertionError: FAIL- Verification Failed!!!EkahauSrvrInvalidHostNamewarning-TC_Services_WiFiTag-testCase_verifyWiFiTagEkahauSrvrFieldValidation
                        	at org.testng.Assert.fail(Assert.java:89)
                        	at com.xirrus.xms.locallib.LocalLib.verifyStringequals(LocalLib.java:128)
                        	at com.xirrus.xms.TS_Array_Services.TC_Services_WiFiTag.testCase_verifyWiFiTagEkahauSrvrFieldValidation(TC_Services_WiFiTag.java:771)
                        	at sun.reflect.NativeMethodAccessorImpl.invoke0(Native Method)
                        	at sun.reflect.NativeMethodAccessorImpl.invoke(NativeMethodAccessorImpl.java:57)
                        	at sun.reflect.DelegatingMethodAccessorImpl.invoke(DelegatingMethodAccessorImpl.java:43)
                        	at java.lang.reflect.Method.invoke(Method.java:606)
                        	at org.testng.internal.MethodInvocationHelper.invokeMethod(MethodInvocationHelper.java:74)
                        	at org.testng.internal.Invoker.invokeMethod(Invoker.java:673)
                        	at org.testng.internal.Invoker.invokeTestMethod(Invoker.java:846)
                        	at org.testng.internal.Invoker.invokeTestMethods(Invoker.java:1170)
                        	at org.testng.internal.TestMethodWorker.invokeTestMethods(TestMethodWorker.java:125)
                        	at org.testng.internal.TestMethodWorker.run(TestMethodWorker.java:109)
                        	at org.testng.TestRunner.runWorkers(TestRunner.java:1125)
                        	at org.testng.TestRunner.privateRun(TestRunner.java:749)
                        	at org.testng.TestRunner.run(TestRunner.java:600)
                        	at org.testng.SuiteRunner.runTest(SuiteRunner.java:317)
                        	at org.testng.SuiteRunner.runSequentially(SuiteRunner.java:312)
                        	at org.testng.SuiteRunner.privateRun(SuiteRunner.java:274)
                        	at org.testng.SuiteRunner.run(SuiteRunner.java:223)
                        	at org.testng.SuiteRunnerWorker.runSuite(SuiteRunnerWorker.java:52)
                        	at org.testng.SuiteRunnerWorker.run(SuiteRunnerWorker.java:86)
                        	at org.testng.TestNG.runSuitesSequentially(TestNG.java:965)
                        	at org.testng.TestNG.runSuitesSequentially(TestNG.java:961)
                        	at org.testng.TestNG.runSuitesLocally(TestNG.java:890)
                        	at org.testng.TestNG.run(TestNG.java:824)
                        	at org.testng.TestNG.privateMain(TestNG.java:1128)
                        	at org.testng.TestNG.main(TestNG.java:1092)
                     </pre>
                  </div>
               </td>
            </tr>
            <tr id="com.xirrus.xms.TS_Array_Services.TC_Services_WiFiTag_testCase_verifyWiFiTagSupportDisable_byClass_PASS12_row"
                class="testMethodStatusPASS">
               <td width="100%" class="firstMethodCell">
                  <a onclick="toggleDetailsVisibility('com.xirrus.xms.TS_Array_Services.TC_Services_WiFiTag_testCase_verifyWiFiTagSupportDisable_byClass_PASS12_details')">testCase_verifyWiFiTagSupportDisable()</a>
               </td>
               <td nowrap="true">10:01:57</td>
               <td nowrap="true" align="right">38s
                  
               </td>
               <td nowrap="true">
                   
                  
               </td>
            </tr>
            <tr>
               <td colspan="4" class="detailsBox">
                  <div id="com.xirrus.xms.TS_Array_Services.TC_Services_WiFiTag_testCase_verifyWiFiTagSupportDisable_byClass_PASS12_details"
                       class="testMethodDetails">
                     <div>
                        <b>Name: </b>testCase_verifyWiFiTagSupportDisable
                     </div>
                     <div>
                        <b>Signature: </b>testCase_verifyWiFiTagSupportDisable()
                     </div>
                     <div>
                        <b>Start time: </b>10:01:57
                     </div>
                     <div>
                        <b>End time: </b>10:02:35
                     </div>
                     <div>
                        <b>Duration: </b>38s
                        
                     </div>
                  </div>
               </td>
            </tr>
            <tr></tr>
            <tr id="com.xirrus.xms.TS_Array_Services.TC_Services_WiFiTag_testCompleted_byClass_PASS13_row"
                class="testMethodStatusPASS testMethodStatusCONF">
               <td width="100%" class="firstMethodCell">
                  <a onclick="toggleDetailsVisibility('com.xirrus.xms.TS_Array_Services.TC_Services_WiFiTag_testCompleted_byClass_PASS13_details')">testCompleted()</a>
               </td>
               <td nowrap="true">10:02:35</td>
               <td nowrap="true" align="right">0 ms
                  
               </td>
               <td nowrap="true">
                   
                  
               </td>
            </tr>
            <tr>
               <td colspan="4" class="detailsBox">
                  <div id="com.xirrus.xms.TS_Array_Services.TC_Services_WiFiTag_testCompleted_byClass_PASS13_details"
                       class="testMethodDetails">
                     <div>
                        <b>Name: </b>testCompleted
                     </div>
                     <div>
                        <b>Signature: </b>testCompleted()
                     </div>
                     <div>
                        <b>Start time: </b>10:02:35
                     </div>
                     <div>
                        <b>End time: </b>10:02:35
                     </div>
                     <div>
                        <b>Duration: </b>0 ms
                        
                     </div>
                  </div>
               </td>
            </tr>
            <tr></tr>
         </table>
         <br></br>
      </div>
      <div style="margin-top: 15px; color: gray; text-align: center; font-size: 9px;">
         Generated with
         
         <a href="http://code.google.com/p/testng-xslt/" style="color: #8888aa;"
            target="_blank">
            TestNG XSLT
            
         </a>
      </div>
   </body>
</html>