<html xmlns:math="http://exslt.org/math" xmlns:testng="http://testng.org">
   <head>
      <title>TestNG Results</title>
      <meta http-equiv="content-type" content="text/html; charset=utf-8"></meta>
      <meta http-equiv="pragma" content="no-cache"></meta>
      <meta http-equiv="cache-control" content="max-age=0"></meta>
      <meta http-equiv="cache-control" content="no-cache"></meta>
      <meta http-equiv="cache-control" content="no-store"></meta>
      <LINK rel="stylesheet" href="style.css"></LINK>
      <script type="text/javascript" src="main.js"></script>
   </head>
   <body>
      <table width="100%" style="font-size: 16px; margin-bottom: 10px;" cellspacing="1">
         <tr>
            <td width="100%">
               All methods in suite
               
               <b>TS_Array_SSIDs</b>
            </td>
            <td style="background-color: #FFBBBB; padding: 3px 3px 3px 0;" align="center">
               <div style="width: 50px;">4</div>
            </td>
            <td style="background-color: lightgreen; padding: 3px 3px 3px 0;" align="center">
               <div style="width: 50px;">19</div>
            </td>
            <td style="background-color: #FFFFBB; padding: 3px 3px 3px 0;" align="center">
               <div style="width: 50px;">0</div>
            </td>
            <td align="center" style="background-color: #eaf0f7; padding: 3px 3px 3px 0;">
               <div style="width: 50px;">23</div>
            </td>
            <td align="center"
                style="font-weight: bold; background-color: #eaf0f7; padding: 3px 3px 3px 0;">
               <div style="width: 50px;">83%</div>
            </td>
            <td style="background-color: #eaf0f7; padding: 3px 3px 3px 0;" align="center"
                nowrap="true">25m
               29s
               
            </td>
         </tr>
      </table>
      <div style="width: 200px;">
         <label for="groupMethodsCheckBox" style="font-weight: bold; margin: 0;">
            <input id="groupMethodsCheckBox" type="checkbox" onclick="switchTestMethodsView(this)"></input>
            Group by class
            
         </label>
         <br></br>
         <label for="methodsFilter_ALL" style="font-weight: bold; margin: 0;">
            <input id="methodsFilter_ALL" type="checkbox"
                   onclick="testMethodsFilterChanged(this, 'ALL')"></input>
            All
            
         </label>
      </div>
      <label for="methodsFilter_FAIL" style="margin-left: 20px;">
         <input id="methodsFilter_FAIL" type="checkbox"
                onclick="testMethodsFilterChanged(this, 'FAIL')"
                checked=""></input>
         Failed
         
      </label>
      <label for="methodsFilter_PASS">
         <input id="methodsFilter_PASS" type="checkbox"
                onclick="testMethodsFilterChanged(this, 'PASS')"
                checked=""></input>
         Passed
         
      </label>
      <label for="methodsFilter_SKIP">
         <input id="methodsFilter_SKIP" type="checkbox"
                onclick="testMethodsFilterChanged(this, 'SKIP')"
                checked=""></input>
         Skipped
         
      </label>
      <label for="methodsFilter_CONF">
         <input id="methodsFilter_CONF" type="checkbox"
                onclick="testMethodsFilterChanged(this, 'CONF')"></input>
         Config
         
      </label>
      <br></br>
      <div id="testMethodsByStatus">
         <table class="testMethodsTable" cellpadding="0" cellspacing="0">
            <tr class="methodsTableHeader">
               <td width="100%">Name</td>
               <td nowrap="true">Started</td>
               <td nowrap="true">Duration</td>
               <td>Exception</td>
            </tr>
            <tr id="com.xirrus.xms.TS_Array_SSIDs.TC_SSIDs_Mgmt_GeneralSettings_testCase_VerifyAddSSIDwithcustomGeneralSettings_byStatus_failed_FAIL1_row"
                class="testMethodStatusFAIL">
               <td width="100%" class="firstMethodCell">
                  <a onclick="toggleDetailsVisibility('com.xirrus.xms.TS_Array_SSIDs.TC_SSIDs_Mgmt_GeneralSettings_testCase_VerifyAddSSIDwithcustomGeneralSettings_byStatus_failed_FAIL1_details')">testCase_VerifyAddSSIDwithcustomGeneralSettings()</a>
               </td>
               <td nowrap="true">10:54:21</td>
               <td nowrap="true" align="right">37s
                  
               </td>
               <td nowrap="true">
                  <a onclick="toggleDetailsVisibility('com.xirrus.xms.TS_Array_SSIDs.TC_SSIDs_Mgmt_GeneralSettings_testCase_VerifyAddSSIDwithcustomGeneralSettings_byStatus_failed_FAIL1_exception')">org.openqa.selenium.NoSuchElementException: 
                     Cannot locate element with text: SSIDVLAN
                     For documentation on this error, please visit: http://seleniumhq.org/exceptions/no_such_element.html
                     Build info: version: '2.40.0', revision: 'fbe29a9', time: '2014-02-19 20:55:11'
                     System info: host: 'ANasser-8470p', ip: '10.100.23.51', os.name: 'Windows 7', os.arch: 'amd64', os.version: '6.1', java.version:
                     '1.7.0_60'
                     Driver info: driver.version: unknown
                     
                  </a>
                   
                  
               </td>
            </tr>
            <tr>
               <td colspan="4" class="detailsBox">
                  <div id="com.xirrus.xms.TS_Array_SSIDs.TC_SSIDs_Mgmt_GeneralSettings_testCase_VerifyAddSSIDwithcustomGeneralSettings_byStatus_failed_FAIL1_details"
                       class="testMethodDetails">
                     <div>
                        <b>Name: </b>testCase_VerifyAddSSIDwithcustomGeneralSettings
                     </div>
                     <div>
                        <b>Signature: </b>testCase_VerifyAddSSIDwithcustomGeneralSettings()
                     </div>
                     <div>
                        <b>Start time: </b>10:54:21
                     </div>
                     <div>
                        <b>End time: </b>10:54:58
                     </div>
                     <div>
                        <b>Duration: </b>37s
                        
                     </div>
                  </div>
               </td>
            </tr>
            <tr>
               <td colspan="4" class="detailsBox">
                  <div id="com.xirrus.xms.TS_Array_SSIDs.TC_SSIDs_Mgmt_GeneralSettings_testCase_VerifyAddSSIDwithcustomGeneralSettings_byStatus_failed_FAIL1_exception"
                       class="testMethodDetails">
                     <pre style="padding: 5px; margin: 0;">org.openqa.selenium.NoSuchElementException: Cannot locate element with text: SSIDVLAN
                        For documentation on this error, please visit: http://seleniumhq.org/exceptions/no_such_element.html
                        Build info: version: '2.40.0', revision: 'fbe29a9', time: '2014-02-19 20:55:11'
                        System info: host: 'ANasser-8470p', ip: '10.100.23.51', os.name: 'Windows 7', os.arch: 'amd64', os.version: '6.1', java.version:
                        '1.7.0_60'
                        Driver info: driver.version: unknown
                        	at org.openqa.selenium.support.ui.Select.selectByVisibleText(Select.java:147)
                        	at com.xirrus.xms.locallib.LocalLib.selectDropDown(LocalLib.java:274)
                        	at com.xirrus.xms.TS_Array_SSIDs.TC_SSIDs_Mgmt_GeneralSettings.testCase_VerifyAddSSIDwithcustomGeneralSettings(TC_SSIDs_Mgmt_GeneralSettings.java:613)
                        	at sun.reflect.NativeMethodAccessorImpl.invoke0(Native Method)
                        	at sun.reflect.NativeMethodAccessorImpl.invoke(NativeMethodAccessorImpl.java:57)
                        	at sun.reflect.DelegatingMethodAccessorImpl.invoke(DelegatingMethodAccessorImpl.java:43)
                        	at java.lang.reflect.Method.invoke(Method.java:606)
                        	at org.testng.internal.MethodInvocationHelper.invokeMethod(MethodInvocationHelper.java:74)
                        	at org.testng.internal.Invoker.invokeMethod(Invoker.java:673)
                        	at org.testng.internal.Invoker.invokeTestMethod(Invoker.java:846)
                        	at org.testng.internal.Invoker.invokeTestMethods(Invoker.java:1170)
                        	at org.testng.internal.TestMethodWorker.invokeTestMethods(TestMethodWorker.java:125)
                        	at org.testng.internal.TestMethodWorker.run(TestMethodWorker.java:109)
                        	at org.testng.TestRunner.runWorkers(TestRunner.java:1125)
                        	at org.testng.TestRunner.privateRun(TestRunner.java:749)
                        	at org.testng.TestRunner.run(TestRunner.java:600)
                        	at org.testng.SuiteRunner.runTest(SuiteRunner.java:317)
                        	at org.testng.SuiteRunner.runSequentially(SuiteRunner.java:312)
                        	at org.testng.SuiteRunner.privateRun(SuiteRunner.java:274)
                        	at org.testng.SuiteRunner.run(SuiteRunner.java:223)
                        	at org.testng.SuiteRunnerWorker.runSuite(SuiteRunnerWorker.java:52)
                        	at org.testng.SuiteRunnerWorker.run(SuiteRunnerWorker.java:86)
                        	at org.testng.TestNG.runSuitesSequentially(TestNG.java:965)
                        	at org.testng.TestNG.runSuitesSequentially(TestNG.java:961)
                        	at org.testng.TestNG.runSuitesLocally(TestNG.java:890)
                        	at org.testng.TestNG.run(TestNG.java:824)
                        	at org.testng.TestNG.privateMain(TestNG.java:1128)
                        	at org.testng.TestNG.main(TestNG.java:1092)
                     </pre>
                  </div>
               </td>
            </tr>
            <tr id="com.xirrus.xms.TS_Array_SSIDs.TC_SSIDs_Mgmt_GeneralSettings_testCase_VerifyEditSSIDGeneralSettings_byStatus_failed_FAIL2_row"
                class="testMethodStatusFAIL">
               <td width="100%" class="firstMethodCell">
                  <a onclick="toggleDetailsVisibility('com.xirrus.xms.TS_Array_SSIDs.TC_SSIDs_Mgmt_GeneralSettings_testCase_VerifyEditSSIDGeneralSettings_byStatus_failed_FAIL2_details')">testCase_VerifyEditSSIDGeneralSettings()</a>
               </td>
               <td nowrap="true">10:54:58</td>
               <td nowrap="true" align="right">15s
                  
               </td>
               <td nowrap="true">
                  <a onclick="toggleDetailsVisibility('com.xirrus.xms.TS_Array_SSIDs.TC_SSIDs_Mgmt_GeneralSettings_testCase_VerifyEditSSIDGeneralSettings_byStatus_failed_FAIL2_exception')">org.openqa.selenium.NoSuchElementException: 
                     Cannot locate element with text: custom
                     For documentation on this error, please visit: http://seleniumhq.org/exceptions/no_such_element.html
                     Build info: version: '2.40.0', revision: 'fbe29a9', time: '2014-02-19 20:55:11'
                     System info: host: 'ANasser-8470p', ip: '10.100.23.51', os.name: 'Windows 7', os.arch: 'amd64', os.version: '6.1', java.version:
                     '1.7.0_60'
                     Driver info: driver.version: unknown
                     
                  </a>
                   
                  
               </td>
            </tr>
            <tr>
               <td colspan="4" class="detailsBox">
                  <div id="com.xirrus.xms.TS_Array_SSIDs.TC_SSIDs_Mgmt_GeneralSettings_testCase_VerifyEditSSIDGeneralSettings_byStatus_failed_FAIL2_details"
                       class="testMethodDetails">
                     <div>
                        <b>Name: </b>testCase_VerifyEditSSIDGeneralSettings
                     </div>
                     <div>
                        <b>Signature: </b>testCase_VerifyEditSSIDGeneralSettings()
                     </div>
                     <div>
                        <b>Start time: </b>10:54:58
                     </div>
                     <div>
                        <b>End time: </b>10:55:12
                     </div>
                     <div>
                        <b>Duration: </b>15s
                        
                     </div>
                  </div>
               </td>
            </tr>
            <tr>
               <td colspan="4" class="detailsBox">
                  <div id="com.xirrus.xms.TS_Array_SSIDs.TC_SSIDs_Mgmt_GeneralSettings_testCase_VerifyEditSSIDGeneralSettings_byStatus_failed_FAIL2_exception"
                       class="testMethodDetails">
                     <pre style="padding: 5px; margin: 0;">org.openqa.selenium.NoSuchElementException: Cannot locate element with text: custom
                        For documentation on this error, please visit: http://seleniumhq.org/exceptions/no_such_element.html
                        Build info: version: '2.40.0', revision: 'fbe29a9', time: '2014-02-19 20:55:11'
                        System info: host: 'ANasser-8470p', ip: '10.100.23.51', os.name: 'Windows 7', os.arch: 'amd64', os.version: '6.1', java.version:
                        '1.7.0_60'
                        Driver info: driver.version: unknown
                        	at org.openqa.selenium.support.ui.Select.selectByVisibleText(Select.java:147)
                        	at com.xirrus.xms.locallib.LocalLib.selectDropDown(LocalLib.java:274)
                        	at com.xirrus.xms.TS_Array_SSIDs.TC_SSIDs_Mgmt_GeneralSettings.testCase_VerifyEditSSIDGeneralSettings(TC_SSIDs_Mgmt_GeneralSettings.java:849)
                        	at sun.reflect.NativeMethodAccessorImpl.invoke0(Native Method)
                        	at sun.reflect.NativeMethodAccessorImpl.invoke(NativeMethodAccessorImpl.java:57)
                        	at sun.reflect.DelegatingMethodAccessorImpl.invoke(DelegatingMethodAccessorImpl.java:43)
                        	at java.lang.reflect.Method.invoke(Method.java:606)
                        	at org.testng.internal.MethodInvocationHelper.invokeMethod(MethodInvocationHelper.java:74)
                        	at org.testng.internal.Invoker.invokeMethod(Invoker.java:673)
                        	at org.testng.internal.Invoker.invokeTestMethod(Invoker.java:846)
                        	at org.testng.internal.Invoker.invokeTestMethods(Invoker.java:1170)
                        	at org.testng.internal.TestMethodWorker.invokeTestMethods(TestMethodWorker.java:125)
                        	at org.testng.internal.TestMethodWorker.run(TestMethodWorker.java:109)
                        	at org.testng.TestRunner.runWorkers(TestRunner.java:1125)
                        	at org.testng.TestRunner.privateRun(TestRunner.java:749)
                        	at org.testng.TestRunner.run(TestRunner.java:600)
                        	at org.testng.SuiteRunner.runTest(SuiteRunner.java:317)
                        	at org.testng.SuiteRunner.runSequentially(SuiteRunner.java:312)
                        	at org.testng.SuiteRunner.privateRun(SuiteRunner.java:274)
                        	at org.testng.SuiteRunner.run(SuiteRunner.java:223)
                        	at org.testng.SuiteRunnerWorker.runSuite(SuiteRunnerWorker.java:52)
                        	at org.testng.SuiteRunnerWorker.run(SuiteRunnerWorker.java:86)
                        	at org.testng.TestNG.runSuitesSequentially(TestNG.java:965)
                        	at org.testng.TestNG.runSuitesSequentially(TestNG.java:961)
                        	at org.testng.TestNG.runSuitesLocally(TestNG.java:890)
                        	at org.testng.TestNG.run(TestNG.java:824)
                        	at org.testng.TestNG.privateMain(TestNG.java:1128)
                        	at org.testng.TestNG.main(TestNG.java:1092)
                     </pre>
                  </div>
               </td>
            </tr>
            <tr id="com.xirrus.xms.TS_Array_SSIDs.TC_SSIDs_Mgmt_GeneralSettings_testCase_VerifyDeleteSSID_byStatus_failed_FAIL3_row"
                class="testMethodStatusFAIL">
               <td width="100%" class="firstMethodCell">
                  <a onclick="toggleDetailsVisibility('com.xirrus.xms.TS_Array_SSIDs.TC_SSIDs_Mgmt_GeneralSettings_testCase_VerifyDeleteSSID_byStatus_failed_FAIL3_details')">testCase_VerifyDeleteSSID()</a>
               </td>
               <td nowrap="true">10:55:12</td>
               <td nowrap="true" align="right">15s
                  
               </td>
               <td nowrap="true">
                  <a onclick="toggleDetailsVisibility('com.xirrus.xms.TS_Array_SSIDs.TC_SSIDs_Mgmt_GeneralSettings_testCase_VerifyDeleteSSID_byStatus_failed_FAIL3_exception')">org.openqa.selenium.NoSuchElementException: 
                     Cannot locate element with text: custom
                     For documentation on this error, please visit: http://seleniumhq.org/exceptions/no_such_element.html
                     Build info: version: '2.40.0', revision: 'fbe29a9', time: '2014-02-19 20:55:11'
                     System info: host: 'ANasser-8470p', ip: '10.100.23.51', os.name: 'Windows 7', os.arch: 'amd64', os.version: '6.1', java.version:
                     '1.7.0_60'
                     Driver info: driver.version: unknown
                     
                  </a>
                   
                  
               </td>
            </tr>
            <tr>
               <td colspan="4" class="detailsBox">
                  <div id="com.xirrus.xms.TS_Array_SSIDs.TC_SSIDs_Mgmt_GeneralSettings_testCase_VerifyDeleteSSID_byStatus_failed_FAIL3_details"
                       class="testMethodDetails">
                     <div>
                        <b>Name: </b>testCase_VerifyDeleteSSID
                     </div>
                     <div>
                        <b>Signature: </b>testCase_VerifyDeleteSSID()
                     </div>
                     <div>
                        <b>Start time: </b>10:55:12
                     </div>
                     <div>
                        <b>End time: </b>10:55:27
                     </div>
                     <div>
                        <b>Duration: </b>15s
                        
                     </div>
                  </div>
               </td>
            </tr>
            <tr>
               <td colspan="4" class="detailsBox">
                  <div id="com.xirrus.xms.TS_Array_SSIDs.TC_SSIDs_Mgmt_GeneralSettings_testCase_VerifyDeleteSSID_byStatus_failed_FAIL3_exception"
                       class="testMethodDetails">
                     <pre style="padding: 5px; margin: 0;">org.openqa.selenium.NoSuchElementException: Cannot locate element with text: custom
                        For documentation on this error, please visit: http://seleniumhq.org/exceptions/no_such_element.html
                        Build info: version: '2.40.0', revision: 'fbe29a9', time: '2014-02-19 20:55:11'
                        System info: host: 'ANasser-8470p', ip: '10.100.23.51', os.name: 'Windows 7', os.arch: 'amd64', os.version: '6.1', java.version:
                        '1.7.0_60'
                        Driver info: driver.version: unknown
                        	at org.openqa.selenium.support.ui.Select.selectByVisibleText(Select.java:147)
                        	at com.xirrus.xms.locallib.LocalLib.selectDropDown(LocalLib.java:274)
                        	at com.xirrus.xms.TS_Array_SSIDs.TC_SSIDs_Mgmt_GeneralSettings.testCase_VerifyDeleteSSID(TC_SSIDs_Mgmt_GeneralSettings.java:1088)
                        	at sun.reflect.NativeMethodAccessorImpl.invoke0(Native Method)
                        	at sun.reflect.NativeMethodAccessorImpl.invoke(NativeMethodAccessorImpl.java:57)
                        	at sun.reflect.DelegatingMethodAccessorImpl.invoke(DelegatingMethodAccessorImpl.java:43)
                        	at java.lang.reflect.Method.invoke(Method.java:606)
                        	at org.testng.internal.MethodInvocationHelper.invokeMethod(MethodInvocationHelper.java:74)
                        	at org.testng.internal.Invoker.invokeMethod(Invoker.java:673)
                        	at org.testng.internal.Invoker.invokeTestMethod(Invoker.java:846)
                        	at org.testng.internal.Invoker.invokeTestMethods(Invoker.java:1170)
                        	at org.testng.internal.TestMethodWorker.invokeTestMethods(TestMethodWorker.java:125)
                        	at org.testng.internal.TestMethodWorker.run(TestMethodWorker.java:109)
                        	at org.testng.TestRunner.runWorkers(TestRunner.java:1125)
                        	at org.testng.TestRunner.privateRun(TestRunner.java:749)
                        	at org.testng.TestRunner.run(TestRunner.java:600)
                        	at org.testng.SuiteRunner.runTest(SuiteRunner.java:317)
                        	at org.testng.SuiteRunner.runSequentially(SuiteRunner.java:312)
                        	at org.testng.SuiteRunner.privateRun(SuiteRunner.java:274)
                        	at org.testng.SuiteRunner.run(SuiteRunner.java:223)
                        	at org.testng.SuiteRunnerWorker.runSuite(SuiteRunnerWorker.java:52)
                        	at org.testng.SuiteRunnerWorker.run(SuiteRunnerWorker.java:86)
                        	at org.testng.TestNG.runSuitesSequentially(TestNG.java:965)
                        	at org.testng.TestNG.runSuitesSequentially(TestNG.java:961)
                        	at org.testng.TestNG.runSuitesLocally(TestNG.java:890)
                        	at org.testng.TestNG.run(TestNG.java:824)
                        	at org.testng.TestNG.privateMain(TestNG.java:1128)
                        	at org.testng.TestNG.main(TestNG.java:1092)
                     </pre>
                  </div>
               </td>
            </tr>
            <tr id="com.xirrus.xms.TS_Array_SSIDs.TC_SSIDs_Mgmt_GeneralSettings_testCase_VerifySSIDNameFieldValidation_byStatus_failed_FAIL4_row"
                class="testMethodStatusFAIL">
               <td width="100%" class="firstMethodCell">
                  <a onclick="toggleDetailsVisibility('com.xirrus.xms.TS_Array_SSIDs.TC_SSIDs_Mgmt_GeneralSettings_testCase_VerifySSIDNameFieldValidation_byStatus_failed_FAIL4_details')">testCase_VerifySSIDNameFieldValidation()</a>
               </td>
               <td nowrap="true">11:03:29</td>
               <td nowrap="true" align="right">28s
                  
               </td>
               <td nowrap="true">
                  <a onclick="toggleDetailsVisibility('com.xirrus.xms.TS_Array_SSIDs.TC_SSIDs_Mgmt_GeneralSettings_testCase_VerifySSIDNameFieldValidation_byStatus_failed_FAIL4_exception')">java.lang.AssertionError: 
                     FAIL- Verification Failed!!!ExistingSSIDWarning-TC_SSIDs_Mgmt_GeneralSettings-testCase_VerifySSIDNameFieldValidation
                     
                  </a>
                   
                  
               </td>
            </tr>
            <tr>
               <td colspan="4" class="detailsBox">
                  <div id="com.xirrus.xms.TS_Array_SSIDs.TC_SSIDs_Mgmt_GeneralSettings_testCase_VerifySSIDNameFieldValidation_byStatus_failed_FAIL4_details"
                       class="testMethodDetails">
                     <div>
                        <b>Name: </b>testCase_VerifySSIDNameFieldValidation
                     </div>
                     <div>
                        <b>Signature: </b>testCase_VerifySSIDNameFieldValidation()
                     </div>
                     <div>
                        <b>Start time: </b>11:03:29
                     </div>
                     <div>
                        <b>End time: </b>11:03:58
                     </div>
                     <div>
                        <b>Duration: </b>28s
                        
                     </div>
                  </div>
               </td>
            </tr>
            <tr>
               <td colspan="4" class="detailsBox">
                  <div id="com.xirrus.xms.TS_Array_SSIDs.TC_SSIDs_Mgmt_GeneralSettings_testCase_VerifySSIDNameFieldValidation_byStatus_failed_FAIL4_exception"
                       class="testMethodDetails">
                     <pre style="padding: 5px; margin: 0;">java.lang.AssertionError: FAIL- Verification Failed!!!ExistingSSIDWarning-TC_SSIDs_Mgmt_GeneralSettings-testCase_VerifySSIDNameFieldValidation
                        	at org.testng.Assert.fail(Assert.java:89)
                        	at com.xirrus.xms.locallib.LocalLib.verifyStringequals(LocalLib.java:128)
                        	at com.xirrus.xms.TS_Array_SSIDs.TC_SSIDs_Mgmt_GeneralSettings.testCase_VerifySSIDNameFieldValidation(TC_SSIDs_Mgmt_GeneralSettings.java:1440)
                        	at sun.reflect.NativeMethodAccessorImpl.invoke0(Native Method)
                        	at sun.reflect.NativeMethodAccessorImpl.invoke(NativeMethodAccessorImpl.java:57)
                        	at sun.reflect.DelegatingMethodAccessorImpl.invoke(DelegatingMethodAccessorImpl.java:43)
                        	at java.lang.reflect.Method.invoke(Method.java:606)
                        	at org.testng.internal.MethodInvocationHelper.invokeMethod(MethodInvocationHelper.java:74)
                        	at org.testng.internal.Invoker.invokeMethod(Invoker.java:673)
                        	at org.testng.internal.Invoker.invokeTestMethod(Invoker.java:846)
                        	at org.testng.internal.Invoker.invokeTestMethods(Invoker.java:1170)
                        	at org.testng.internal.TestMethodWorker.invokeTestMethods(TestMethodWorker.java:125)
                        	at org.testng.internal.TestMethodWorker.run(TestMethodWorker.java:109)
                        	at org.testng.TestRunner.runWorkers(TestRunner.java:1125)
                        	at org.testng.TestRunner.privateRun(TestRunner.java:749)
                        	at org.testng.TestRunner.run(TestRunner.java:600)
                        	at org.testng.SuiteRunner.runTest(SuiteRunner.java:317)
                        	at org.testng.SuiteRunner.runSequentially(SuiteRunner.java:312)
                        	at org.testng.SuiteRunner.privateRun(SuiteRunner.java:274)
                        	at org.testng.SuiteRunner.run(SuiteRunner.java:223)
                        	at org.testng.SuiteRunnerWorker.runSuite(SuiteRunnerWorker.java:52)
                        	at org.testng.SuiteRunnerWorker.run(SuiteRunnerWorker.java:86)
                        	at org.testng.TestNG.runSuitesSequentially(TestNG.java:965)
                        	at org.testng.TestNG.runSuitesSequentially(TestNG.java:961)
                        	at org.testng.TestNG.runSuitesLocally(TestNG.java:890)
                        	at org.testng.TestNG.run(TestNG.java:824)
                        	at org.testng.TestNG.privateMain(TestNG.java:1128)
                        	at org.testng.TestNG.main(TestNG.java:1092)
                     </pre>
                  </div>
               </td>
            </tr>
            <tr id="com.xirrus.xms.TS_Array_SSIDs.TC_SSIDs_Mgmt_Authentication_checkTestSkip_byStatus_passed_PASS1_row"
                class="testMethodStatusPASS testMethodStatusCONF">
               <td width="100%" class="firstMethodCell">
                  <a onclick="toggleDetailsVisibility('com.xirrus.xms.TS_Array_SSIDs.TC_SSIDs_Mgmt_Authentication_checkTestSkip_byStatus_passed_PASS1_details')">checkTestSkip()</a>
               </td>
               <td nowrap="true">11:03:58</td>
               <td nowrap="true" align="right">28 ms
                  
               </td>
               <td nowrap="true">
                   
                  
               </td>
            </tr>
            <tr>
               <td colspan="4" class="detailsBox">
                  <div id="com.xirrus.xms.TS_Array_SSIDs.TC_SSIDs_Mgmt_Authentication_checkTestSkip_byStatus_passed_PASS1_details"
                       class="testMethodDetails">
                     <div>
                        <b>Name: </b>checkTestSkip
                     </div>
                     <div>
                        <b>Signature: </b>checkTestSkip()
                     </div>
                     <div>
                        <b>Start time: </b>11:03:58
                     </div>
                     <div>
                        <b>End time: </b>11:03:58
                     </div>
                     <div>
                        <b>Duration: </b>28 ms
                        
                     </div>
                  </div>
               </td>
            </tr>
            <tr></tr>
            <tr id="com.xirrus.xms.TS_Array_SSIDs.TC_SSIDs_Mgmt_Authentication_testCase_VerifyAddSSIDwithDefaultGeneralSettings_byStatus_passed_PASS2_row"
                class="testMethodStatusPASS">
               <td width="100%" class="firstMethodCell">
                  <a onclick="toggleDetailsVisibility('com.xirrus.xms.TS_Array_SSIDs.TC_SSIDs_Mgmt_Authentication_testCase_VerifyAddSSIDwithDefaultGeneralSettings_byStatus_passed_PASS2_details')">testCase_VerifyAddSSIDwithDefaultGeneralSettings()</a>
               </td>
               <td nowrap="true">11:03:58</td>
               <td nowrap="true" align="right">5 ms
                  
               </td>
               <td nowrap="true">
                   
                  
               </td>
            </tr>
            <tr>
               <td colspan="4" class="detailsBox">
                  <div id="com.xirrus.xms.TS_Array_SSIDs.TC_SSIDs_Mgmt_Authentication_testCase_VerifyAddSSIDwithDefaultGeneralSettings_byStatus_passed_PASS2_details"
                       class="testMethodDetails">
                     <div>
                        <b>Name: </b>testCase_VerifyAddSSIDwithDefaultGeneralSettings
                     </div>
                     <div>
                        <b>Signature: </b>testCase_VerifyAddSSIDwithDefaultGeneralSettings()
                     </div>
                     <div>
                        <b>Start time: </b>11:03:58
                     </div>
                     <div>
                        <b>End time: </b>11:03:58
                     </div>
                     <div>
                        <b>Duration: </b>5 ms
                        
                     </div>
                  </div>
               </td>
            </tr>
            <tr></tr>
            <tr id="com.xirrus.xms.TS_Array_SSIDs.TC_SSIDs_Mgmt_Authentication_testCase_VerifyDefaultSSIDDefaultAuthentication_byStatus_passed_PASS3_row"
                class="testMethodStatusPASS">
               <td width="100%" class="firstMethodCell">
                  <a onclick="toggleDetailsVisibility('com.xirrus.xms.TS_Array_SSIDs.TC_SSIDs_Mgmt_Authentication_testCase_VerifyDefaultSSIDDefaultAuthentication_byStatus_passed_PASS3_details')">testCase_VerifyDefaultSSIDDefaultAuthentication()</a>
               </td>
               <td nowrap="true">11:03:58</td>
               <td nowrap="true" align="right">0 ms
                  
               </td>
               <td nowrap="true">
                   
                  
               </td>
            </tr>
            <tr>
               <td colspan="4" class="detailsBox">
                  <div id="com.xirrus.xms.TS_Array_SSIDs.TC_SSIDs_Mgmt_Authentication_testCase_VerifyDefaultSSIDDefaultAuthentication_byStatus_passed_PASS3_details"
                       class="testMethodDetails">
                     <div>
                        <b>Name: </b>testCase_VerifyDefaultSSIDDefaultAuthentication
                     </div>
                     <div>
                        <b>Signature: </b>testCase_VerifyDefaultSSIDDefaultAuthentication()
                     </div>
                     <div>
                        <b>Start time: </b>11:03:58
                     </div>
                     <div>
                        <b>End time: </b>11:03:58
                     </div>
                     <div>
                        <b>Duration: </b>0 ms
                        
                     </div>
                  </div>
               </td>
            </tr>
            <tr></tr>
            <tr id="com.xirrus.xms.TS_Array_SSIDs.TC_SSIDs_Mgmt_Authentication_testCase_VerifyADDSSIDwithWEPOPENAuthentication_byStatus_passed_PASS4_row"
                class="testMethodStatusPASS">
               <td width="100%" class="firstMethodCell">
                  <a onclick="toggleDetailsVisibility('com.xirrus.xms.TS_Array_SSIDs.TC_SSIDs_Mgmt_Authentication_testCase_VerifyADDSSIDwithWEPOPENAuthentication_byStatus_passed_PASS4_details')">testCase_VerifyADDSSIDwithWEPOPENAuthentication()</a>
               </td>
               <td nowrap="true">11:03:58</td>
               <td nowrap="true" align="right">1 ms
                  
               </td>
               <td nowrap="true">
                   
                  
               </td>
            </tr>
            <tr>
               <td colspan="4" class="detailsBox">
                  <div id="com.xirrus.xms.TS_Array_SSIDs.TC_SSIDs_Mgmt_Authentication_testCase_VerifyADDSSIDwithWEPOPENAuthentication_byStatus_passed_PASS4_details"
                       class="testMethodDetails">
                     <div>
                        <b>Name: </b>testCase_VerifyADDSSIDwithWEPOPENAuthentication
                     </div>
                     <div>
                        <b>Signature: </b>testCase_VerifyADDSSIDwithWEPOPENAuthentication()
                     </div>
                     <div>
                        <b>Start time: </b>11:03:58
                     </div>
                     <div>
                        <b>End time: </b>11:03:58
                     </div>
                     <div>
                        <b>Duration: </b>1 ms
                        
                     </div>
                  </div>
               </td>
            </tr>
            <tr></tr>
            <tr id="com.xirrus.xms.TS_Array_SSIDs.TC_SSIDs_Mgmt_Authentication_testCase_VerifyEditSSIDGeneralSettings_byStatus_passed_PASS5_row"
                class="testMethodStatusPASS">
               <td width="100%" class="firstMethodCell">
                  <a onclick="toggleDetailsVisibility('com.xirrus.xms.TS_Array_SSIDs.TC_SSIDs_Mgmt_Authentication_testCase_VerifyEditSSIDGeneralSettings_byStatus_passed_PASS5_details')">testCase_VerifyEditSSIDGeneralSettings()</a>
               </td>
               <td nowrap="true">11:03:58</td>
               <td nowrap="true" align="right">1 ms
                  
               </td>
               <td nowrap="true">
                   
                  
               </td>
            </tr>
            <tr>
               <td colspan="4" class="detailsBox">
                  <div id="com.xirrus.xms.TS_Array_SSIDs.TC_SSIDs_Mgmt_Authentication_testCase_VerifyEditSSIDGeneralSettings_byStatus_passed_PASS5_details"
                       class="testMethodDetails">
                     <div>
                        <b>Name: </b>testCase_VerifyEditSSIDGeneralSettings
                     </div>
                     <div>
                        <b>Signature: </b>testCase_VerifyEditSSIDGeneralSettings()
                     </div>
                     <div>
                        <b>Start time: </b>11:03:58
                     </div>
                     <div>
                        <b>End time: </b>11:03:58
                     </div>
                     <div>
                        <b>Duration: </b>1 ms
                        
                     </div>
                  </div>
               </td>
            </tr>
            <tr></tr>
            <tr id="com.xirrus.xms.TS_Array_SSIDs.TC_SSIDs_Mgmt_Authentication_testCompleted_byStatus_passed_PASS6_row"
                class="testMethodStatusPASS testMethodStatusCONF">
               <td width="100%" class="firstMethodCell">
                  <a onclick="toggleDetailsVisibility('com.xirrus.xms.TS_Array_SSIDs.TC_SSIDs_Mgmt_Authentication_testCompleted_byStatus_passed_PASS6_details')">testCompleted()</a>
               </td>
               <td nowrap="true">11:03:58</td>
               <td nowrap="true" align="right">1 ms
                  
               </td>
               <td nowrap="true">
                   
                  
               </td>
            </tr>
            <tr>
               <td colspan="4" class="detailsBox">
                  <div id="com.xirrus.xms.TS_Array_SSIDs.TC_SSIDs_Mgmt_Authentication_testCompleted_byStatus_passed_PASS6_details"
                       class="testMethodDetails">
                     <div>
                        <b>Name: </b>testCompleted
                     </div>
                     <div>
                        <b>Signature: </b>testCompleted()
                     </div>
                     <div>
                        <b>Start time: </b>11:03:58
                     </div>
                     <div>
                        <b>End time: </b>11:03:58
                     </div>
                     <div>
                        <b>Duration: </b>1 ms
                        
                     </div>
                  </div>
               </td>
            </tr>
            <tr></tr>
            <tr id="com.xirrus.xms.TS_Array_SSIDs.TC_SSIDs_Mgmt_GeneralSettings_checkTestSkip_byStatus_passed_PASS7_row"
                class="testMethodStatusPASS testMethodStatusCONF">
               <td width="100%" class="firstMethodCell">
                  <a onclick="toggleDetailsVisibility('com.xirrus.xms.TS_Array_SSIDs.TC_SSIDs_Mgmt_GeneralSettings_checkTestSkip_byStatus_passed_PASS7_details')">checkTestSkip()</a>
               </td>
               <td nowrap="true">10:38:29</td>
               <td nowrap="true" align="right">27 ms
                  
               </td>
               <td nowrap="true">
                   
                  
               </td>
            </tr>
            <tr>
               <td colspan="4" class="detailsBox">
                  <div id="com.xirrus.xms.TS_Array_SSIDs.TC_SSIDs_Mgmt_GeneralSettings_checkTestSkip_byStatus_passed_PASS7_details"
                       class="testMethodDetails">
                     <div>
                        <b>Name: </b>checkTestSkip
                     </div>
                     <div>
                        <b>Signature: </b>checkTestSkip()
                     </div>
                     <div>
                        <b>Start time: </b>10:38:29
                     </div>
                     <div>
                        <b>End time: </b>10:38:29
                     </div>
                     <div>
                        <b>Duration: </b>27 ms
                        
                     </div>
                  </div>
               </td>
            </tr>
            <tr></tr>
            <tr id="com.xirrus.xms.TS_Array_SSIDs.TC_SSIDs_Mgmt_GeneralSettings_testCase_VerifyDefaultSSIDGeneralSettings_byStatus_passed_PASS8_row"
                class="testMethodStatusPASS">
               <td width="100%" class="firstMethodCell">
                  <a onclick="toggleDetailsVisibility('com.xirrus.xms.TS_Array_SSIDs.TC_SSIDs_Mgmt_GeneralSettings_testCase_VerifyDefaultSSIDGeneralSettings_byStatus_passed_PASS8_details')">testCase_VerifyDefaultSSIDGeneralSettings()</a>
               </td>
               <td nowrap="true">10:38:29</td>
               <td nowrap="true" align="right">7m
                  16s
                  
               </td>
               <td nowrap="true">
                   
                  
               </td>
            </tr>
            <tr>
               <td colspan="4" class="detailsBox">
                  <div id="com.xirrus.xms.TS_Array_SSIDs.TC_SSIDs_Mgmt_GeneralSettings_testCase_VerifyDefaultSSIDGeneralSettings_byStatus_passed_PASS8_details"
                       class="testMethodDetails">
                     <div>
                        <b>Name: </b>testCase_VerifyDefaultSSIDGeneralSettings
                     </div>
                     <div>
                        <b>Signature: </b>testCase_VerifyDefaultSSIDGeneralSettings()
                     </div>
                     <div>
                        <b>Start time: </b>10:38:29
                     </div>
                     <div>
                        <b>End time: </b>10:45:45
                     </div>
                     <div>
                        <b>Duration: </b>7m
                        16s
                        
                     </div>
                  </div>
               </td>
            </tr>
            <tr></tr>
            <tr id="com.xirrus.xms.TS_Array_SSIDs.TC_SSIDs_Mgmt_GeneralSettings_testCase_VerifyAddSSIDwithDefaultGeneralSettings_byStatus_passed_PASS9_row"
                class="testMethodStatusPASS">
               <td width="100%" class="firstMethodCell">
                  <a onclick="toggleDetailsVisibility('com.xirrus.xms.TS_Array_SSIDs.TC_SSIDs_Mgmt_GeneralSettings_testCase_VerifyAddSSIDwithDefaultGeneralSettings_byStatus_passed_PASS9_details')">testCase_VerifyAddSSIDwithDefaultGeneralSettings()</a>
               </td>
               <td nowrap="true">10:45:45</td>
               <td nowrap="true" align="right">9m
                  36s
                  
               </td>
               <td nowrap="true">
                   
                  
               </td>
            </tr>
            <tr>
               <td colspan="4" class="detailsBox">
                  <div id="com.xirrus.xms.TS_Array_SSIDs.TC_SSIDs_Mgmt_GeneralSettings_testCase_VerifyAddSSIDwithDefaultGeneralSettings_byStatus_passed_PASS9_details"
                       class="testMethodDetails">
                     <div>
                        <b>Name: </b>testCase_VerifyAddSSIDwithDefaultGeneralSettings
                     </div>
                     <div>
                        <b>Signature: </b>testCase_VerifyAddSSIDwithDefaultGeneralSettings()
                     </div>
                     <div>
                        <b>Start time: </b>10:45:45
                     </div>
                     <div>
                        <b>End time: </b>10:54:21
                     </div>
                     <div>
                        <b>Duration: </b>9m
                        36s
                        
                     </div>
                  </div>
               </td>
            </tr>
            <tr></tr>
            <tr id="com.xirrus.xms.TS_Array_SSIDs.TC_SSIDs_Mgmt_GeneralSettings_testCase_VerifyRenameSSID_byStatus_passed_PASS10_row"
                class="testMethodStatusPASS">
               <td width="100%" class="firstMethodCell">
                  <a onclick="toggleDetailsVisibility('com.xirrus.xms.TS_Array_SSIDs.TC_SSIDs_Mgmt_GeneralSettings_testCase_VerifyRenameSSID_byStatus_passed_PASS10_details')">testCase_VerifyRenameSSID()</a>
               </td>
               <td nowrap="true">10:55:27</td>
               <td nowrap="true" align="right">8m
                  2s
                  
               </td>
               <td nowrap="true">
                   
                  
               </td>
            </tr>
            <tr>
               <td colspan="4" class="detailsBox">
                  <div id="com.xirrus.xms.TS_Array_SSIDs.TC_SSIDs_Mgmt_GeneralSettings_testCase_VerifyRenameSSID_byStatus_passed_PASS10_details"
                       class="testMethodDetails">
                     <div>
                        <b>Name: </b>testCase_VerifyRenameSSID
                     </div>
                     <div>
                        <b>Signature: </b>testCase_VerifyRenameSSID()
                     </div>
                     <div>
                        <b>Start time: </b>10:55:27
                     </div>
                     <div>
                        <b>End time: </b>11:03:29
                     </div>
                     <div>
                        <b>Duration: </b>8m
                        2s
                        
                     </div>
                  </div>
               </td>
            </tr>
            <tr></tr>
            <tr id="com.xirrus.xms.TS_Array_SSIDs.TC_SSIDs_Mgmt_GeneralSettings_testCompleted_byStatus_passed_PASS11_row"
                class="testMethodStatusPASS testMethodStatusCONF">
               <td width="100%" class="firstMethodCell">
                  <a onclick="toggleDetailsVisibility('com.xirrus.xms.TS_Array_SSIDs.TC_SSIDs_Mgmt_GeneralSettings_testCompleted_byStatus_passed_PASS11_details')">testCompleted()</a>
               </td>
               <td nowrap="true">11:03:58</td>
               <td nowrap="true" align="right">4 ms
                  
               </td>
               <td nowrap="true">
                   
                  
               </td>
            </tr>
            <tr>
               <td colspan="4" class="detailsBox">
                  <div id="com.xirrus.xms.TS_Array_SSIDs.TC_SSIDs_Mgmt_GeneralSettings_testCompleted_byStatus_passed_PASS11_details"
                       class="testMethodDetails">
                     <div>
                        <b>Name: </b>testCompleted
                     </div>
                     <div>
                        <b>Signature: </b>testCompleted()
                     </div>
                     <div>
                        <b>Start time: </b>11:03:58
                     </div>
                     <div>
                        <b>End time: </b>11:03:58
                     </div>
                     <div>
                        <b>Duration: </b>4 ms
                        
                     </div>
                  </div>
               </td>
            </tr>
            <tr></tr>
            <tr id="com.xirrus.xms.TS_Array_SSIDs.TC_SSIDs_Mgmt_CaptivePortal_checkSuiteSkip_byStatus_passed_PASS12_row"
                class="testMethodStatusPASS testMethodStatusCONF">
               <td width="100%" class="firstMethodCell">
                  <a onclick="toggleDetailsVisibility('com.xirrus.xms.TS_Array_SSIDs.TC_SSIDs_Mgmt_CaptivePortal_checkSuiteSkip_byStatus_passed_PASS12_details')">checkSuiteSkip()</a>
               </td>
               <td nowrap="true">10:38:16</td>
               <td nowrap="true" align="right">13s
                  
               </td>
               <td nowrap="true">
                   
                  
               </td>
            </tr>
            <tr>
               <td colspan="4" class="detailsBox">
                  <div id="com.xirrus.xms.TS_Array_SSIDs.TC_SSIDs_Mgmt_CaptivePortal_checkSuiteSkip_byStatus_passed_PASS12_details"
                       class="testMethodDetails">
                     <div>
                        <b>Name: </b>checkSuiteSkip
                     </div>
                     <div>
                        <b>Signature: </b>checkSuiteSkip()
                     </div>
                     <div>
                        <b>Start time: </b>10:38:16
                     </div>
                     <div>
                        <b>End time: </b>10:38:29
                     </div>
                     <div>
                        <b>Duration: </b>13s
                        
                     </div>
                  </div>
               </td>
            </tr>
            <tr></tr>
            <tr id="com.xirrus.xms.TS_Array_SSIDs.TC_SSIDs_Mgmt_CaptivePortal_checkTestSkip_byStatus_passed_PASS13_row"
                class="testMethodStatusPASS testMethodStatusCONF">
               <td width="100%" class="firstMethodCell">
                  <a onclick="toggleDetailsVisibility('com.xirrus.xms.TS_Array_SSIDs.TC_SSIDs_Mgmt_CaptivePortal_checkTestSkip_byStatus_passed_PASS13_details')">checkTestSkip()</a>
               </td>
               <td nowrap="true">11:03:58</td>
               <td nowrap="true" align="right">10 ms
                  
               </td>
               <td nowrap="true">
                   
                  
               </td>
            </tr>
            <tr>
               <td colspan="4" class="detailsBox">
                  <div id="com.xirrus.xms.TS_Array_SSIDs.TC_SSIDs_Mgmt_CaptivePortal_checkTestSkip_byStatus_passed_PASS13_details"
                       class="testMethodDetails">
                     <div>
                        <b>Name: </b>checkTestSkip
                     </div>
                     <div>
                        <b>Signature: </b>checkTestSkip()
                     </div>
                     <div>
                        <b>Start time: </b>11:03:58
                     </div>
                     <div>
                        <b>End time: </b>11:03:58
                     </div>
                     <div>
                        <b>Duration: </b>10 ms
                        
                     </div>
                  </div>
               </td>
            </tr>
            <tr></tr>
            <tr id="com.xirrus.xms.TS_Array_SSIDs.TC_SSIDs_Mgmt_CaptivePortal_testCase_VerifyAddSSIDwithDefaultGeneralSettings_byStatus_passed_PASS14_row"
                class="testMethodStatusPASS">
               <td width="100%" class="firstMethodCell">
                  <a onclick="toggleDetailsVisibility('com.xirrus.xms.TS_Array_SSIDs.TC_SSIDs_Mgmt_CaptivePortal_testCase_VerifyAddSSIDwithDefaultGeneralSettings_byStatus_passed_PASS14_details')">testCase_VerifyAddSSIDwithDefaultGeneralSettings()</a>
               </td>
               <td nowrap="true">11:03:58</td>
               <td nowrap="true" align="right">1 ms
                  
               </td>
               <td nowrap="true">
                   
                  
               </td>
            </tr>
            <tr>
               <td colspan="4" class="detailsBox">
                  <div id="com.xirrus.xms.TS_Array_SSIDs.TC_SSIDs_Mgmt_CaptivePortal_testCase_VerifyAddSSIDwithDefaultGeneralSettings_byStatus_passed_PASS14_details"
                       class="testMethodDetails">
                     <div>
                        <b>Name: </b>testCase_VerifyAddSSIDwithDefaultGeneralSettings
                     </div>
                     <div>
                        <b>Signature: </b>testCase_VerifyAddSSIDwithDefaultGeneralSettings()
                     </div>
                     <div>
                        <b>Start time: </b>11:03:58
                     </div>
                     <div>
                        <b>End time: </b>11:03:58
                     </div>
                     <div>
                        <b>Duration: </b>1 ms
                        
                     </div>
                  </div>
               </td>
            </tr>
            <tr></tr>
            <tr id="com.xirrus.xms.TS_Array_SSIDs.TC_SSIDs_Mgmt_CaptivePortal_testCase_VerifyDefaultSSIDGeneralSettings_byStatus_passed_PASS15_row"
                class="testMethodStatusPASS">
               <td width="100%" class="firstMethodCell">
                  <a onclick="toggleDetailsVisibility('com.xirrus.xms.TS_Array_SSIDs.TC_SSIDs_Mgmt_CaptivePortal_testCase_VerifyDefaultSSIDGeneralSettings_byStatus_passed_PASS15_details')">testCase_VerifyDefaultSSIDGeneralSettings()</a>
               </td>
               <td nowrap="true">11:03:58</td>
               <td nowrap="true" align="right">0 ms
                  
               </td>
               <td nowrap="true">
                   
                  
               </td>
            </tr>
            <tr>
               <td colspan="4" class="detailsBox">
                  <div id="com.xirrus.xms.TS_Array_SSIDs.TC_SSIDs_Mgmt_CaptivePortal_testCase_VerifyDefaultSSIDGeneralSettings_byStatus_passed_PASS15_details"
                       class="testMethodDetails">
                     <div>
                        <b>Name: </b>testCase_VerifyDefaultSSIDGeneralSettings
                     </div>
                     <div>
                        <b>Signature: </b>testCase_VerifyDefaultSSIDGeneralSettings()
                     </div>
                     <div>
                        <b>Start time: </b>11:03:58
                     </div>
                     <div>
                        <b>End time: </b>11:03:58
                     </div>
                     <div>
                        <b>Duration: </b>0 ms
                        
                     </div>
                  </div>
               </td>
            </tr>
            <tr></tr>
            <tr id="com.xirrus.xms.TS_Array_SSIDs.TC_SSIDs_Mgmt_CaptivePortal_testCase_VerifyAddSSIDwithcustomGeneralSettings_byStatus_passed_PASS16_row"
                class="testMethodStatusPASS">
               <td width="100%" class="firstMethodCell">
                  <a onclick="toggleDetailsVisibility('com.xirrus.xms.TS_Array_SSIDs.TC_SSIDs_Mgmt_CaptivePortal_testCase_VerifyAddSSIDwithcustomGeneralSettings_byStatus_passed_PASS16_details')">testCase_VerifyAddSSIDwithcustomGeneralSettings()</a>
               </td>
               <td nowrap="true">11:03:58</td>
               <td nowrap="true" align="right">39 ms
                  
               </td>
               <td nowrap="true">
                   
                  
               </td>
            </tr>
            <tr>
               <td colspan="4" class="detailsBox">
                  <div id="com.xirrus.xms.TS_Array_SSIDs.TC_SSIDs_Mgmt_CaptivePortal_testCase_VerifyAddSSIDwithcustomGeneralSettings_byStatus_passed_PASS16_details"
                       class="testMethodDetails">
                     <div>
                        <b>Name: </b>testCase_VerifyAddSSIDwithcustomGeneralSettings
                     </div>
                     <div>
                        <b>Signature: </b>testCase_VerifyAddSSIDwithcustomGeneralSettings()
                     </div>
                     <div>
                        <b>Start time: </b>11:03:58
                     </div>
                     <div>
                        <b>End time: </b>11:03:58
                     </div>
                     <div>
                        <b>Duration: </b>39 ms
                        
                     </div>
                  </div>
               </td>
            </tr>
            <tr></tr>
            <tr id="com.xirrus.xms.TS_Array_SSIDs.TC_SSIDs_Mgmt_CaptivePortal_testCase_VerifyEditSSIDGeneralSettings_byStatus_passed_PASS17_row"
                class="testMethodStatusPASS">
               <td width="100%" class="firstMethodCell">
                  <a onclick="toggleDetailsVisibility('com.xirrus.xms.TS_Array_SSIDs.TC_SSIDs_Mgmt_CaptivePortal_testCase_VerifyEditSSIDGeneralSettings_byStatus_passed_PASS17_details')">testCase_VerifyEditSSIDGeneralSettings()</a>
               </td>
               <td nowrap="true">11:03:58</td>
               <td nowrap="true" align="right">0 ms
                  
               </td>
               <td nowrap="true">
                   
                  
               </td>
            </tr>
            <tr>
               <td colspan="4" class="detailsBox">
                  <div id="com.xirrus.xms.TS_Array_SSIDs.TC_SSIDs_Mgmt_CaptivePortal_testCase_VerifyEditSSIDGeneralSettings_byStatus_passed_PASS17_details"
                       class="testMethodDetails">
                     <div>
                        <b>Name: </b>testCase_VerifyEditSSIDGeneralSettings
                     </div>
                     <div>
                        <b>Signature: </b>testCase_VerifyEditSSIDGeneralSettings()
                     </div>
                     <div>
                        <b>Start time: </b>11:03:58
                     </div>
                     <div>
                        <b>End time: </b>11:03:58
                     </div>
                     <div>
                        <b>Duration: </b>0 ms
                        
                     </div>
                  </div>
               </td>
            </tr>
            <tr></tr>
            <tr id="com.xirrus.xms.TS_Array_SSIDs.TC_SSIDs_Mgmt_CaptivePortal_testCompleted_byStatus_passed_PASS18_row"
                class="testMethodStatusPASS testMethodStatusCONF">
               <td width="100%" class="firstMethodCell">
                  <a onclick="toggleDetailsVisibility('com.xirrus.xms.TS_Array_SSIDs.TC_SSIDs_Mgmt_CaptivePortal_testCompleted_byStatus_passed_PASS18_details')">testCompleted()</a>
               </td>
               <td nowrap="true">11:03:58</td>
               <td nowrap="true" align="right">0 ms
                  
               </td>
               <td nowrap="true">
                   
                  
               </td>
            </tr>
            <tr>
               <td colspan="4" class="detailsBox">
                  <div id="com.xirrus.xms.TS_Array_SSIDs.TC_SSIDs_Mgmt_CaptivePortal_testCompleted_byStatus_passed_PASS18_details"
                       class="testMethodDetails">
                     <div>
                        <b>Name: </b>testCompleted
                     </div>
                     <div>
                        <b>Signature: </b>testCompleted()
                     </div>
                     <div>
                        <b>Start time: </b>11:03:58
                     </div>
                     <div>
                        <b>End time: </b>11:03:58
                     </div>
                     <div>
                        <b>Duration: </b>0 ms
                        
                     </div>
                  </div>
               </td>
            </tr>
            <tr></tr>
            <tr id="com.xirrus.xms.TS_Array_SSIDs.TC_SSIDs_Mgmt_CaptivePortal_cleanup_byStatus_passed_PASS19_row"
                class="testMethodStatusPASS testMethodStatusCONF">
               <td width="100%" class="firstMethodCell">
                  <a onclick="toggleDetailsVisibility('com.xirrus.xms.TS_Array_SSIDs.TC_SSIDs_Mgmt_CaptivePortal_cleanup_byStatus_passed_PASS19_details')">cleanup()</a>
               </td>
               <td nowrap="true">11:03:58</td>
               <td nowrap="true" align="right">2s
                  
               </td>
               <td nowrap="true">
                   
                  
               </td>
            </tr>
            <tr>
               <td colspan="4" class="detailsBox">
                  <div id="com.xirrus.xms.TS_Array_SSIDs.TC_SSIDs_Mgmt_CaptivePortal_cleanup_byStatus_passed_PASS19_details"
                       class="testMethodDetails">
                     <div>
                        <b>Name: </b>cleanup
                     </div>
                     <div>
                        <b>Signature: </b>cleanup()
                     </div>
                     <div>
                        <b>Start time: </b>11:03:58
                     </div>
                     <div>
                        <b>End time: </b>11:03:59
                     </div>
                     <div>
                        <b>Duration: </b>2s
                        
                     </div>
                  </div>
               </td>
            </tr>
            <tr></tr>
            <tr id="com.xirrus.xms.TS_Array_SSIDs.TC_SSIDs_Mgmt_Limits_checkTestSkip_byStatus_passed_PASS20_row"
                class="testMethodStatusPASS testMethodStatusCONF">
               <td width="100%" class="firstMethodCell">
                  <a onclick="toggleDetailsVisibility('com.xirrus.xms.TS_Array_SSIDs.TC_SSIDs_Mgmt_Limits_checkTestSkip_byStatus_passed_PASS20_details')">checkTestSkip()</a>
               </td>
               <td nowrap="true">11:03:58</td>
               <td nowrap="true" align="right">8 ms
                  
               </td>
               <td nowrap="true">
                   
                  
               </td>
            </tr>
            <tr>
               <td colspan="4" class="detailsBox">
                  <div id="com.xirrus.xms.TS_Array_SSIDs.TC_SSIDs_Mgmt_Limits_checkTestSkip_byStatus_passed_PASS20_details"
                       class="testMethodDetails">
                     <div>
                        <b>Name: </b>checkTestSkip
                     </div>
                     <div>
                        <b>Signature: </b>checkTestSkip()
                     </div>
                     <div>
                        <b>Start time: </b>11:03:58
                     </div>
                     <div>
                        <b>End time: </b>11:03:58
                     </div>
                     <div>
                        <b>Duration: </b>8 ms
                        
                     </div>
                  </div>
               </td>
            </tr>
            <tr></tr>
            <tr id="com.xirrus.xms.TS_Array_SSIDs.TC_SSIDs_Mgmt_Limits_testCase_VerifyDefaultSSIDGeneralSettings_byStatus_passed_PASS21_row"
                class="testMethodStatusPASS">
               <td width="100%" class="firstMethodCell">
                  <a onclick="toggleDetailsVisibility('com.xirrus.xms.TS_Array_SSIDs.TC_SSIDs_Mgmt_Limits_testCase_VerifyDefaultSSIDGeneralSettings_byStatus_passed_PASS21_details')">testCase_VerifyDefaultSSIDGeneralSettings()</a>
               </td>
               <td nowrap="true">11:03:58</td>
               <td nowrap="true" align="right">0 ms
                  
               </td>
               <td nowrap="true">
                   
                  
               </td>
            </tr>
            <tr>
               <td colspan="4" class="detailsBox">
                  <div id="com.xirrus.xms.TS_Array_SSIDs.TC_SSIDs_Mgmt_Limits_testCase_VerifyDefaultSSIDGeneralSettings_byStatus_passed_PASS21_details"
                       class="testMethodDetails">
                     <div>
                        <b>Name: </b>testCase_VerifyDefaultSSIDGeneralSettings
                     </div>
                     <div>
                        <b>Signature: </b>testCase_VerifyDefaultSSIDGeneralSettings()
                     </div>
                     <div>
                        <b>Start time: </b>11:03:58
                     </div>
                     <div>
                        <b>End time: </b>11:03:58
                     </div>
                     <div>
                        <b>Duration: </b>0 ms
                        
                     </div>
                  </div>
               </td>
            </tr>
            <tr></tr>
            <tr id="com.xirrus.xms.TS_Array_SSIDs.TC_SSIDs_Mgmt_Limits_testCase_VerifyAddSSIDwithDefaultGeneralSettings_byStatus_passed_PASS22_row"
                class="testMethodStatusPASS">
               <td width="100%" class="firstMethodCell">
                  <a onclick="toggleDetailsVisibility('com.xirrus.xms.TS_Array_SSIDs.TC_SSIDs_Mgmt_Limits_testCase_VerifyAddSSIDwithDefaultGeneralSettings_byStatus_passed_PASS22_details')">testCase_VerifyAddSSIDwithDefaultGeneralSettings()</a>
               </td>
               <td nowrap="true">11:03:58</td>
               <td nowrap="true" align="right">1 ms
                  
               </td>
               <td nowrap="true">
                   
                  
               </td>
            </tr>
            <tr>
               <td colspan="4" class="detailsBox">
                  <div id="com.xirrus.xms.TS_Array_SSIDs.TC_SSIDs_Mgmt_Limits_testCase_VerifyAddSSIDwithDefaultGeneralSettings_byStatus_passed_PASS22_details"
                       class="testMethodDetails">
                     <div>
                        <b>Name: </b>testCase_VerifyAddSSIDwithDefaultGeneralSettings
                     </div>
                     <div>
                        <b>Signature: </b>testCase_VerifyAddSSIDwithDefaultGeneralSettings()
                     </div>
                     <div>
                        <b>Start time: </b>11:03:58
                     </div>
                     <div>
                        <b>End time: </b>11:03:58
                     </div>
                     <div>
                        <b>Duration: </b>1 ms
                        
                     </div>
                  </div>
               </td>
            </tr>
            <tr></tr>
            <tr id="com.xirrus.xms.TS_Array_SSIDs.TC_SSIDs_Mgmt_Limits_testCompleted_byStatus_passed_PASS23_row"
                class="testMethodStatusPASS testMethodStatusCONF">
               <td width="100%" class="firstMethodCell">
                  <a onclick="toggleDetailsVisibility('com.xirrus.xms.TS_Array_SSIDs.TC_SSIDs_Mgmt_Limits_testCompleted_byStatus_passed_PASS23_details')">testCompleted()</a>
               </td>
               <td nowrap="true">11:03:58</td>
               <td nowrap="true" align="right">0 ms
                  
               </td>
               <td nowrap="true">
                   
                  
               </td>
            </tr>
            <tr>
               <td colspan="4" class="detailsBox">
                  <div id="com.xirrus.xms.TS_Array_SSIDs.TC_SSIDs_Mgmt_Limits_testCompleted_byStatus_passed_PASS23_details"
                       class="testMethodDetails">
                     <div>
                        <b>Name: </b>testCompleted
                     </div>
                     <div>
                        <b>Signature: </b>testCompleted()
                     </div>
                     <div>
                        <b>Start time: </b>11:03:58
                     </div>
                     <div>
                        <b>End time: </b>11:03:58
                     </div>
                     <div>
                        <b>Duration: </b>0 ms
                        
                     </div>
                  </div>
               </td>
            </tr>
            <tr></tr>
            <tr id="com.xirrus.xms.TS_Array_SSIDs.TC_SSIDs_Mgmt_Limits_testCase_VerifyAddSSIDwithcustomGeneralSettings_byStatus_passed_PASS24_row"
                class="testMethodStatusPASS">
               <td width="100%" class="firstMethodCell">
                  <a onclick="toggleDetailsVisibility('com.xirrus.xms.TS_Array_SSIDs.TC_SSIDs_Mgmt_Limits_testCase_VerifyAddSSIDwithcustomGeneralSettings_byStatus_passed_PASS24_details')">testCase_VerifyAddSSIDwithcustomGeneralSettings()</a>
               </td>
               <td nowrap="true">11:03:58</td>
               <td nowrap="true" align="right">0 ms
                  
               </td>
               <td nowrap="true">
                   
                  
               </td>
            </tr>
            <tr>
               <td colspan="4" class="detailsBox">
                  <div id="com.xirrus.xms.TS_Array_SSIDs.TC_SSIDs_Mgmt_Limits_testCase_VerifyAddSSIDwithcustomGeneralSettings_byStatus_passed_PASS24_details"
                       class="testMethodDetails">
                     <div>
                        <b>Name: </b>testCase_VerifyAddSSIDwithcustomGeneralSettings
                     </div>
                     <div>
                        <b>Signature: </b>testCase_VerifyAddSSIDwithcustomGeneralSettings()
                     </div>
                     <div>
                        <b>Start time: </b>11:03:58
                     </div>
                     <div>
                        <b>End time: </b>11:03:58
                     </div>
                     <div>
                        <b>Duration: </b>0 ms
                        
                     </div>
                  </div>
               </td>
            </tr>
            <tr></tr>
            <tr id="com.xirrus.xms.TS_Array_SSIDs.TC_SSIDs_Mgmt_Limits_testCase_VerifyEditSSIDGeneralSettings_byStatus_passed_PASS25_row"
                class="testMethodStatusPASS">
               <td width="100%" class="firstMethodCell">
                  <a onclick="toggleDetailsVisibility('com.xirrus.xms.TS_Array_SSIDs.TC_SSIDs_Mgmt_Limits_testCase_VerifyEditSSIDGeneralSettings_byStatus_passed_PASS25_details')">testCase_VerifyEditSSIDGeneralSettings()</a>
               </td>
               <td nowrap="true">11:03:58</td>
               <td nowrap="true" align="right">0 ms
                  
               </td>
               <td nowrap="true">
                   
                  
               </td>
            </tr>
            <tr>
               <td colspan="4" class="detailsBox">
                  <div id="com.xirrus.xms.TS_Array_SSIDs.TC_SSIDs_Mgmt_Limits_testCase_VerifyEditSSIDGeneralSettings_byStatus_passed_PASS25_details"
                       class="testMethodDetails">
                     <div>
                        <b>Name: </b>testCase_VerifyEditSSIDGeneralSettings
                     </div>
                     <div>
                        <b>Signature: </b>testCase_VerifyEditSSIDGeneralSettings()
                     </div>
                     <div>
                        <b>Start time: </b>11:03:58
                     </div>
                     <div>
                        <b>End time: </b>11:03:58
                     </div>
                     <div>
                        <b>Duration: </b>0 ms
                        
                     </div>
                  </div>
               </td>
            </tr>
            <tr></tr>
            <tr id="com.xirrus.xms.TS_Array_SSIDs.TC_SSIDs_Mgmt_TrafficShapping_checkTestSkip_byStatus_passed_PASS26_row"
                class="testMethodStatusPASS testMethodStatusCONF">
               <td width="100%" class="firstMethodCell">
                  <a onclick="toggleDetailsVisibility('com.xirrus.xms.TS_Array_SSIDs.TC_SSIDs_Mgmt_TrafficShapping_checkTestSkip_byStatus_passed_PASS26_details')">checkTestSkip()</a>
               </td>
               <td nowrap="true">11:03:58</td>
               <td nowrap="true" align="right">6 ms
                  
               </td>
               <td nowrap="true">
                   
                  
               </td>
            </tr>
            <tr>
               <td colspan="4" class="detailsBox">
                  <div id="com.xirrus.xms.TS_Array_SSIDs.TC_SSIDs_Mgmt_TrafficShapping_checkTestSkip_byStatus_passed_PASS26_details"
                       class="testMethodDetails">
                     <div>
                        <b>Name: </b>checkTestSkip
                     </div>
                     <div>
                        <b>Signature: </b>checkTestSkip()
                     </div>
                     <div>
                        <b>Start time: </b>11:03:58
                     </div>
                     <div>
                        <b>End time: </b>11:03:58
                     </div>
                     <div>
                        <b>Duration: </b>6 ms
                        
                     </div>
                  </div>
               </td>
            </tr>
            <tr></tr>
            <tr id="com.xirrus.xms.TS_Array_SSIDs.TC_SSIDs_Mgmt_TrafficShapping_testCase_VerifyAddSSIDwithDefaultGeneralSettings_byStatus_passed_PASS27_row"
                class="testMethodStatusPASS">
               <td width="100%" class="firstMethodCell">
                  <a onclick="toggleDetailsVisibility('com.xirrus.xms.TS_Array_SSIDs.TC_SSIDs_Mgmt_TrafficShapping_testCase_VerifyAddSSIDwithDefaultGeneralSettings_byStatus_passed_PASS27_details')">testCase_VerifyAddSSIDwithDefaultGeneralSettings()</a>
               </td>
               <td nowrap="true">11:03:58</td>
               <td nowrap="true" align="right">1 ms
                  
               </td>
               <td nowrap="true">
                   
                  
               </td>
            </tr>
            <tr>
               <td colspan="4" class="detailsBox">
                  <div id="com.xirrus.xms.TS_Array_SSIDs.TC_SSIDs_Mgmt_TrafficShapping_testCase_VerifyAddSSIDwithDefaultGeneralSettings_byStatus_passed_PASS27_details"
                       class="testMethodDetails">
                     <div>
                        <b>Name: </b>testCase_VerifyAddSSIDwithDefaultGeneralSettings
                     </div>
                     <div>
                        <b>Signature: </b>testCase_VerifyAddSSIDwithDefaultGeneralSettings()
                     </div>
                     <div>
                        <b>Start time: </b>11:03:58
                     </div>
                     <div>
                        <b>End time: </b>11:03:58
                     </div>
                     <div>
                        <b>Duration: </b>1 ms
                        
                     </div>
                  </div>
               </td>
            </tr>
            <tr></tr>
            <tr id="com.xirrus.xms.TS_Array_SSIDs.TC_SSIDs_Mgmt_TrafficShapping_testCase_VerifyDefaultSSIDGeneralSettings_byStatus_passed_PASS28_row"
                class="testMethodStatusPASS">
               <td width="100%" class="firstMethodCell">
                  <a onclick="toggleDetailsVisibility('com.xirrus.xms.TS_Array_SSIDs.TC_SSIDs_Mgmt_TrafficShapping_testCase_VerifyDefaultSSIDGeneralSettings_byStatus_passed_PASS28_details')">testCase_VerifyDefaultSSIDGeneralSettings()</a>
               </td>
               <td nowrap="true">11:03:58</td>
               <td nowrap="true" align="right">0 ms
                  
               </td>
               <td nowrap="true">
                   
                  
               </td>
            </tr>
            <tr>
               <td colspan="4" class="detailsBox">
                  <div id="com.xirrus.xms.TS_Array_SSIDs.TC_SSIDs_Mgmt_TrafficShapping_testCase_VerifyDefaultSSIDGeneralSettings_byStatus_passed_PASS28_details"
                       class="testMethodDetails">
                     <div>
                        <b>Name: </b>testCase_VerifyDefaultSSIDGeneralSettings
                     </div>
                     <div>
                        <b>Signature: </b>testCase_VerifyDefaultSSIDGeneralSettings()
                     </div>
                     <div>
                        <b>Start time: </b>11:03:58
                     </div>
                     <div>
                        <b>End time: </b>11:03:58
                     </div>
                     <div>
                        <b>Duration: </b>0 ms
                        
                     </div>
                  </div>
               </td>
            </tr>
            <tr></tr>
            <tr id="com.xirrus.xms.TS_Array_SSIDs.TC_SSIDs_Mgmt_TrafficShapping_testCase_VerifyEditSSIDGeneralSettings_byStatus_passed_PASS29_row"
                class="testMethodStatusPASS">
               <td width="100%" class="firstMethodCell">
                  <a onclick="toggleDetailsVisibility('com.xirrus.xms.TS_Array_SSIDs.TC_SSIDs_Mgmt_TrafficShapping_testCase_VerifyEditSSIDGeneralSettings_byStatus_passed_PASS29_details')">testCase_VerifyEditSSIDGeneralSettings()</a>
               </td>
               <td nowrap="true">11:03:58</td>
               <td nowrap="true" align="right">0 ms
                  
               </td>
               <td nowrap="true">
                   
                  
               </td>
            </tr>
            <tr>
               <td colspan="4" class="detailsBox">
                  <div id="com.xirrus.xms.TS_Array_SSIDs.TC_SSIDs_Mgmt_TrafficShapping_testCase_VerifyEditSSIDGeneralSettings_byStatus_passed_PASS29_details"
                       class="testMethodDetails">
                     <div>
                        <b>Name: </b>testCase_VerifyEditSSIDGeneralSettings
                     </div>
                     <div>
                        <b>Signature: </b>testCase_VerifyEditSSIDGeneralSettings()
                     </div>
                     <div>
                        <b>Start time: </b>11:03:58
                     </div>
                     <div>
                        <b>End time: </b>11:03:58
                     </div>
                     <div>
                        <b>Duration: </b>0 ms
                        
                     </div>
                  </div>
               </td>
            </tr>
            <tr></tr>
            <tr id="com.xirrus.xms.TS_Array_SSIDs.TC_SSIDs_Mgmt_TrafficShapping_testCase_VerifyAddSSIDwithcustomGeneralSettings_byStatus_passed_PASS30_row"
                class="testMethodStatusPASS">
               <td width="100%" class="firstMethodCell">
                  <a onclick="toggleDetailsVisibility('com.xirrus.xms.TS_Array_SSIDs.TC_SSIDs_Mgmt_TrafficShapping_testCase_VerifyAddSSIDwithcustomGeneralSettings_byStatus_passed_PASS30_details')">testCase_VerifyAddSSIDwithcustomGeneralSettings()</a>
               </td>
               <td nowrap="true">11:03:58</td>
               <td nowrap="true" align="right">0 ms
                  
               </td>
               <td nowrap="true">
                   
                  
               </td>
            </tr>
            <tr>
               <td colspan="4" class="detailsBox">
                  <div id="com.xirrus.xms.TS_Array_SSIDs.TC_SSIDs_Mgmt_TrafficShapping_testCase_VerifyAddSSIDwithcustomGeneralSettings_byStatus_passed_PASS30_details"
                       class="testMethodDetails">
                     <div>
                        <b>Name: </b>testCase_VerifyAddSSIDwithcustomGeneralSettings
                     </div>
                     <div>
                        <b>Signature: </b>testCase_VerifyAddSSIDwithcustomGeneralSettings()
                     </div>
                     <div>
                        <b>Start time: </b>11:03:58
                     </div>
                     <div>
                        <b>End time: </b>11:03:58
                     </div>
                     <div>
                        <b>Duration: </b>0 ms
                        
                     </div>
                  </div>
               </td>
            </tr>
            <tr></tr>
            <tr id="com.xirrus.xms.TS_Array_SSIDs.TC_SSIDs_Mgmt_TrafficShapping_testCompleted_byStatus_passed_PASS31_row"
                class="testMethodStatusPASS testMethodStatusCONF">
               <td width="100%" class="firstMethodCell">
                  <a onclick="toggleDetailsVisibility('com.xirrus.xms.TS_Array_SSIDs.TC_SSIDs_Mgmt_TrafficShapping_testCompleted_byStatus_passed_PASS31_details')">testCompleted()</a>
               </td>
               <td nowrap="true">11:03:58</td>
               <td nowrap="true" align="right">0 ms
                  
               </td>
               <td nowrap="true">
                   
                  
               </td>
            </tr>
            <tr>
               <td colspan="4" class="detailsBox">
                  <div id="com.xirrus.xms.TS_Array_SSIDs.TC_SSIDs_Mgmt_TrafficShapping_testCompleted_byStatus_passed_PASS31_details"
                       class="testMethodDetails">
                     <div>
                        <b>Name: </b>testCompleted
                     </div>
                     <div>
                        <b>Signature: </b>testCompleted()
                     </div>
                     <div>
                        <b>Start time: </b>11:03:58
                     </div>
                     <div>
                        <b>End time: </b>11:03:58
                     </div>
                     <div>
                        <b>Duration: </b>0 ms
                        
                     </div>
                  </div>
               </td>
            </tr>
            <tr></tr>
         </table>
      </div>
      <div id="testMethodsByClass" style="display: none;">
         <table class="testMethodsTable" cellpadding="0" cellspacing="0">
            <tr>
               <td colspan="4">
                  <h3 style="display: inline;">com.xirrus.xms.TS_Array_SSIDs.TC_SSIDs_Mgmt_Authentication</h3>
               </td>
            </tr>
            <tr class="methodsTableHeader">
               <td width="100%">Name</td>
               <td nowrap="true">Started</td>
               <td nowrap="true">Duration</td>
               <td>Exception</td>
            </tr>
            <tr id="com.xirrus.xms.TS_Array_SSIDs.TC_SSIDs_Mgmt_Authentication_checkTestSkip_byClass_PASS1_row"
                class="testMethodStatusPASS testMethodStatusCONF">
               <td width="100%" class="firstMethodCell">
                  <a onclick="toggleDetailsVisibility('com.xirrus.xms.TS_Array_SSIDs.TC_SSIDs_Mgmt_Authentication_checkTestSkip_byClass_PASS1_details')">checkTestSkip()</a>
               </td>
               <td nowrap="true">11:03:58</td>
               <td nowrap="true" align="right">28 ms
                  
               </td>
               <td nowrap="true">
                   
                  
               </td>
            </tr>
            <tr>
               <td colspan="4" class="detailsBox">
                  <div id="com.xirrus.xms.TS_Array_SSIDs.TC_SSIDs_Mgmt_Authentication_checkTestSkip_byClass_PASS1_details"
                       class="testMethodDetails">
                     <div>
                        <b>Name: </b>checkTestSkip
                     </div>
                     <div>
                        <b>Signature: </b>checkTestSkip()
                     </div>
                     <div>
                        <b>Start time: </b>11:03:58
                     </div>
                     <div>
                        <b>End time: </b>11:03:58
                     </div>
                     <div>
                        <b>Duration: </b>28 ms
                        
                     </div>
                  </div>
               </td>
            </tr>
            <tr></tr>
            <tr id="com.xirrus.xms.TS_Array_SSIDs.TC_SSIDs_Mgmt_Authentication_testCase_VerifyAddSSIDwithDefaultGeneralSettings_byClass_PASS2_row"
                class="testMethodStatusPASS">
               <td width="100%" class="firstMethodCell">
                  <a onclick="toggleDetailsVisibility('com.xirrus.xms.TS_Array_SSIDs.TC_SSIDs_Mgmt_Authentication_testCase_VerifyAddSSIDwithDefaultGeneralSettings_byClass_PASS2_details')">testCase_VerifyAddSSIDwithDefaultGeneralSettings()</a>
               </td>
               <td nowrap="true">11:03:58</td>
               <td nowrap="true" align="right">5 ms
                  
               </td>
               <td nowrap="true">
                   
                  
               </td>
            </tr>
            <tr>
               <td colspan="4" class="detailsBox">
                  <div id="com.xirrus.xms.TS_Array_SSIDs.TC_SSIDs_Mgmt_Authentication_testCase_VerifyAddSSIDwithDefaultGeneralSettings_byClass_PASS2_details"
                       class="testMethodDetails">
                     <div>
                        <b>Name: </b>testCase_VerifyAddSSIDwithDefaultGeneralSettings
                     </div>
                     <div>
                        <b>Signature: </b>testCase_VerifyAddSSIDwithDefaultGeneralSettings()
                     </div>
                     <div>
                        <b>Start time: </b>11:03:58
                     </div>
                     <div>
                        <b>End time: </b>11:03:58
                     </div>
                     <div>
                        <b>Duration: </b>5 ms
                        
                     </div>
                  </div>
               </td>
            </tr>
            <tr></tr>
            <tr id="com.xirrus.xms.TS_Array_SSIDs.TC_SSIDs_Mgmt_Authentication_testCase_VerifyDefaultSSIDDefaultAuthentication_byClass_PASS3_row"
                class="testMethodStatusPASS">
               <td width="100%" class="firstMethodCell">
                  <a onclick="toggleDetailsVisibility('com.xirrus.xms.TS_Array_SSIDs.TC_SSIDs_Mgmt_Authentication_testCase_VerifyDefaultSSIDDefaultAuthentication_byClass_PASS3_details')">testCase_VerifyDefaultSSIDDefaultAuthentication()</a>
               </td>
               <td nowrap="true">11:03:58</td>
               <td nowrap="true" align="right">0 ms
                  
               </td>
               <td nowrap="true">
                   
                  
               </td>
            </tr>
            <tr>
               <td colspan="4" class="detailsBox">
                  <div id="com.xirrus.xms.TS_Array_SSIDs.TC_SSIDs_Mgmt_Authentication_testCase_VerifyDefaultSSIDDefaultAuthentication_byClass_PASS3_details"
                       class="testMethodDetails">
                     <div>
                        <b>Name: </b>testCase_VerifyDefaultSSIDDefaultAuthentication
                     </div>
                     <div>
                        <b>Signature: </b>testCase_VerifyDefaultSSIDDefaultAuthentication()
                     </div>
                     <div>
                        <b>Start time: </b>11:03:58
                     </div>
                     <div>
                        <b>End time: </b>11:03:58
                     </div>
                     <div>
                        <b>Duration: </b>0 ms
                        
                     </div>
                  </div>
               </td>
            </tr>
            <tr></tr>
            <tr id="com.xirrus.xms.TS_Array_SSIDs.TC_SSIDs_Mgmt_Authentication_testCase_VerifyADDSSIDwithWEPOPENAuthentication_byClass_PASS4_row"
                class="testMethodStatusPASS">
               <td width="100%" class="firstMethodCell">
                  <a onclick="toggleDetailsVisibility('com.xirrus.xms.TS_Array_SSIDs.TC_SSIDs_Mgmt_Authentication_testCase_VerifyADDSSIDwithWEPOPENAuthentication_byClass_PASS4_details')">testCase_VerifyADDSSIDwithWEPOPENAuthentication()</a>
               </td>
               <td nowrap="true">11:03:58</td>
               <td nowrap="true" align="right">1 ms
                  
               </td>
               <td nowrap="true">
                   
                  
               </td>
            </tr>
            <tr>
               <td colspan="4" class="detailsBox">
                  <div id="com.xirrus.xms.TS_Array_SSIDs.TC_SSIDs_Mgmt_Authentication_testCase_VerifyADDSSIDwithWEPOPENAuthentication_byClass_PASS4_details"
                       class="testMethodDetails">
                     <div>
                        <b>Name: </b>testCase_VerifyADDSSIDwithWEPOPENAuthentication
                     </div>
                     <div>
                        <b>Signature: </b>testCase_VerifyADDSSIDwithWEPOPENAuthentication()
                     </div>
                     <div>
                        <b>Start time: </b>11:03:58
                     </div>
                     <div>
                        <b>End time: </b>11:03:58
                     </div>
                     <div>
                        <b>Duration: </b>1 ms
                        
                     </div>
                  </div>
               </td>
            </tr>
            <tr></tr>
            <tr id="com.xirrus.xms.TS_Array_SSIDs.TC_SSIDs_Mgmt_Authentication_testCase_VerifyEditSSIDGeneralSettings_byClass_PASS5_row"
                class="testMethodStatusPASS">
               <td width="100%" class="firstMethodCell">
                  <a onclick="toggleDetailsVisibility('com.xirrus.xms.TS_Array_SSIDs.TC_SSIDs_Mgmt_Authentication_testCase_VerifyEditSSIDGeneralSettings_byClass_PASS5_details')">testCase_VerifyEditSSIDGeneralSettings()</a>
               </td>
               <td nowrap="true">11:03:58</td>
               <td nowrap="true" align="right">1 ms
                  
               </td>
               <td nowrap="true">
                   
                  
               </td>
            </tr>
            <tr>
               <td colspan="4" class="detailsBox">
                  <div id="com.xirrus.xms.TS_Array_SSIDs.TC_SSIDs_Mgmt_Authentication_testCase_VerifyEditSSIDGeneralSettings_byClass_PASS5_details"
                       class="testMethodDetails">
                     <div>
                        <b>Name: </b>testCase_VerifyEditSSIDGeneralSettings
                     </div>
                     <div>
                        <b>Signature: </b>testCase_VerifyEditSSIDGeneralSettings()
                     </div>
                     <div>
                        <b>Start time: </b>11:03:58
                     </div>
                     <div>
                        <b>End time: </b>11:03:58
                     </div>
                     <div>
                        <b>Duration: </b>1 ms
                        
                     </div>
                  </div>
               </td>
            </tr>
            <tr></tr>
            <tr id="com.xirrus.xms.TS_Array_SSIDs.TC_SSIDs_Mgmt_Authentication_testCompleted_byClass_PASS6_row"
                class="testMethodStatusPASS testMethodStatusCONF">
               <td width="100%" class="firstMethodCell">
                  <a onclick="toggleDetailsVisibility('com.xirrus.xms.TS_Array_SSIDs.TC_SSIDs_Mgmt_Authentication_testCompleted_byClass_PASS6_details')">testCompleted()</a>
               </td>
               <td nowrap="true">11:03:58</td>
               <td nowrap="true" align="right">1 ms
                  
               </td>
               <td nowrap="true">
                   
                  
               </td>
            </tr>
            <tr>
               <td colspan="4" class="detailsBox">
                  <div id="com.xirrus.xms.TS_Array_SSIDs.TC_SSIDs_Mgmt_Authentication_testCompleted_byClass_PASS6_details"
                       class="testMethodDetails">
                     <div>
                        <b>Name: </b>testCompleted
                     </div>
                     <div>
                        <b>Signature: </b>testCompleted()
                     </div>
                     <div>
                        <b>Start time: </b>11:03:58
                     </div>
                     <div>
                        <b>End time: </b>11:03:58
                     </div>
                     <div>
                        <b>Duration: </b>1 ms
                        
                     </div>
                  </div>
               </td>
            </tr>
            <tr></tr>
         </table>
         <br></br>
         <table class="testMethodsTable" cellpadding="0" cellspacing="0">
            <tr>
               <td colspan="4">
                  <h3 style="display: inline;">com.xirrus.xms.TS_Array_SSIDs.TC_SSIDs_Mgmt_CaptivePortal</h3>
               </td>
            </tr>
            <tr class="methodsTableHeader">
               <td width="100%">Name</td>
               <td nowrap="true">Started</td>
               <td nowrap="true">Duration</td>
               <td>Exception</td>
            </tr>
            <tr id="com.xirrus.xms.TS_Array_SSIDs.TC_SSIDs_Mgmt_CaptivePortal_checkSuiteSkip_byClass_PASS1_row"
                class="testMethodStatusPASS testMethodStatusCONF">
               <td width="100%" class="firstMethodCell">
                  <a onclick="toggleDetailsVisibility('com.xirrus.xms.TS_Array_SSIDs.TC_SSIDs_Mgmt_CaptivePortal_checkSuiteSkip_byClass_PASS1_details')">checkSuiteSkip()</a>
               </td>
               <td nowrap="true">10:38:16</td>
               <td nowrap="true" align="right">13s
                  
               </td>
               <td nowrap="true">
                   
                  
               </td>
            </tr>
            <tr>
               <td colspan="4" class="detailsBox">
                  <div id="com.xirrus.xms.TS_Array_SSIDs.TC_SSIDs_Mgmt_CaptivePortal_checkSuiteSkip_byClass_PASS1_details"
                       class="testMethodDetails">
                     <div>
                        <b>Name: </b>checkSuiteSkip
                     </div>
                     <div>
                        <b>Signature: </b>checkSuiteSkip()
                     </div>
                     <div>
                        <b>Start time: </b>10:38:16
                     </div>
                     <div>
                        <b>End time: </b>10:38:29
                     </div>
                     <div>
                        <b>Duration: </b>13s
                        
                     </div>
                  </div>
               </td>
            </tr>
            <tr></tr>
            <tr id="com.xirrus.xms.TS_Array_SSIDs.TC_SSIDs_Mgmt_CaptivePortal_checkTestSkip_byClass_PASS2_row"
                class="testMethodStatusPASS testMethodStatusCONF">
               <td width="100%" class="firstMethodCell">
                  <a onclick="toggleDetailsVisibility('com.xirrus.xms.TS_Array_SSIDs.TC_SSIDs_Mgmt_CaptivePortal_checkTestSkip_byClass_PASS2_details')">checkTestSkip()</a>
               </td>
               <td nowrap="true">11:03:58</td>
               <td nowrap="true" align="right">10 ms
                  
               </td>
               <td nowrap="true">
                   
                  
               </td>
            </tr>
            <tr>
               <td colspan="4" class="detailsBox">
                  <div id="com.xirrus.xms.TS_Array_SSIDs.TC_SSIDs_Mgmt_CaptivePortal_checkTestSkip_byClass_PASS2_details"
                       class="testMethodDetails">
                     <div>
                        <b>Name: </b>checkTestSkip
                     </div>
                     <div>
                        <b>Signature: </b>checkTestSkip()
                     </div>
                     <div>
                        <b>Start time: </b>11:03:58
                     </div>
                     <div>
                        <b>End time: </b>11:03:58
                     </div>
                     <div>
                        <b>Duration: </b>10 ms
                        
                     </div>
                  </div>
               </td>
            </tr>
            <tr></tr>
            <tr id="com.xirrus.xms.TS_Array_SSIDs.TC_SSIDs_Mgmt_CaptivePortal_testCase_VerifyAddSSIDwithDefaultGeneralSettings_byClass_PASS3_row"
                class="testMethodStatusPASS">
               <td width="100%" class="firstMethodCell">
                  <a onclick="toggleDetailsVisibility('com.xirrus.xms.TS_Array_SSIDs.TC_SSIDs_Mgmt_CaptivePortal_testCase_VerifyAddSSIDwithDefaultGeneralSettings_byClass_PASS3_details')">testCase_VerifyAddSSIDwithDefaultGeneralSettings()</a>
               </td>
               <td nowrap="true">11:03:58</td>
               <td nowrap="true" align="right">1 ms
                  
               </td>
               <td nowrap="true">
                   
                  
               </td>
            </tr>
            <tr>
               <td colspan="4" class="detailsBox">
                  <div id="com.xirrus.xms.TS_Array_SSIDs.TC_SSIDs_Mgmt_CaptivePortal_testCase_VerifyAddSSIDwithDefaultGeneralSettings_byClass_PASS3_details"
                       class="testMethodDetails">
                     <div>
                        <b>Name: </b>testCase_VerifyAddSSIDwithDefaultGeneralSettings
                     </div>
                     <div>
                        <b>Signature: </b>testCase_VerifyAddSSIDwithDefaultGeneralSettings()
                     </div>
                     <div>
                        <b>Start time: </b>11:03:58
                     </div>
                     <div>
                        <b>End time: </b>11:03:58
                     </div>
                     <div>
                        <b>Duration: </b>1 ms
                        
                     </div>
                  </div>
               </td>
            </tr>
            <tr></tr>
            <tr id="com.xirrus.xms.TS_Array_SSIDs.TC_SSIDs_Mgmt_CaptivePortal_testCase_VerifyDefaultSSIDGeneralSettings_byClass_PASS4_row"
                class="testMethodStatusPASS">
               <td width="100%" class="firstMethodCell">
                  <a onclick="toggleDetailsVisibility('com.xirrus.xms.TS_Array_SSIDs.TC_SSIDs_Mgmt_CaptivePortal_testCase_VerifyDefaultSSIDGeneralSettings_byClass_PASS4_details')">testCase_VerifyDefaultSSIDGeneralSettings()</a>
               </td>
               <td nowrap="true">11:03:58</td>
               <td nowrap="true" align="right">0 ms
                  
               </td>
               <td nowrap="true">
                   
                  
               </td>
            </tr>
            <tr>
               <td colspan="4" class="detailsBox">
                  <div id="com.xirrus.xms.TS_Array_SSIDs.TC_SSIDs_Mgmt_CaptivePortal_testCase_VerifyDefaultSSIDGeneralSettings_byClass_PASS4_details"
                       class="testMethodDetails">
                     <div>
                        <b>Name: </b>testCase_VerifyDefaultSSIDGeneralSettings
                     </div>
                     <div>
                        <b>Signature: </b>testCase_VerifyDefaultSSIDGeneralSettings()
                     </div>
                     <div>
                        <b>Start time: </b>11:03:58
                     </div>
                     <div>
                        <b>End time: </b>11:03:58
                     </div>
                     <div>
                        <b>Duration: </b>0 ms
                        
                     </div>
                  </div>
               </td>
            </tr>
            <tr></tr>
            <tr id="com.xirrus.xms.TS_Array_SSIDs.TC_SSIDs_Mgmt_CaptivePortal_testCase_VerifyAddSSIDwithcustomGeneralSettings_byClass_PASS5_row"
                class="testMethodStatusPASS">
               <td width="100%" class="firstMethodCell">
                  <a onclick="toggleDetailsVisibility('com.xirrus.xms.TS_Array_SSIDs.TC_SSIDs_Mgmt_CaptivePortal_testCase_VerifyAddSSIDwithcustomGeneralSettings_byClass_PASS5_details')">testCase_VerifyAddSSIDwithcustomGeneralSettings()</a>
               </td>
               <td nowrap="true">11:03:58</td>
               <td nowrap="true" align="right">39 ms
                  
               </td>
               <td nowrap="true">
                   
                  
               </td>
            </tr>
            <tr>
               <td colspan="4" class="detailsBox">
                  <div id="com.xirrus.xms.TS_Array_SSIDs.TC_SSIDs_Mgmt_CaptivePortal_testCase_VerifyAddSSIDwithcustomGeneralSettings_byClass_PASS5_details"
                       class="testMethodDetails">
                     <div>
                        <b>Name: </b>testCase_VerifyAddSSIDwithcustomGeneralSettings
                     </div>
                     <div>
                        <b>Signature: </b>testCase_VerifyAddSSIDwithcustomGeneralSettings()
                     </div>
                     <div>
                        <b>Start time: </b>11:03:58
                     </div>
                     <div>
                        <b>End time: </b>11:03:58
                     </div>
                     <div>
                        <b>Duration: </b>39 ms
                        
                     </div>
                  </div>
               </td>
            </tr>
            <tr></tr>
            <tr id="com.xirrus.xms.TS_Array_SSIDs.TC_SSIDs_Mgmt_CaptivePortal_testCase_VerifyEditSSIDGeneralSettings_byClass_PASS6_row"
                class="testMethodStatusPASS">
               <td width="100%" class="firstMethodCell">
                  <a onclick="toggleDetailsVisibility('com.xirrus.xms.TS_Array_SSIDs.TC_SSIDs_Mgmt_CaptivePortal_testCase_VerifyEditSSIDGeneralSettings_byClass_PASS6_details')">testCase_VerifyEditSSIDGeneralSettings()</a>
               </td>
               <td nowrap="true">11:03:58</td>
               <td nowrap="true" align="right">0 ms
                  
               </td>
               <td nowrap="true">
                   
                  
               </td>
            </tr>
            <tr>
               <td colspan="4" class="detailsBox">
                  <div id="com.xirrus.xms.TS_Array_SSIDs.TC_SSIDs_Mgmt_CaptivePortal_testCase_VerifyEditSSIDGeneralSettings_byClass_PASS6_details"
                       class="testMethodDetails">
                     <div>
                        <b>Name: </b>testCase_VerifyEditSSIDGeneralSettings
                     </div>
                     <div>
                        <b>Signature: </b>testCase_VerifyEditSSIDGeneralSettings()
                     </div>
                     <div>
                        <b>Start time: </b>11:03:58
                     </div>
                     <div>
                        <b>End time: </b>11:03:58
                     </div>
                     <div>
                        <b>Duration: </b>0 ms
                        
                     </div>
                  </div>
               </td>
            </tr>
            <tr></tr>
            <tr id="com.xirrus.xms.TS_Array_SSIDs.TC_SSIDs_Mgmt_CaptivePortal_testCompleted_byClass_PASS7_row"
                class="testMethodStatusPASS testMethodStatusCONF">
               <td width="100%" class="firstMethodCell">
                  <a onclick="toggleDetailsVisibility('com.xirrus.xms.TS_Array_SSIDs.TC_SSIDs_Mgmt_CaptivePortal_testCompleted_byClass_PASS7_details')">testCompleted()</a>
               </td>
               <td nowrap="true">11:03:58</td>
               <td nowrap="true" align="right">0 ms
                  
               </td>
               <td nowrap="true">
                   
                  
               </td>
            </tr>
            <tr>
               <td colspan="4" class="detailsBox">
                  <div id="com.xirrus.xms.TS_Array_SSIDs.TC_SSIDs_Mgmt_CaptivePortal_testCompleted_byClass_PASS7_details"
                       class="testMethodDetails">
                     <div>
                        <b>Name: </b>testCompleted
                     </div>
                     <div>
                        <b>Signature: </b>testCompleted()
                     </div>
                     <div>
                        <b>Start time: </b>11:03:58
                     </div>
                     <div>
                        <b>End time: </b>11:03:58
                     </div>
                     <div>
                        <b>Duration: </b>0 ms
                        
                     </div>
                  </div>
               </td>
            </tr>
            <tr></tr>
            <tr id="com.xirrus.xms.TS_Array_SSIDs.TC_SSIDs_Mgmt_CaptivePortal_cleanup_byClass_PASS8_row"
                class="testMethodStatusPASS testMethodStatusCONF">
               <td width="100%" class="firstMethodCell">
                  <a onclick="toggleDetailsVisibility('com.xirrus.xms.TS_Array_SSIDs.TC_SSIDs_Mgmt_CaptivePortal_cleanup_byClass_PASS8_details')">cleanup()</a>
               </td>
               <td nowrap="true">11:03:58</td>
               <td nowrap="true" align="right">2s
                  
               </td>
               <td nowrap="true">
                   
                  
               </td>
            </tr>
            <tr>
               <td colspan="4" class="detailsBox">
                  <div id="com.xirrus.xms.TS_Array_SSIDs.TC_SSIDs_Mgmt_CaptivePortal_cleanup_byClass_PASS8_details"
                       class="testMethodDetails">
                     <div>
                        <b>Name: </b>cleanup
                     </div>
                     <div>
                        <b>Signature: </b>cleanup()
                     </div>
                     <div>
                        <b>Start time: </b>11:03:58
                     </div>
                     <div>
                        <b>End time: </b>11:03:59
                     </div>
                     <div>
                        <b>Duration: </b>2s
                        
                     </div>
                  </div>
               </td>
            </tr>
            <tr></tr>
         </table>
         <br></br>
         <table class="testMethodsTable" cellpadding="0" cellspacing="0">
            <tr>
               <td colspan="4">
                  <h3 style="display: inline;">com.xirrus.xms.TS_Array_SSIDs.TC_SSIDs_Mgmt_GeneralSettings</h3>
               </td>
            </tr>
            <tr class="methodsTableHeader">
               <td width="100%">Name</td>
               <td nowrap="true">Started</td>
               <td nowrap="true">Duration</td>
               <td>Exception</td>
            </tr>
            <tr id="com.xirrus.xms.TS_Array_SSIDs.TC_SSIDs_Mgmt_GeneralSettings_checkTestSkip_byClass_PASS1_row"
                class="testMethodStatusPASS testMethodStatusCONF">
               <td width="100%" class="firstMethodCell">
                  <a onclick="toggleDetailsVisibility('com.xirrus.xms.TS_Array_SSIDs.TC_SSIDs_Mgmt_GeneralSettings_checkTestSkip_byClass_PASS1_details')">checkTestSkip()</a>
               </td>
               <td nowrap="true">10:38:29</td>
               <td nowrap="true" align="right">27 ms
                  
               </td>
               <td nowrap="true">
                   
                  
               </td>
            </tr>
            <tr>
               <td colspan="4" class="detailsBox">
                  <div id="com.xirrus.xms.TS_Array_SSIDs.TC_SSIDs_Mgmt_GeneralSettings_checkTestSkip_byClass_PASS1_details"
                       class="testMethodDetails">
                     <div>
                        <b>Name: </b>checkTestSkip
                     </div>
                     <div>
                        <b>Signature: </b>checkTestSkip()
                     </div>
                     <div>
                        <b>Start time: </b>10:38:29
                     </div>
                     <div>
                        <b>End time: </b>10:38:29
                     </div>
                     <div>
                        <b>Duration: </b>27 ms
                        
                     </div>
                  </div>
               </td>
            </tr>
            <tr></tr>
            <tr id="com.xirrus.xms.TS_Array_SSIDs.TC_SSIDs_Mgmt_GeneralSettings_testCase_VerifyDefaultSSIDGeneralSettings_byClass_PASS2_row"
                class="testMethodStatusPASS">
               <td width="100%" class="firstMethodCell">
                  <a onclick="toggleDetailsVisibility('com.xirrus.xms.TS_Array_SSIDs.TC_SSIDs_Mgmt_GeneralSettings_testCase_VerifyDefaultSSIDGeneralSettings_byClass_PASS2_details')">testCase_VerifyDefaultSSIDGeneralSettings()</a>
               </td>
               <td nowrap="true">10:38:29</td>
               <td nowrap="true" align="right">7m
                  16s
                  
               </td>
               <td nowrap="true">
                   
                  
               </td>
            </tr>
            <tr>
               <td colspan="4" class="detailsBox">
                  <div id="com.xirrus.xms.TS_Array_SSIDs.TC_SSIDs_Mgmt_GeneralSettings_testCase_VerifyDefaultSSIDGeneralSettings_byClass_PASS2_details"
                       class="testMethodDetails">
                     <div>
                        <b>Name: </b>testCase_VerifyDefaultSSIDGeneralSettings
                     </div>
                     <div>
                        <b>Signature: </b>testCase_VerifyDefaultSSIDGeneralSettings()
                     </div>
                     <div>
                        <b>Start time: </b>10:38:29
                     </div>
                     <div>
                        <b>End time: </b>10:45:45
                     </div>
                     <div>
                        <b>Duration: </b>7m
                        16s
                        
                     </div>
                  </div>
               </td>
            </tr>
            <tr></tr>
            <tr id="com.xirrus.xms.TS_Array_SSIDs.TC_SSIDs_Mgmt_GeneralSettings_testCase_VerifyAddSSIDwithDefaultGeneralSettings_byClass_PASS3_row"
                class="testMethodStatusPASS">
               <td width="100%" class="firstMethodCell">
                  <a onclick="toggleDetailsVisibility('com.xirrus.xms.TS_Array_SSIDs.TC_SSIDs_Mgmt_GeneralSettings_testCase_VerifyAddSSIDwithDefaultGeneralSettings_byClass_PASS3_details')">testCase_VerifyAddSSIDwithDefaultGeneralSettings()</a>
               </td>
               <td nowrap="true">10:45:45</td>
               <td nowrap="true" align="right">9m
                  36s
                  
               </td>
               <td nowrap="true">
                   
                  
               </td>
            </tr>
            <tr>
               <td colspan="4" class="detailsBox">
                  <div id="com.xirrus.xms.TS_Array_SSIDs.TC_SSIDs_Mgmt_GeneralSettings_testCase_VerifyAddSSIDwithDefaultGeneralSettings_byClass_PASS3_details"
                       class="testMethodDetails">
                     <div>
                        <b>Name: </b>testCase_VerifyAddSSIDwithDefaultGeneralSettings
                     </div>
                     <div>
                        <b>Signature: </b>testCase_VerifyAddSSIDwithDefaultGeneralSettings()
                     </div>
                     <div>
                        <b>Start time: </b>10:45:45
                     </div>
                     <div>
                        <b>End time: </b>10:54:21
                     </div>
                     <div>
                        <b>Duration: </b>9m
                        36s
                        
                     </div>
                  </div>
               </td>
            </tr>
            <tr></tr>
            <tr id="com.xirrus.xms.TS_Array_SSIDs.TC_SSIDs_Mgmt_GeneralSettings_testCase_VerifyAddSSIDwithcustomGeneralSettings_byClass_FAIL4_row"
                class="testMethodStatusFAIL">
               <td width="100%" class="firstMethodCell">
                  <a onclick="toggleDetailsVisibility('com.xirrus.xms.TS_Array_SSIDs.TC_SSIDs_Mgmt_GeneralSettings_testCase_VerifyAddSSIDwithcustomGeneralSettings_byClass_FAIL4_details')">testCase_VerifyAddSSIDwithcustomGeneralSettings()</a>
               </td>
               <td nowrap="true">10:54:21</td>
               <td nowrap="true" align="right">37s
                  
               </td>
               <td nowrap="true">
                  <a onclick="toggleDetailsVisibility('com.xirrus.xms.TS_Array_SSIDs.TC_SSIDs_Mgmt_GeneralSettings_testCase_VerifyAddSSIDwithcustomGeneralSettings_byClass_FAIL4_exception')">org.openqa.selenium.NoSuchElementException: 
                     Cannot locate element with text: SSIDVLAN
                     For documentation on this error, please visit: http://seleniumhq.org/exceptions/no_such_element.html
                     Build info: version: '2.40.0', revision: 'fbe29a9', time: '2014-02-19 20:55:11'
                     System info: host: 'ANasser-8470p', ip: '10.100.23.51', os.name: 'Windows 7', os.arch: 'amd64', os.version: '6.1', java.version:
                     '1.7.0_60'
                     Driver info: driver.version: unknown
                     
                  </a>
                   
                  
               </td>
            </tr>
            <tr>
               <td colspan="4" class="detailsBox">
                  <div id="com.xirrus.xms.TS_Array_SSIDs.TC_SSIDs_Mgmt_GeneralSettings_testCase_VerifyAddSSIDwithcustomGeneralSettings_byClass_FAIL4_details"
                       class="testMethodDetails">
                     <div>
                        <b>Name: </b>testCase_VerifyAddSSIDwithcustomGeneralSettings
                     </div>
                     <div>
                        <b>Signature: </b>testCase_VerifyAddSSIDwithcustomGeneralSettings()
                     </div>
                     <div>
                        <b>Start time: </b>10:54:21
                     </div>
                     <div>
                        <b>End time: </b>10:54:58
                     </div>
                     <div>
                        <b>Duration: </b>37s
                        
                     </div>
                  </div>
               </td>
            </tr>
            <tr>
               <td colspan="4" class="detailsBox">
                  <div id="com.xirrus.xms.TS_Array_SSIDs.TC_SSIDs_Mgmt_GeneralSettings_testCase_VerifyAddSSIDwithcustomGeneralSettings_byClass_FAIL4_exception"
                       class="testMethodDetails">
                     <pre style="padding: 5px; margin: 0;">org.openqa.selenium.NoSuchElementException: Cannot locate element with text: SSIDVLAN
                        For documentation on this error, please visit: http://seleniumhq.org/exceptions/no_such_element.html
                        Build info: version: '2.40.0', revision: 'fbe29a9', time: '2014-02-19 20:55:11'
                        System info: host: 'ANasser-8470p', ip: '10.100.23.51', os.name: 'Windows 7', os.arch: 'amd64', os.version: '6.1', java.version:
                        '1.7.0_60'
                        Driver info: driver.version: unknown
                        	at org.openqa.selenium.support.ui.Select.selectByVisibleText(Select.java:147)
                        	at com.xirrus.xms.locallib.LocalLib.selectDropDown(LocalLib.java:274)
                        	at com.xirrus.xms.TS_Array_SSIDs.TC_SSIDs_Mgmt_GeneralSettings.testCase_VerifyAddSSIDwithcustomGeneralSettings(TC_SSIDs_Mgmt_GeneralSettings.java:613)
                        	at sun.reflect.NativeMethodAccessorImpl.invoke0(Native Method)
                        	at sun.reflect.NativeMethodAccessorImpl.invoke(NativeMethodAccessorImpl.java:57)
                        	at sun.reflect.DelegatingMethodAccessorImpl.invoke(DelegatingMethodAccessorImpl.java:43)
                        	at java.lang.reflect.Method.invoke(Method.java:606)
                        	at org.testng.internal.MethodInvocationHelper.invokeMethod(MethodInvocationHelper.java:74)
                        	at org.testng.internal.Invoker.invokeMethod(Invoker.java:673)
                        	at org.testng.internal.Invoker.invokeTestMethod(Invoker.java:846)
                        	at org.testng.internal.Invoker.invokeTestMethods(Invoker.java:1170)
                        	at org.testng.internal.TestMethodWorker.invokeTestMethods(TestMethodWorker.java:125)
                        	at org.testng.internal.TestMethodWorker.run(TestMethodWorker.java:109)
                        	at org.testng.TestRunner.runWorkers(TestRunner.java:1125)
                        	at org.testng.TestRunner.privateRun(TestRunner.java:749)
                        	at org.testng.TestRunner.run(TestRunner.java:600)
                        	at org.testng.SuiteRunner.runTest(SuiteRunner.java:317)
                        	at org.testng.SuiteRunner.runSequentially(SuiteRunner.java:312)
                        	at org.testng.SuiteRunner.privateRun(SuiteRunner.java:274)
                        	at org.testng.SuiteRunner.run(SuiteRunner.java:223)
                        	at org.testng.SuiteRunnerWorker.runSuite(SuiteRunnerWorker.java:52)
                        	at org.testng.SuiteRunnerWorker.run(SuiteRunnerWorker.java:86)
                        	at org.testng.TestNG.runSuitesSequentially(TestNG.java:965)
                        	at org.testng.TestNG.runSuitesSequentially(TestNG.java:961)
                        	at org.testng.TestNG.runSuitesLocally(TestNG.java:890)
                        	at org.testng.TestNG.run(TestNG.java:824)
                        	at org.testng.TestNG.privateMain(TestNG.java:1128)
                        	at org.testng.TestNG.main(TestNG.java:1092)
                     </pre>
                  </div>
               </td>
            </tr>
            <tr id="com.xirrus.xms.TS_Array_SSIDs.TC_SSIDs_Mgmt_GeneralSettings_testCase_VerifyEditSSIDGeneralSettings_byClass_FAIL5_row"
                class="testMethodStatusFAIL">
               <td width="100%" class="firstMethodCell">
                  <a onclick="toggleDetailsVisibility('com.xirrus.xms.TS_Array_SSIDs.TC_SSIDs_Mgmt_GeneralSettings_testCase_VerifyEditSSIDGeneralSettings_byClass_FAIL5_details')">testCase_VerifyEditSSIDGeneralSettings()</a>
               </td>
               <td nowrap="true">10:54:58</td>
               <td nowrap="true" align="right">15s
                  
               </td>
               <td nowrap="true">
                  <a onclick="toggleDetailsVisibility('com.xirrus.xms.TS_Array_SSIDs.TC_SSIDs_Mgmt_GeneralSettings_testCase_VerifyEditSSIDGeneralSettings_byClass_FAIL5_exception')">org.openqa.selenium.NoSuchElementException: 
                     Cannot locate element with text: custom
                     For documentation on this error, please visit: http://seleniumhq.org/exceptions/no_such_element.html
                     Build info: version: '2.40.0', revision: 'fbe29a9', time: '2014-02-19 20:55:11'
                     System info: host: 'ANasser-8470p', ip: '10.100.23.51', os.name: 'Windows 7', os.arch: 'amd64', os.version: '6.1', java.version:
                     '1.7.0_60'
                     Driver info: driver.version: unknown
                     
                  </a>
                   
                  
               </td>
            </tr>
            <tr>
               <td colspan="4" class="detailsBox">
                  <div id="com.xirrus.xms.TS_Array_SSIDs.TC_SSIDs_Mgmt_GeneralSettings_testCase_VerifyEditSSIDGeneralSettings_byClass_FAIL5_details"
                       class="testMethodDetails">
                     <div>
                        <b>Name: </b>testCase_VerifyEditSSIDGeneralSettings
                     </div>
                     <div>
                        <b>Signature: </b>testCase_VerifyEditSSIDGeneralSettings()
                     </div>
                     <div>
                        <b>Start time: </b>10:54:58
                     </div>
                     <div>
                        <b>End time: </b>10:55:12
                     </div>
                     <div>
                        <b>Duration: </b>15s
                        
                     </div>
                  </div>
               </td>
            </tr>
            <tr>
               <td colspan="4" class="detailsBox">
                  <div id="com.xirrus.xms.TS_Array_SSIDs.TC_SSIDs_Mgmt_GeneralSettings_testCase_VerifyEditSSIDGeneralSettings_byClass_FAIL5_exception"
                       class="testMethodDetails">
                     <pre style="padding: 5px; margin: 0;">org.openqa.selenium.NoSuchElementException: Cannot locate element with text: custom
                        For documentation on this error, please visit: http://seleniumhq.org/exceptions/no_such_element.html
                        Build info: version: '2.40.0', revision: 'fbe29a9', time: '2014-02-19 20:55:11'
                        System info: host: 'ANasser-8470p', ip: '10.100.23.51', os.name: 'Windows 7', os.arch: 'amd64', os.version: '6.1', java.version:
                        '1.7.0_60'
                        Driver info: driver.version: unknown
                        	at org.openqa.selenium.support.ui.Select.selectByVisibleText(Select.java:147)
                        	at com.xirrus.xms.locallib.LocalLib.selectDropDown(LocalLib.java:274)
                        	at com.xirrus.xms.TS_Array_SSIDs.TC_SSIDs_Mgmt_GeneralSettings.testCase_VerifyEditSSIDGeneralSettings(TC_SSIDs_Mgmt_GeneralSettings.java:849)
                        	at sun.reflect.NativeMethodAccessorImpl.invoke0(Native Method)
                        	at sun.reflect.NativeMethodAccessorImpl.invoke(NativeMethodAccessorImpl.java:57)
                        	at sun.reflect.DelegatingMethodAccessorImpl.invoke(DelegatingMethodAccessorImpl.java:43)
                        	at java.lang.reflect.Method.invoke(Method.java:606)
                        	at org.testng.internal.MethodInvocationHelper.invokeMethod(MethodInvocationHelper.java:74)
                        	at org.testng.internal.Invoker.invokeMethod(Invoker.java:673)
                        	at org.testng.internal.Invoker.invokeTestMethod(Invoker.java:846)
                        	at org.testng.internal.Invoker.invokeTestMethods(Invoker.java:1170)
                        	at org.testng.internal.TestMethodWorker.invokeTestMethods(TestMethodWorker.java:125)
                        	at org.testng.internal.TestMethodWorker.run(TestMethodWorker.java:109)
                        	at org.testng.TestRunner.runWorkers(TestRunner.java:1125)
                        	at org.testng.TestRunner.privateRun(TestRunner.java:749)
                        	at org.testng.TestRunner.run(TestRunner.java:600)
                        	at org.testng.SuiteRunner.runTest(SuiteRunner.java:317)
                        	at org.testng.SuiteRunner.runSequentially(SuiteRunner.java:312)
                        	at org.testng.SuiteRunner.privateRun(SuiteRunner.java:274)
                        	at org.testng.SuiteRunner.run(SuiteRunner.java:223)
                        	at org.testng.SuiteRunnerWorker.runSuite(SuiteRunnerWorker.java:52)
                        	at org.testng.SuiteRunnerWorker.run(SuiteRunnerWorker.java:86)
                        	at org.testng.TestNG.runSuitesSequentially(TestNG.java:965)
                        	at org.testng.TestNG.runSuitesSequentially(TestNG.java:961)
                        	at org.testng.TestNG.runSuitesLocally(TestNG.java:890)
                        	at org.testng.TestNG.run(TestNG.java:824)
                        	at org.testng.TestNG.privateMain(TestNG.java:1128)
                        	at org.testng.TestNG.main(TestNG.java:1092)
                     </pre>
                  </div>
               </td>
            </tr>
            <tr id="com.xirrus.xms.TS_Array_SSIDs.TC_SSIDs_Mgmt_GeneralSettings_testCase_VerifyDeleteSSID_byClass_FAIL6_row"
                class="testMethodStatusFAIL">
               <td width="100%" class="firstMethodCell">
                  <a onclick="toggleDetailsVisibility('com.xirrus.xms.TS_Array_SSIDs.TC_SSIDs_Mgmt_GeneralSettings_testCase_VerifyDeleteSSID_byClass_FAIL6_details')">testCase_VerifyDeleteSSID()</a>
               </td>
               <td nowrap="true">10:55:12</td>
               <td nowrap="true" align="right">15s
                  
               </td>
               <td nowrap="true">
                  <a onclick="toggleDetailsVisibility('com.xirrus.xms.TS_Array_SSIDs.TC_SSIDs_Mgmt_GeneralSettings_testCase_VerifyDeleteSSID_byClass_FAIL6_exception')">org.openqa.selenium.NoSuchElementException: 
                     Cannot locate element with text: custom
                     For documentation on this error, please visit: http://seleniumhq.org/exceptions/no_such_element.html
                     Build info: version: '2.40.0', revision: 'fbe29a9', time: '2014-02-19 20:55:11'
                     System info: host: 'ANasser-8470p', ip: '10.100.23.51', os.name: 'Windows 7', os.arch: 'amd64', os.version: '6.1', java.version:
                     '1.7.0_60'
                     Driver info: driver.version: unknown
                     
                  </a>
                   
                  
               </td>
            </tr>
            <tr>
               <td colspan="4" class="detailsBox">
                  <div id="com.xirrus.xms.TS_Array_SSIDs.TC_SSIDs_Mgmt_GeneralSettings_testCase_VerifyDeleteSSID_byClass_FAIL6_details"
                       class="testMethodDetails">
                     <div>
                        <b>Name: </b>testCase_VerifyDeleteSSID
                     </div>
                     <div>
                        <b>Signature: </b>testCase_VerifyDeleteSSID()
                     </div>
                     <div>
                        <b>Start time: </b>10:55:12
                     </div>
                     <div>
                        <b>End time: </b>10:55:27
                     </div>
                     <div>
                        <b>Duration: </b>15s
                        
                     </div>
                  </div>
               </td>
            </tr>
            <tr>
               <td colspan="4" class="detailsBox">
                  <div id="com.xirrus.xms.TS_Array_SSIDs.TC_SSIDs_Mgmt_GeneralSettings_testCase_VerifyDeleteSSID_byClass_FAIL6_exception"
                       class="testMethodDetails">
                     <pre style="padding: 5px; margin: 0;">org.openqa.selenium.NoSuchElementException: Cannot locate element with text: custom
                        For documentation on this error, please visit: http://seleniumhq.org/exceptions/no_such_element.html
                        Build info: version: '2.40.0', revision: 'fbe29a9', time: '2014-02-19 20:55:11'
                        System info: host: 'ANasser-8470p', ip: '10.100.23.51', os.name: 'Windows 7', os.arch: 'amd64', os.version: '6.1', java.version:
                        '1.7.0_60'
                        Driver info: driver.version: unknown
                        	at org.openqa.selenium.support.ui.Select.selectByVisibleText(Select.java:147)
                        	at com.xirrus.xms.locallib.LocalLib.selectDropDown(LocalLib.java:274)
                        	at com.xirrus.xms.TS_Array_SSIDs.TC_SSIDs_Mgmt_GeneralSettings.testCase_VerifyDeleteSSID(TC_SSIDs_Mgmt_GeneralSettings.java:1088)
                        	at sun.reflect.NativeMethodAccessorImpl.invoke0(Native Method)
                        	at sun.reflect.NativeMethodAccessorImpl.invoke(NativeMethodAccessorImpl.java:57)
                        	at sun.reflect.DelegatingMethodAccessorImpl.invoke(DelegatingMethodAccessorImpl.java:43)
                        	at java.lang.reflect.Method.invoke(Method.java:606)
                        	at org.testng.internal.MethodInvocationHelper.invokeMethod(MethodInvocationHelper.java:74)
                        	at org.testng.internal.Invoker.invokeMethod(Invoker.java:673)
                        	at org.testng.internal.Invoker.invokeTestMethod(Invoker.java:846)
                        	at org.testng.internal.Invoker.invokeTestMethods(Invoker.java:1170)
                        	at org.testng.internal.TestMethodWorker.invokeTestMethods(TestMethodWorker.java:125)
                        	at org.testng.internal.TestMethodWorker.run(TestMethodWorker.java:109)
                        	at org.testng.TestRunner.runWorkers(TestRunner.java:1125)
                        	at org.testng.TestRunner.privateRun(TestRunner.java:749)
                        	at org.testng.TestRunner.run(TestRunner.java:600)
                        	at org.testng.SuiteRunner.runTest(SuiteRunner.java:317)
                        	at org.testng.SuiteRunner.runSequentially(SuiteRunner.java:312)
                        	at org.testng.SuiteRunner.privateRun(SuiteRunner.java:274)
                        	at org.testng.SuiteRunner.run(SuiteRunner.java:223)
                        	at org.testng.SuiteRunnerWorker.runSuite(SuiteRunnerWorker.java:52)
                        	at org.testng.SuiteRunnerWorker.run(SuiteRunnerWorker.java:86)
                        	at org.testng.TestNG.runSuitesSequentially(TestNG.java:965)
                        	at org.testng.TestNG.runSuitesSequentially(TestNG.java:961)
                        	at org.testng.TestNG.runSuitesLocally(TestNG.java:890)
                        	at org.testng.TestNG.run(TestNG.java:824)
                        	at org.testng.TestNG.privateMain(TestNG.java:1128)
                        	at org.testng.TestNG.main(TestNG.java:1092)
                     </pre>
                  </div>
               </td>
            </tr>
            <tr id="com.xirrus.xms.TS_Array_SSIDs.TC_SSIDs_Mgmt_GeneralSettings_testCase_VerifyRenameSSID_byClass_PASS7_row"
                class="testMethodStatusPASS">
               <td width="100%" class="firstMethodCell">
                  <a onclick="toggleDetailsVisibility('com.xirrus.xms.TS_Array_SSIDs.TC_SSIDs_Mgmt_GeneralSettings_testCase_VerifyRenameSSID_byClass_PASS7_details')">testCase_VerifyRenameSSID()</a>
               </td>
               <td nowrap="true">10:55:27</td>
               <td nowrap="true" align="right">8m
                  2s
                  
               </td>
               <td nowrap="true">
                   
                  
               </td>
            </tr>
            <tr>
               <td colspan="4" class="detailsBox">
                  <div id="com.xirrus.xms.TS_Array_SSIDs.TC_SSIDs_Mgmt_GeneralSettings_testCase_VerifyRenameSSID_byClass_PASS7_details"
                       class="testMethodDetails">
                     <div>
                        <b>Name: </b>testCase_VerifyRenameSSID
                     </div>
                     <div>
                        <b>Signature: </b>testCase_VerifyRenameSSID()
                     </div>
                     <div>
                        <b>Start time: </b>10:55:27
                     </div>
                     <div>
                        <b>End time: </b>11:03:29
                     </div>
                     <div>
                        <b>Duration: </b>8m
                        2s
                        
                     </div>
                  </div>
               </td>
            </tr>
            <tr></tr>
            <tr id="com.xirrus.xms.TS_Array_SSIDs.TC_SSIDs_Mgmt_GeneralSettings_testCase_VerifySSIDNameFieldValidation_byClass_FAIL8_row"
                class="testMethodStatusFAIL">
               <td width="100%" class="firstMethodCell">
                  <a onclick="toggleDetailsVisibility('com.xirrus.xms.TS_Array_SSIDs.TC_SSIDs_Mgmt_GeneralSettings_testCase_VerifySSIDNameFieldValidation_byClass_FAIL8_details')">testCase_VerifySSIDNameFieldValidation()</a>
               </td>
               <td nowrap="true">11:03:29</td>
               <td nowrap="true" align="right">28s
                  
               </td>
               <td nowrap="true">
                  <a onclick="toggleDetailsVisibility('com.xirrus.xms.TS_Array_SSIDs.TC_SSIDs_Mgmt_GeneralSettings_testCase_VerifySSIDNameFieldValidation_byClass_FAIL8_exception')">java.lang.AssertionError: 
                     FAIL- Verification Failed!!!ExistingSSIDWarning-TC_SSIDs_Mgmt_GeneralSettings-testCase_VerifySSIDNameFieldValidation
                     
                  </a>
                   
                  
               </td>
            </tr>
            <tr>
               <td colspan="4" class="detailsBox">
                  <div id="com.xirrus.xms.TS_Array_SSIDs.TC_SSIDs_Mgmt_GeneralSettings_testCase_VerifySSIDNameFieldValidation_byClass_FAIL8_details"
                       class="testMethodDetails">
                     <div>
                        <b>Name: </b>testCase_VerifySSIDNameFieldValidation
                     </div>
                     <div>
                        <b>Signature: </b>testCase_VerifySSIDNameFieldValidation()
                     </div>
                     <div>
                        <b>Start time: </b>11:03:29
                     </div>
                     <div>
                        <b>End time: </b>11:03:58
                     </div>
                     <div>
                        <b>Duration: </b>28s
                        
                     </div>
                  </div>
               </td>
            </tr>
            <tr>
               <td colspan="4" class="detailsBox">
                  <div id="com.xirrus.xms.TS_Array_SSIDs.TC_SSIDs_Mgmt_GeneralSettings_testCase_VerifySSIDNameFieldValidation_byClass_FAIL8_exception"
                       class="testMethodDetails">
                     <pre style="padding: 5px; margin: 0;">java.lang.AssertionError: FAIL- Verification Failed!!!ExistingSSIDWarning-TC_SSIDs_Mgmt_GeneralSettings-testCase_VerifySSIDNameFieldValidation
                        	at org.testng.Assert.fail(Assert.java:89)
                        	at com.xirrus.xms.locallib.LocalLib.verifyStringequals(LocalLib.java:128)
                        	at com.xirrus.xms.TS_Array_SSIDs.TC_SSIDs_Mgmt_GeneralSettings.testCase_VerifySSIDNameFieldValidation(TC_SSIDs_Mgmt_GeneralSettings.java:1440)
                        	at sun.reflect.NativeMethodAccessorImpl.invoke0(Native Method)
                        	at sun.reflect.NativeMethodAccessorImpl.invoke(NativeMethodAccessorImpl.java:57)
                        	at sun.reflect.DelegatingMethodAccessorImpl.invoke(DelegatingMethodAccessorImpl.java:43)
                        	at java.lang.reflect.Method.invoke(Method.java:606)
                        	at org.testng.internal.MethodInvocationHelper.invokeMethod(MethodInvocationHelper.java:74)
                        	at org.testng.internal.Invoker.invokeMethod(Invoker.java:673)
                        	at org.testng.internal.Invoker.invokeTestMethod(Invoker.java:846)
                        	at org.testng.internal.Invoker.invokeTestMethods(Invoker.java:1170)
                        	at org.testng.internal.TestMethodWorker.invokeTestMethods(TestMethodWorker.java:125)
                        	at org.testng.internal.TestMethodWorker.run(TestMethodWorker.java:109)
                        	at org.testng.TestRunner.runWorkers(TestRunner.java:1125)
                        	at org.testng.TestRunner.privateRun(TestRunner.java:749)
                        	at org.testng.TestRunner.run(TestRunner.java:600)
                        	at org.testng.SuiteRunner.runTest(SuiteRunner.java:317)
                        	at org.testng.SuiteRunner.runSequentially(SuiteRunner.java:312)
                        	at org.testng.SuiteRunner.privateRun(SuiteRunner.java:274)
                        	at org.testng.SuiteRunner.run(SuiteRunner.java:223)
                        	at org.testng.SuiteRunnerWorker.runSuite(SuiteRunnerWorker.java:52)
                        	at org.testng.SuiteRunnerWorker.run(SuiteRunnerWorker.java:86)
                        	at org.testng.TestNG.runSuitesSequentially(TestNG.java:965)
                        	at org.testng.TestNG.runSuitesSequentially(TestNG.java:961)
                        	at org.testng.TestNG.runSuitesLocally(TestNG.java:890)
                        	at org.testng.TestNG.run(TestNG.java:824)
                        	at org.testng.TestNG.privateMain(TestNG.java:1128)
                        	at org.testng.TestNG.main(TestNG.java:1092)
                     </pre>
                  </div>
               </td>
            </tr>
            <tr id="com.xirrus.xms.TS_Array_SSIDs.TC_SSIDs_Mgmt_GeneralSettings_testCompleted_byClass_PASS9_row"
                class="testMethodStatusPASS testMethodStatusCONF">
               <td width="100%" class="firstMethodCell">
                  <a onclick="toggleDetailsVisibility('com.xirrus.xms.TS_Array_SSIDs.TC_SSIDs_Mgmt_GeneralSettings_testCompleted_byClass_PASS9_details')">testCompleted()</a>
               </td>
               <td nowrap="true">11:03:58</td>
               <td nowrap="true" align="right">4 ms
                  
               </td>
               <td nowrap="true">
                   
                  
               </td>
            </tr>
            <tr>
               <td colspan="4" class="detailsBox">
                  <div id="com.xirrus.xms.TS_Array_SSIDs.TC_SSIDs_Mgmt_GeneralSettings_testCompleted_byClass_PASS9_details"
                       class="testMethodDetails">
                     <div>
                        <b>Name: </b>testCompleted
                     </div>
                     <div>
                        <b>Signature: </b>testCompleted()
                     </div>
                     <div>
                        <b>Start time: </b>11:03:58
                     </div>
                     <div>
                        <b>End time: </b>11:03:58
                     </div>
                     <div>
                        <b>Duration: </b>4 ms
                        
                     </div>
                  </div>
               </td>
            </tr>
            <tr></tr>
         </table>
         <br></br>
         <table class="testMethodsTable" cellpadding="0" cellspacing="0">
            <tr>
               <td colspan="4">
                  <h3 style="display: inline;">com.xirrus.xms.TS_Array_SSIDs.TC_SSIDs_Mgmt_Limits</h3>
               </td>
            </tr>
            <tr class="methodsTableHeader">
               <td width="100%">Name</td>
               <td nowrap="true">Started</td>
               <td nowrap="true">Duration</td>
               <td>Exception</td>
            </tr>
            <tr id="com.xirrus.xms.TS_Array_SSIDs.TC_SSIDs_Mgmt_Limits_checkTestSkip_byClass_PASS1_row"
                class="testMethodStatusPASS testMethodStatusCONF">
               <td width="100%" class="firstMethodCell">
                  <a onclick="toggleDetailsVisibility('com.xirrus.xms.TS_Array_SSIDs.TC_SSIDs_Mgmt_Limits_checkTestSkip_byClass_PASS1_details')">checkTestSkip()</a>
               </td>
               <td nowrap="true">11:03:58</td>
               <td nowrap="true" align="right">8 ms
                  
               </td>
               <td nowrap="true">
                   
                  
               </td>
            </tr>
            <tr>
               <td colspan="4" class="detailsBox">
                  <div id="com.xirrus.xms.TS_Array_SSIDs.TC_SSIDs_Mgmt_Limits_checkTestSkip_byClass_PASS1_details"
                       class="testMethodDetails">
                     <div>
                        <b>Name: </b>checkTestSkip
                     </div>
                     <div>
                        <b>Signature: </b>checkTestSkip()
                     </div>
                     <div>
                        <b>Start time: </b>11:03:58
                     </div>
                     <div>
                        <b>End time: </b>11:03:58
                     </div>
                     <div>
                        <b>Duration: </b>8 ms
                        
                     </div>
                  </div>
               </td>
            </tr>
            <tr></tr>
            <tr id="com.xirrus.xms.TS_Array_SSIDs.TC_SSIDs_Mgmt_Limits_testCase_VerifyDefaultSSIDGeneralSettings_byClass_PASS2_row"
                class="testMethodStatusPASS">
               <td width="100%" class="firstMethodCell">
                  <a onclick="toggleDetailsVisibility('com.xirrus.xms.TS_Array_SSIDs.TC_SSIDs_Mgmt_Limits_testCase_VerifyDefaultSSIDGeneralSettings_byClass_PASS2_details')">testCase_VerifyDefaultSSIDGeneralSettings()</a>
               </td>
               <td nowrap="true">11:03:58</td>
               <td nowrap="true" align="right">0 ms
                  
               </td>
               <td nowrap="true">
                   
                  
               </td>
            </tr>
            <tr>
               <td colspan="4" class="detailsBox">
                  <div id="com.xirrus.xms.TS_Array_SSIDs.TC_SSIDs_Mgmt_Limits_testCase_VerifyDefaultSSIDGeneralSettings_byClass_PASS2_details"
                       class="testMethodDetails">
                     <div>
                        <b>Name: </b>testCase_VerifyDefaultSSIDGeneralSettings
                     </div>
                     <div>
                        <b>Signature: </b>testCase_VerifyDefaultSSIDGeneralSettings()
                     </div>
                     <div>
                        <b>Start time: </b>11:03:58
                     </div>
                     <div>
                        <b>End time: </b>11:03:58
                     </div>
                     <div>
                        <b>Duration: </b>0 ms
                        
                     </div>
                  </div>
               </td>
            </tr>
            <tr></tr>
            <tr id="com.xirrus.xms.TS_Array_SSIDs.TC_SSIDs_Mgmt_Limits_testCase_VerifyAddSSIDwithDefaultGeneralSettings_byClass_PASS3_row"
                class="testMethodStatusPASS">
               <td width="100%" class="firstMethodCell">
                  <a onclick="toggleDetailsVisibility('com.xirrus.xms.TS_Array_SSIDs.TC_SSIDs_Mgmt_Limits_testCase_VerifyAddSSIDwithDefaultGeneralSettings_byClass_PASS3_details')">testCase_VerifyAddSSIDwithDefaultGeneralSettings()</a>
               </td>
               <td nowrap="true">11:03:58</td>
               <td nowrap="true" align="right">1 ms
                  
               </td>
               <td nowrap="true">
                   
                  
               </td>
            </tr>
            <tr>
               <td colspan="4" class="detailsBox">
                  <div id="com.xirrus.xms.TS_Array_SSIDs.TC_SSIDs_Mgmt_Limits_testCase_VerifyAddSSIDwithDefaultGeneralSettings_byClass_PASS3_details"
                       class="testMethodDetails">
                     <div>
                        <b>Name: </b>testCase_VerifyAddSSIDwithDefaultGeneralSettings
                     </div>
                     <div>
                        <b>Signature: </b>testCase_VerifyAddSSIDwithDefaultGeneralSettings()
                     </div>
                     <div>
                        <b>Start time: </b>11:03:58
                     </div>
                     <div>
                        <b>End time: </b>11:03:58
                     </div>
                     <div>
                        <b>Duration: </b>1 ms
                        
                     </div>
                  </div>
               </td>
            </tr>
            <tr></tr>
            <tr id="com.xirrus.xms.TS_Array_SSIDs.TC_SSIDs_Mgmt_Limits_testCompleted_byClass_PASS4_row"
                class="testMethodStatusPASS testMethodStatusCONF">
               <td width="100%" class="firstMethodCell">
                  <a onclick="toggleDetailsVisibility('com.xirrus.xms.TS_Array_SSIDs.TC_SSIDs_Mgmt_Limits_testCompleted_byClass_PASS4_details')">testCompleted()</a>
               </td>
               <td nowrap="true">11:03:58</td>
               <td nowrap="true" align="right">0 ms
                  
               </td>
               <td nowrap="true">
                   
                  
               </td>
            </tr>
            <tr>
               <td colspan="4" class="detailsBox">
                  <div id="com.xirrus.xms.TS_Array_SSIDs.TC_SSIDs_Mgmt_Limits_testCompleted_byClass_PASS4_details"
                       class="testMethodDetails">
                     <div>
                        <b>Name: </b>testCompleted
                     </div>
                     <div>
                        <b>Signature: </b>testCompleted()
                     </div>
                     <div>
                        <b>Start time: </b>11:03:58
                     </div>
                     <div>
                        <b>End time: </b>11:03:58
                     </div>
                     <div>
                        <b>Duration: </b>0 ms
                        
                     </div>
                  </div>
               </td>
            </tr>
            <tr></tr>
            <tr id="com.xirrus.xms.TS_Array_SSIDs.TC_SSIDs_Mgmt_Limits_testCase_VerifyAddSSIDwithcustomGeneralSettings_byClass_PASS5_row"
                class="testMethodStatusPASS">
               <td width="100%" class="firstMethodCell">
                  <a onclick="toggleDetailsVisibility('com.xirrus.xms.TS_Array_SSIDs.TC_SSIDs_Mgmt_Limits_testCase_VerifyAddSSIDwithcustomGeneralSettings_byClass_PASS5_details')">testCase_VerifyAddSSIDwithcustomGeneralSettings()</a>
               </td>
               <td nowrap="true">11:03:58</td>
               <td nowrap="true" align="right">0 ms
                  
               </td>
               <td nowrap="true">
                   
                  
               </td>
            </tr>
            <tr>
               <td colspan="4" class="detailsBox">
                  <div id="com.xirrus.xms.TS_Array_SSIDs.TC_SSIDs_Mgmt_Limits_testCase_VerifyAddSSIDwithcustomGeneralSettings_byClass_PASS5_details"
                       class="testMethodDetails">
                     <div>
                        <b>Name: </b>testCase_VerifyAddSSIDwithcustomGeneralSettings
                     </div>
                     <div>
                        <b>Signature: </b>testCase_VerifyAddSSIDwithcustomGeneralSettings()
                     </div>
                     <div>
                        <b>Start time: </b>11:03:58
                     </div>
                     <div>
                        <b>End time: </b>11:03:58
                     </div>
                     <div>
                        <b>Duration: </b>0 ms
                        
                     </div>
                  </div>
               </td>
            </tr>
            <tr></tr>
            <tr id="com.xirrus.xms.TS_Array_SSIDs.TC_SSIDs_Mgmt_Limits_testCase_VerifyEditSSIDGeneralSettings_byClass_PASS6_row"
                class="testMethodStatusPASS">
               <td width="100%" class="firstMethodCell">
                  <a onclick="toggleDetailsVisibility('com.xirrus.xms.TS_Array_SSIDs.TC_SSIDs_Mgmt_Limits_testCase_VerifyEditSSIDGeneralSettings_byClass_PASS6_details')">testCase_VerifyEditSSIDGeneralSettings()</a>
               </td>
               <td nowrap="true">11:03:58</td>
               <td nowrap="true" align="right">0 ms
                  
               </td>
               <td nowrap="true">
                   
                  
               </td>
            </tr>
            <tr>
               <td colspan="4" class="detailsBox">
                  <div id="com.xirrus.xms.TS_Array_SSIDs.TC_SSIDs_Mgmt_Limits_testCase_VerifyEditSSIDGeneralSettings_byClass_PASS6_details"
                       class="testMethodDetails">
                     <div>
                        <b>Name: </b>testCase_VerifyEditSSIDGeneralSettings
                     </div>
                     <div>
                        <b>Signature: </b>testCase_VerifyEditSSIDGeneralSettings()
                     </div>
                     <div>
                        <b>Start time: </b>11:03:58
                     </div>
                     <div>
                        <b>End time: </b>11:03:58
                     </div>
                     <div>
                        <b>Duration: </b>0 ms
                        
                     </div>
                  </div>
               </td>
            </tr>
            <tr></tr>
         </table>
         <br></br>
         <table class="testMethodsTable" cellpadding="0" cellspacing="0">
            <tr>
               <td colspan="4">
                  <h3 style="display: inline;">com.xirrus.xms.TS_Array_SSIDs.TC_SSIDs_Mgmt_TrafficShapping</h3>
               </td>
            </tr>
            <tr class="methodsTableHeader">
               <td width="100%">Name</td>
               <td nowrap="true">Started</td>
               <td nowrap="true">Duration</td>
               <td>Exception</td>
            </tr>
            <tr id="com.xirrus.xms.TS_Array_SSIDs.TC_SSIDs_Mgmt_TrafficShapping_checkTestSkip_byClass_PASS1_row"
                class="testMethodStatusPASS testMethodStatusCONF">
               <td width="100%" class="firstMethodCell">
                  <a onclick="toggleDetailsVisibility('com.xirrus.xms.TS_Array_SSIDs.TC_SSIDs_Mgmt_TrafficShapping_checkTestSkip_byClass_PASS1_details')">checkTestSkip()</a>
               </td>
               <td nowrap="true">11:03:58</td>
               <td nowrap="true" align="right">6 ms
                  
               </td>
               <td nowrap="true">
                   
                  
               </td>
            </tr>
            <tr>
               <td colspan="4" class="detailsBox">
                  <div id="com.xirrus.xms.TS_Array_SSIDs.TC_SSIDs_Mgmt_TrafficShapping_checkTestSkip_byClass_PASS1_details"
                       class="testMethodDetails">
                     <div>
                        <b>Name: </b>checkTestSkip
                     </div>
                     <div>
                        <b>Signature: </b>checkTestSkip()
                     </div>
                     <div>
                        <b>Start time: </b>11:03:58
                     </div>
                     <div>
                        <b>End time: </b>11:03:58
                     </div>
                     <div>
                        <b>Duration: </b>6 ms
                        
                     </div>
                  </div>
               </td>
            </tr>
            <tr></tr>
            <tr id="com.xirrus.xms.TS_Array_SSIDs.TC_SSIDs_Mgmt_TrafficShapping_testCase_VerifyAddSSIDwithDefaultGeneralSettings_byClass_PASS2_row"
                class="testMethodStatusPASS">
               <td width="100%" class="firstMethodCell">
                  <a onclick="toggleDetailsVisibility('com.xirrus.xms.TS_Array_SSIDs.TC_SSIDs_Mgmt_TrafficShapping_testCase_VerifyAddSSIDwithDefaultGeneralSettings_byClass_PASS2_details')">testCase_VerifyAddSSIDwithDefaultGeneralSettings()</a>
               </td>
               <td nowrap="true">11:03:58</td>
               <td nowrap="true" align="right">1 ms
                  
               </td>
               <td nowrap="true">
                   
                  
               </td>
            </tr>
            <tr>
               <td colspan="4" class="detailsBox">
                  <div id="com.xirrus.xms.TS_Array_SSIDs.TC_SSIDs_Mgmt_TrafficShapping_testCase_VerifyAddSSIDwithDefaultGeneralSettings_byClass_PASS2_details"
                       class="testMethodDetails">
                     <div>
                        <b>Name: </b>testCase_VerifyAddSSIDwithDefaultGeneralSettings
                     </div>
                     <div>
                        <b>Signature: </b>testCase_VerifyAddSSIDwithDefaultGeneralSettings()
                     </div>
                     <div>
                        <b>Start time: </b>11:03:58
                     </div>
                     <div>
                        <b>End time: </b>11:03:58
                     </div>
                     <div>
                        <b>Duration: </b>1 ms
                        
                     </div>
                  </div>
               </td>
            </tr>
            <tr></tr>
            <tr id="com.xirrus.xms.TS_Array_SSIDs.TC_SSIDs_Mgmt_TrafficShapping_testCase_VerifyDefaultSSIDGeneralSettings_byClass_PASS3_row"
                class="testMethodStatusPASS">
               <td width="100%" class="firstMethodCell">
                  <a onclick="toggleDetailsVisibility('com.xirrus.xms.TS_Array_SSIDs.TC_SSIDs_Mgmt_TrafficShapping_testCase_VerifyDefaultSSIDGeneralSettings_byClass_PASS3_details')">testCase_VerifyDefaultSSIDGeneralSettings()</a>
               </td>
               <td nowrap="true">11:03:58</td>
               <td nowrap="true" align="right">0 ms
                  
               </td>
               <td nowrap="true">
                   
                  
               </td>
            </tr>
            <tr>
               <td colspan="4" class="detailsBox">
                  <div id="com.xirrus.xms.TS_Array_SSIDs.TC_SSIDs_Mgmt_TrafficShapping_testCase_VerifyDefaultSSIDGeneralSettings_byClass_PASS3_details"
                       class="testMethodDetails">
                     <div>
                        <b>Name: </b>testCase_VerifyDefaultSSIDGeneralSettings
                     </div>
                     <div>
                        <b>Signature: </b>testCase_VerifyDefaultSSIDGeneralSettings()
                     </div>
                     <div>
                        <b>Start time: </b>11:03:58
                     </div>
                     <div>
                        <b>End time: </b>11:03:58
                     </div>
                     <div>
                        <b>Duration: </b>0 ms
                        
                     </div>
                  </div>
               </td>
            </tr>
            <tr></tr>
            <tr id="com.xirrus.xms.TS_Array_SSIDs.TC_SSIDs_Mgmt_TrafficShapping_testCase_VerifyEditSSIDGeneralSettings_byClass_PASS4_row"
                class="testMethodStatusPASS">
               <td width="100%" class="firstMethodCell">
                  <a onclick="toggleDetailsVisibility('com.xirrus.xms.TS_Array_SSIDs.TC_SSIDs_Mgmt_TrafficShapping_testCase_VerifyEditSSIDGeneralSettings_byClass_PASS4_details')">testCase_VerifyEditSSIDGeneralSettings()</a>
               </td>
               <td nowrap="true">11:03:58</td>
               <td nowrap="true" align="right">0 ms
                  
               </td>
               <td nowrap="true">
                   
                  
               </td>
            </tr>
            <tr>
               <td colspan="4" class="detailsBox">
                  <div id="com.xirrus.xms.TS_Array_SSIDs.TC_SSIDs_Mgmt_TrafficShapping_testCase_VerifyEditSSIDGeneralSettings_byClass_PASS4_details"
                       class="testMethodDetails">
                     <div>
                        <b>Name: </b>testCase_VerifyEditSSIDGeneralSettings
                     </div>
                     <div>
                        <b>Signature: </b>testCase_VerifyEditSSIDGeneralSettings()
                     </div>
                     <div>
                        <b>Start time: </b>11:03:58
                     </div>
                     <div>
                        <b>End time: </b>11:03:58
                     </div>
                     <div>
                        <b>Duration: </b>0 ms
                        
                     </div>
                  </div>
               </td>
            </tr>
            <tr></tr>
            <tr id="com.xirrus.xms.TS_Array_SSIDs.TC_SSIDs_Mgmt_TrafficShapping_testCase_VerifyAddSSIDwithcustomGeneralSettings_byClass_PASS5_row"
                class="testMethodStatusPASS">
               <td width="100%" class="firstMethodCell">
                  <a onclick="toggleDetailsVisibility('com.xirrus.xms.TS_Array_SSIDs.TC_SSIDs_Mgmt_TrafficShapping_testCase_VerifyAddSSIDwithcustomGeneralSettings_byClass_PASS5_details')">testCase_VerifyAddSSIDwithcustomGeneralSettings()</a>
               </td>
               <td nowrap="true">11:03:58</td>
               <td nowrap="true" align="right">0 ms
                  
               </td>
               <td nowrap="true">
                   
                  
               </td>
            </tr>
            <tr>
               <td colspan="4" class="detailsBox">
                  <div id="com.xirrus.xms.TS_Array_SSIDs.TC_SSIDs_Mgmt_TrafficShapping_testCase_VerifyAddSSIDwithcustomGeneralSettings_byClass_PASS5_details"
                       class="testMethodDetails">
                     <div>
                        <b>Name: </b>testCase_VerifyAddSSIDwithcustomGeneralSettings
                     </div>
                     <div>
                        <b>Signature: </b>testCase_VerifyAddSSIDwithcustomGeneralSettings()
                     </div>
                     <div>
                        <b>Start time: </b>11:03:58
                     </div>
                     <div>
                        <b>End time: </b>11:03:58
                     </div>
                     <div>
                        <b>Duration: </b>0 ms
                        
                     </div>
                  </div>
               </td>
            </tr>
            <tr></tr>
            <tr id="com.xirrus.xms.TS_Array_SSIDs.TC_SSIDs_Mgmt_TrafficShapping_testCompleted_byClass_PASS6_row"
                class="testMethodStatusPASS testMethodStatusCONF">
               <td width="100%" class="firstMethodCell">
                  <a onclick="toggleDetailsVisibility('com.xirrus.xms.TS_Array_SSIDs.TC_SSIDs_Mgmt_TrafficShapping_testCompleted_byClass_PASS6_details')">testCompleted()</a>
               </td>
               <td nowrap="true">11:03:58</td>
               <td nowrap="true" align="right">0 ms
                  
               </td>
               <td nowrap="true">
                   
                  
               </td>
            </tr>
            <tr>
               <td colspan="4" class="detailsBox">
                  <div id="com.xirrus.xms.TS_Array_SSIDs.TC_SSIDs_Mgmt_TrafficShapping_testCompleted_byClass_PASS6_details"
                       class="testMethodDetails">
                     <div>
                        <b>Name: </b>testCompleted
                     </div>
                     <div>
                        <b>Signature: </b>testCompleted()
                     </div>
                     <div>
                        <b>Start time: </b>11:03:58
                     </div>
                     <div>
                        <b>End time: </b>11:03:58
                     </div>
                     <div>
                        <b>Duration: </b>0 ms
                        
                     </div>
                  </div>
               </td>
            </tr>
            <tr></tr>
         </table>
         <br></br>
      </div>
      <div style="margin-top: 15px; color: gray; text-align: center; font-size: 9px;">
         Generated with
         
         <a href="http://code.google.com/p/testng-xslt/" style="color: #8888aa;"
            target="_blank">
            TestNG XSLT
            
         </a>
      </div>
   </body>
</html>