<?xml version="1.0" encoding="UTF-8"?>
<!-- Generated by org.testng.reporters.JUnitXMLReporter -->
<testsuite hostname="ANasser-8470p" name="TC_VLAN_AddVLANs" tests="6" failures="0" timestamp="7 Mar 2015 14:48:33 GMT" time="0.07" errors="0">
  <testcase name="@BeforeTest checkTestSkip" time="0.0" classname="com.xirrus.xms.TS_Array_VLAN.TC_VLAN_AddVLANs">
    <skipped/>
  </testcase> <!-- @BeforeTest checkTestSkip -->
  <testcase name="@AfterTest testCompleted" time="0.0" classname="com.xirrus.xms.TS_Array_VLAN.TC_VLAN_AddVLANs">
    <skipped/>
  </testcase> <!-- @AfterTest testCompleted -->
  <testcase name="testCase_VerifyNewVLANDefaultValues" time="0.0" classname="com.xirrus.xms.TS_Array_VLAN.TC_VLAN_AddVLANs">
    <skipped/>
  </testcase> <!-- testCase_VerifyNewVLANDefaultValues -->
  <testcase name="testCase_VerifyAddSingleVLAN" time="0.03" classname="com.xirrus.xms.TS_Array_VLAN.TC_VLAN_AddVLANs">
    <skipped/>
  </testcase> <!-- testCase_VerifyAddSingleVLAN -->
  <testcase name="testCase_VerifyAddMultipleVLANs" time="0.0" classname="com.xirrus.xms.TS_Array_VLAN.TC_VLAN_AddVLANs">
    <skipped/>
  </testcase> <!-- testCase_VerifyAddMultipleVLANs -->
  <testcase name="testCase_VerifySecondVLANValues" time="0.0" classname="com.xirrus.xms.TS_Array_VLAN.TC_VLAN_AddVLANs">
    <skipped/>
  </testcase> <!-- testCase_VerifySecondVLANValues -->
  <testcase name="testCase_VerifyThirdVLANValues" time="0.04" classname="com.xirrus.xms.TS_Array_VLAN.TC_VLAN_AddVLANs">
    <skipped/>
  </testcase> <!-- testCase_VerifyThirdVLANValues -->
  <testcase name="testCase_VerifyMaxVLANSupportByArray" time="0.0" classname="com.xirrus.xms.TS_Array_VLAN.TC_VLAN_AddVLANs">
    <skipped/>
  </testcase> <!-- testCase_VerifyMaxVLANSupportByArray -->
</testsuite> <!-- TC_VLAN_AddVLANs -->
