<?xml version="1.0" encoding="UTF-8"?>
<!-- Generated by org.testng.reporters.JUnitXMLReporter -->
<testsuite hostname="ANasser-8470p" name="TC_VLAN_DeleteVLANs" tests="2" failures="0" timestamp="7 Mar 2015 14:48:34 GMT" time="0.0" errors="0">
  <testcase name="@BeforeSuite checkSuiteSkip" time="0.0" classname="com.xirrus.xms.TS_Array_VLAN.TC_VLAN_DeleteVLANs">
    <skipped/>
  </testcase> <!-- @BeforeSuite checkSuiteSkip -->
  <testcase name="@BeforeTest checkTestSkip" time="0.0" classname="com.xirrus.xms.TS_Array_VLAN.TC_VLAN_DeleteVLANs">
    <skipped/>
  </testcase> <!-- @BeforeTest checkTestSkip -->
  <testcase name="@AfterTest testCompleted" time="0.0" classname="com.xirrus.xms.TS_Array_VLAN.TC_VLAN_DeleteVLANs">
    <skipped/>
  </testcase> <!-- @AfterTest testCompleted -->
  <testcase name="testCase_VerifyDeleteSingleVLAN" time="0.0" classname="com.xirrus.xms.TS_Array_VLAN.TC_VLAN_DeleteVLANs">
    <skipped/>
  </testcase> <!-- testCase_VerifyDeleteSingleVLAN -->
  <testcase name="testCase_VerifyDeleteAllVLANs" time="0.0" classname="com.xirrus.xms.TS_Array_VLAN.TC_VLAN_DeleteVLANs">
    <skipped/>
  </testcase> <!-- testCase_VerifyDeleteAllVLANs -->
</testsuite> <!-- TC_VLAN_DeleteVLANs -->
