<?xml version="1.0" encoding="UTF-8"?>
<testsuite hostname="ANasser-8470p" name="com.xirrus.xms.TS_Array_General.TC_GeneralSett_Contact" tests="5" failures="0" timestamp="27 Jan 2015 23:03:09 GMT" time="135.917" errors="0">
  <testcase name="testCase_VerifydefaultAdminContactvalue" time="7.416" classname="com.xirrus.xms.TS_Array_General.TC_GeneralSett_Contact"/>
  <testcase name="testCase_VerifyAdminContactFieldvalidation" time="0.0" classname="com.xirrus.xms.TS_Array_General.TC_GeneralSett_Contact"/>
  <testcase name="testCase_VerifyAdminContactSetValue" time="43.166" classname="com.xirrus.xms.TS_Array_General.TC_GeneralSett_Contact"/>
  <testcase name="testCase_VerifyAdminContactEditValue" time="42.96" classname="com.xirrus.xms.TS_Array_General.TC_GeneralSett_Contact"/>
  <testcase name="testCase_VerifyAdminContactEmptyValue" time="42.369" classname="com.xirrus.xms.TS_Array_General.TC_GeneralSett_Contact"/>
</testsuite>
