<?xml version="1.0" encoding="UTF-8"?>
<!-- Generated by org.testng.reporters.JUnitXMLReporter -->
<testsuite hostname="ANasser-8470p" name="TC_Services_Location" tests="12" failures="0" timestamp="7 Mar 2015 14:48:34 GMT" time="0.09" errors="0">
  <testcase name="@BeforeTest checkTestSkip" time="0.0" classname="com.xirrus.xms.TS_Array_Services.TC_Services_Location">
    <skipped/>
  </testcase> <!-- @BeforeTest checkTestSkip -->
  <testcase name="@AfterTest testCompleted" time="0.0" classname="com.xirrus.xms.TS_Array_Services.TC_Services_Location">
    <skipped/>
  </testcase> <!-- @AfterTest testCompleted -->
  <testcase name="testCase_verifyNetflowDefaultVersion" time="0.0" classname="com.xirrus.xms.TS_Array_Services.TC_Services_Location">
    <skipped/>
  </testcase> <!-- testCase_verifyNetflowDefaultVersion -->
  <testcase name="testCase_verifyLocationURLDefaultValue" time="0.01" classname="com.xirrus.xms.TS_Array_Services.TC_Services_Location">
    <skipped/>
  </testcase> <!-- testCase_verifyLocationURLDefaultValue -->
  <testcase name="testCase_verifyLocationKeyDefaultValue" time="0.0" classname="com.xirrus.xms.TS_Array_Services.TC_Services_Location">
    <skipped/>
  </testcase> <!-- testCase_verifyLocationKeyDefaultValue -->
  <testcase name="testCase_verifyLocationPeriodDefaultValue" time="0.0" classname="com.xirrus.xms.TS_Array_Services.TC_Services_Location">
    <skipped/>
  </testcase> <!-- testCase_verifyLocationPeriodDefaultValue -->
  <testcase name="testCase_verifyLocationSupportEnable" time="0.0" classname="com.xirrus.xms.TS_Array_Services.TC_Services_Location">
    <skipped/>
  </testcase> <!-- testCase_verifyLocationSupportEnable -->
  <testcase name="testCase_verifyLocationURLEditValue" time="0.03" classname="com.xirrus.xms.TS_Array_Services.TC_Services_Location">
    <skipped/>
  </testcase> <!-- testCase_verifyLocationURLEditValue -->
  <testcase name="testCase_verifyLocationKeyEditValue" time="0.0" classname="com.xirrus.xms.TS_Array_Services.TC_Services_Location">
    <skipped/>
  </testcase> <!-- testCase_verifyLocationKeyEditValue -->
  <testcase name="testCase_verifyLocationPeriodEditValue" time="0.0" classname="com.xirrus.xms.TS_Array_Services.TC_Services_Location">
    <skipped/>
  </testcase> <!-- testCase_verifyLocationPeriodEditValue -->
  <testcase name="testCase_verifyLocationURLFieldValidation" time="0.03" classname="com.xirrus.xms.TS_Array_Services.TC_Services_Location">
    <skipped/>
  </testcase> <!-- testCase_verifyLocationURLFieldValidation -->
  <testcase name="testCase_verifyLocationKeyFieldValidation" time="0.0" classname="com.xirrus.xms.TS_Array_Services.TC_Services_Location">
    <skipped/>
  </testcase> <!-- testCase_verifyLocationKeyFieldValidation -->
  <testcase name="testCase_verifyLocationPeriodFieldValidation" time="0.0" classname="com.xirrus.xms.TS_Array_Services.TC_Services_Location">
    <skipped/>
  </testcase> <!-- testCase_verifyLocationPeriodFieldValidation -->
  <testcase name="testCase_verifyLocationSupportDisable" time="0.0" classname="com.xirrus.xms.TS_Array_Services.TC_Services_Location">
    <skipped/>
  </testcase> <!-- testCase_verifyLocationSupportDisable -->
</testsuite> <!-- TC_Services_Location -->
