<?xml version="1.0" encoding="UTF-8"?>
<!-- Generated by org.testng.reporters.JUnitXMLReporter -->
<testsuite hostname="ANasser-8470p" name="TC_Services_Netflow" tests="11" failures="0" timestamp="7 Mar 2015 14:48:34 GMT" time="0.217" errors="0">
  <testcase name="@BeforeTest checkTestSkip" time="0.0" classname="com.xirrus.xms.TS_Array_Services.TC_Services_Netflow">
    <skipped/>
  </testcase> <!-- @BeforeTest checkTestSkip -->
  <testcase name="@AfterTest testCompleted" time="0.0" classname="com.xirrus.xms.TS_Array_Services.TC_Services_Netflow">
    <skipped/>
  </testcase> <!-- @AfterTest testCompleted -->
  <testcase name="testCase_verifyNetflowDefaultVersion" time="0.001" classname="com.xirrus.xms.TS_Array_Services.TC_Services_Netflow">
    <skipped/>
  </testcase> <!-- testCase_verifyNetflowDefaultVersion -->
  <testcase name="testCase_verifyNetflowDefaultCollectorHost" time="0.0" classname="com.xirrus.xms.TS_Array_Services.TC_Services_Netflow">
    <skipped/>
  </testcase> <!-- testCase_verifyNetflowDefaultCollectorHost -->
  <testcase name="testCase_verifyNetflowDefaultCollectorPort" time="0.0" classname="com.xirrus.xms.TS_Array_Services.TC_Services_Netflow">
    <skipped/>
  </testcase> <!-- testCase_verifyNetflowDefaultCollectorPort -->
  <testcase name="testCase_verifyNetflowVersionV5" time="0.184" classname="com.xirrus.xms.TS_Array_Services.TC_Services_Netflow">
    <skipped/>
  </testcase> <!-- testCase_verifyNetflowVersionV5 -->
  <testcase name="testCase_verifyNetflowCollectorHostEdit" time="0.0" classname="com.xirrus.xms.TS_Array_Services.TC_Services_Netflow">
    <skipped/>
  </testcase> <!-- testCase_verifyNetflowCollectorHostEdit -->
  <testcase name="testCase_verifyNetflowCollectorPortEdit" time="0.0" classname="com.xirrus.xms.TS_Array_Services.TC_Services_Netflow">
    <skipped/>
  </testcase> <!-- testCase_verifyNetflowCollectorPortEdit -->
  <testcase name="testCase_verifyNetflowVersionV6" time="0.01" classname="com.xirrus.xms.TS_Array_Services.TC_Services_Netflow">
    <skipped/>
  </testcase> <!-- testCase_verifyNetflowVersionV6 -->
  <testcase name="testCase_verifyNetflowVersionIPFIX" time="0.0" classname="com.xirrus.xms.TS_Array_Services.TC_Services_Netflow">
    <skipped/>
  </testcase> <!-- testCase_verifyNetflowVersionIPFIX -->
  <testcase name="testCase_verifyNetflowCollectorHostFieldValidation" time="0.0" classname="com.xirrus.xms.TS_Array_Services.TC_Services_Netflow">
    <skipped/>
  </testcase> <!-- testCase_verifyNetflowCollectorHostFieldValidation -->
  <testcase name="testCase_verifyNetflowCollectorPortFieldValidation" time="0.0" classname="com.xirrus.xms.TS_Array_Services.TC_Services_Netflow">
    <skipped/>
  </testcase> <!-- testCase_verifyNetflowCollectorPortFieldValidation -->
  <testcase name="testCase_verifyNetflowDisable" time="0.02" classname="com.xirrus.xms.TS_Array_Services.TC_Services_Netflow">
    <skipped/>
  </testcase> <!-- testCase_verifyNetflowDisable -->
</testsuite> <!-- TC_Services_Netflow -->
