<?xml version="1.0" encoding="UTF-8"?>
<!-- Generated by org.testng.reporters.JUnitXMLReporter -->
<testsuite hostname="ANasser-8470p" name="TC_Services_DHCPServer" tests="15" failures="0" timestamp="7 Mar 2015 14:48:34 GMT" time="0.103" errors="0">
  <testcase name="@BeforeSuite checkSuiteSkip" time="0.0" classname="com.xirrus.xms.TS_Array_Services.TC_Services_DHCPServer">
    <skipped/>
  </testcase> <!-- @BeforeSuite checkSuiteSkip -->
  <testcase name="@BeforeTest checkTestSkip" time="0.0" classname="com.xirrus.xms.TS_Array_Services.TC_Services_DHCPServer">
    <skipped/>
  </testcase> <!-- @BeforeTest checkTestSkip -->
  <testcase name="@AfterTest testCompleted" time="0.0" classname="com.xirrus.xms.TS_Array_Services.TC_Services_DHCPServer">
    <skipped/>
  </testcase> <!-- @AfterTest testCompleted -->
  <testcase name="testCase_verifyDHCPServerDefaultValues" time="0.0" classname="com.xirrus.xms.TS_Array_Services.TC_Services_DHCPServer">
    <skipped/>
  </testcase> <!-- testCase_verifyDHCPServerDefaultValues -->
  <testcase name="testCase_verifyAddDHCPServer" time="0.01" classname="com.xirrus.xms.TS_Array_Services.TC_Services_DHCPServer">
    <skipped/>
  </testcase> <!-- testCase_verifyAddDHCPServer -->
  <testcase name="testCase_verifyEditDHCPServer" time="0.0" classname="com.xirrus.xms.TS_Array_Services.TC_Services_DHCPServer">
    <skipped/>
  </testcase> <!-- testCase_verifyEditDHCPServer -->
  <testcase name="testCase_verifyDeleteDHCPServer" time="0.0" classname="com.xirrus.xms.TS_Array_Services.TC_Services_DHCPServer">
    <skipped/>
  </testcase> <!-- testCase_verifyDeleteDHCPServer -->
  <testcase name="testCase_verifyDHCPServerNameFieldValidation" time="0.0" classname="com.xirrus.xms.TS_Array_Services.TC_Services_DHCPServer">
    <skipped/>
  </testcase> <!-- testCase_verifyDHCPServerNameFieldValidation -->
  <testcase name="testCase_verifyDHCPServerDefaultLeaseFieldValidation" time="0.0" classname="com.xirrus.xms.TS_Array_Services.TC_Services_DHCPServer">
    <skipped/>
  </testcase> <!-- testCase_verifyDHCPServerDefaultLeaseFieldValidation -->
  <testcase name="testCase_verifyDHCPServerMaxLeaseFieldValidation" time="0.0" classname="com.xirrus.xms.TS_Array_Services.TC_Services_DHCPServer">
    <skipped/>
  </testcase> <!-- testCase_verifyDHCPServerMaxLeaseFieldValidation -->
  <testcase name="testCase_verifyDHCPServerStartIPRangeFieldValidation" time="0.0" classname="com.xirrus.xms.TS_Array_Services.TC_Services_DHCPServer">
    <skipped/>
  </testcase> <!-- testCase_verifyDHCPServerStartIPRangeFieldValidation -->
  <testcase name="testCase_verifyDHCPServerEndIPRangeFieldValidation" time="0.0" classname="com.xirrus.xms.TS_Array_Services.TC_Services_DHCPServer">
    <skipped/>
  </testcase> <!-- testCase_verifyDHCPServerEndIPRangeFieldValidation -->
  <testcase name="testCase_verifyDHCPServerDefaultSubnetMaskFieldValidation" time="0.0" classname="com.xirrus.xms.TS_Array_Services.TC_Services_DHCPServer">
    <skipped/>
  </testcase> <!-- testCase_verifyDHCPServerDefaultSubnetMaskFieldValidation -->
  <testcase name="testCase_verifyDHCPServerGatewayFieldValidation" time="0.0" classname="com.xirrus.xms.TS_Array_Services.TC_Services_DHCPServer">
    <skipped/>
  </testcase> <!-- testCase_verifyDHCPServerGatewayFieldValidation -->
  <testcase name="testCase_verifyDHCPServerDefaultDomainFieldValidation" time="0.02" classname="com.xirrus.xms.TS_Array_Services.TC_Services_DHCPServer">
    <skipped/>
  </testcase> <!-- testCase_verifyDHCPServerDefaultDomainFieldValidation -->
  <testcase name="testCase_verifyDHCPServerDefaultDNSServer1FieldValidation" time="0.0" classname="com.xirrus.xms.TS_Array_Services.TC_Services_DHCPServer">
    <skipped/>
  </testcase> <!-- testCase_verifyDHCPServerDefaultDNSServer1FieldValidation -->
  <testcase name="testCase_verifyDHCPServerDefaultDNSServer2FieldValidation" time="0.0" classname="com.xirrus.xms.TS_Array_Services.TC_Services_DHCPServer">
    <skipped/>
  </testcase> <!-- testCase_verifyDHCPServerDefaultDNSServer2FieldValidation -->
  <testcase name="testCase_verifyDHCPServerDefaultDNSServer3FieldValidation" time="0.0" classname="com.xirrus.xms.TS_Array_Services.TC_Services_DHCPServer">
    <skipped/>
  </testcase> <!-- testCase_verifyDHCPServerDefaultDNSServer3FieldValidation -->
</testsuite> <!-- TC_Services_DHCPServer -->
