<?xml version="1.0" encoding="UTF-8"?>
<!-- Generated by org.testng.reporters.JUnitXMLReporter -->
<testsuite hostname="ANasser-8470p" name="TC_GeneralSett_Contact" tests="5" failures="0" timestamp="27 Jan 2015 18:39:03 GMT" time="0.003" errors="0">
  <testcase name="@BeforeSuite checkSuiteSkip" time="0.0" classname="com.xirrus.xms.TS_Array_General.TC_GeneralSett_Contact">
    <skipped/>
  </testcase> <!-- @BeforeSuite checkSuiteSkip -->
  <testcase name="@BeforeTest checkTestSkip" time="0.0" classname="com.xirrus.xms.TS_Array_General.TC_GeneralSett_Contact">
    <skipped/>
  </testcase> <!-- @BeforeTest checkTestSkip -->
  <testcase name="@AfterTest testCompleted" time="0.0" classname="com.xirrus.xms.TS_Array_General.TC_GeneralSett_Contact">
    <skipped/>
  </testcase> <!-- @AfterTest testCompleted -->
  <testcase name="testCase_VerifydefaultAdminContactvalue" time="0.001" classname="com.xirrus.xms.TS_Array_General.TC_GeneralSett_Contact">
    <skipped/>
  </testcase> <!-- testCase_VerifydefaultAdminContactvalue -->
  <testcase name="testCase_VerifyAdminContactFieldvalidation" time="0.0" classname="com.xirrus.xms.TS_Array_General.TC_GeneralSett_Contact">
    <skipped/>
  </testcase> <!-- testCase_VerifyAdminContactFieldvalidation -->
  <testcase name="testCase_VerifyAdminContactSetValue" time="0.0" classname="com.xirrus.xms.TS_Array_General.TC_GeneralSett_Contact">
    <skipped/>
  </testcase> <!-- testCase_VerifyAdminContactSetValue -->
  <testcase name="testCase_VerifyAdminContactEditValue" time="0.0" classname="com.xirrus.xms.TS_Array_General.TC_GeneralSett_Contact">
    <skipped/>
  </testcase> <!-- testCase_VerifyAdminContactEditValue -->
  <testcase name="testCase_VerifyAdminContactEmptyValue" time="0.0" classname="com.xirrus.xms.TS_Array_General.TC_GeneralSett_Contact">
    <skipped/>
  </testcase> <!-- testCase_VerifyAdminContactEmptyValue -->
</testsuite> <!-- TC_GeneralSett_Contact -->
