<?xml version="1.0" encoding="UTF-8"?>
<!-- Generated by org.testng.reporters.JUnitXMLReporter -->
<testsuite hostname="ANasser-8470p" name="TC_ArrayConfig_Setup" tests="14" failures="0" timestamp="20 Mar 2015 17:29:55 GMT" time="0.046" errors="0">
  <testcase name="@BeforeTest checkTestSkip" time="0.0" classname="com.xirrus.xms.TS_ArrayConfiguration.TC_ArrayConfig_Setup">
    <skipped/>
  </testcase> <!-- @BeforeTest checkTestSkip -->
  <testcase name="@AfterTest testCompleted" time="0.0" classname="com.xirrus.xms.TS_ArrayConfiguration.TC_ArrayConfig_Setup">
    <skipped/>
  </testcase> <!-- @AfterTest testCompleted -->
  <testcase name="testCase_Begning_Setup_NavigateToArrayConfiguration" time="0.0" classname="com.xirrus.xms.TS_ArrayConfiguration.TC_ArrayConfig_Setup">
    <skipped/>
  </testcase> <!-- testCase_Begning_Setup_NavigateToArrayConfiguration -->
  <testcase name="testCase_Setup1_GeneralSettings" time="0.0" classname="com.xirrus.xms.TS_ArrayConfiguration.TC_ArrayConfig_Setup">
    <skipped/>
  </testcase> <!-- testCase_Setup1_GeneralSettings -->
  <testcase name="testCase_Setup2_NetworkDNSSettings" time="0.0" classname="com.xirrus.xms.TS_ArrayConfiguration.TC_ArrayConfig_Setup">
    <skipped/>
  </testcase> <!-- testCase_Setup2_NetworkDNSSettings -->
  <testcase name="testCase_Setup3_NetworkLLDPSettings" time="0.0" classname="com.xirrus.xms.TS_ArrayConfiguration.TC_ArrayConfig_Setup">
    <skipped/>
  </testcase> <!-- testCase_Setup3_NetworkLLDPSettings -->
  <testcase name="testCase_Setup4_NetworkCDPSettings" time="0.0" classname="com.xirrus.xms.TS_ArrayConfiguration.TC_ArrayConfig_Setup">
    <skipped/>
  </testcase> <!-- testCase_Setup4_NetworkCDPSettings -->
  <testcase name="testCase_Setup5_VLANSettings" time="0.01" classname="com.xirrus.xms.TS_ArrayConfiguration.TC_ArrayConfig_Setup">
    <skipped/>
  </testcase> <!-- testCase_Setup5_VLANSettings -->
  <testcase name="testCase_Setup6_ServicesNetFlowSettings" time="0.01" classname="com.xirrus.xms.TS_ArrayConfiguration.TC_ArrayConfig_Setup">
    <skipped/>
  </testcase> <!-- testCase_Setup6_ServicesNetFlowSettings -->
  <testcase name="testCase_Setup7_ServicesWiFiTagSettings" time="0.0" classname="com.xirrus.xms.TS_ArrayConfiguration.TC_ArrayConfig_Setup">
    <skipped/>
  </testcase> <!-- testCase_Setup7_ServicesWiFiTagSettings -->
  <testcase name="testCase_Setup8_ServicesLocationSettings" time="0.0" classname="com.xirrus.xms.TS_ArrayConfiguration.TC_ArrayConfig_Setup">
    <skipped/>
  </testcase> <!-- testCase_Setup8_ServicesLocationSettings -->
  <testcase name="testCase_Setup9_ServicesDHCPServerSettings" time="0.0" classname="com.xirrus.xms.TS_ArrayConfiguration.TC_ArrayConfig_Setup">
    <skipped/>
  </testcase> <!-- testCase_Setup9_ServicesDHCPServerSettings -->
  <testcase name="testCase_Setup10_SecurityAirWatchSettings" time="0.0" classname="com.xirrus.xms.TS_ArrayConfiguration.TC_ArrayConfig_Setup">
    <skipped/>
  </testcase> <!-- testCase_Setup10_SecurityAirWatchSettings -->
  <testcase name="testCase_Setup11_SecurityGlobalSettingsWPA" time="0.0" classname="com.xirrus.xms.TS_ArrayConfiguration.TC_ArrayConfig_Setup">
    <skipped/>
  </testcase> <!-- testCase_Setup11_SecurityGlobalSettingsWPA -->
  <testcase name="testCase_Setup11_IAPsRoamingAssitSettings" time="0.0" classname="com.xirrus.xms.TS_ArrayConfiguration.TC_ArrayConfig_Setup">
    <skipped/>
  </testcase> <!-- testCase_Setup11_IAPsRoamingAssitSettings -->
  <testcase name="testCase_End_Setup_ApplyConfigurationToArray" time="0.0" classname="com.xirrus.xms.TS_ArrayConfiguration.TC_ArrayConfig_Setup">
    <skipped/>
  </testcase> <!-- testCase_End_Setup_ApplyConfigurationToArray -->
</testsuite> <!-- TC_ArrayConfig_Setup -->
