<?xml version="1.0" encoding="UTF-8"?>
<!-- Generated by org.testng.reporters.JUnitXMLReporter -->
<testsuite hostname="ANasser-8470p" name="TC_ArrayConfig_Network_CDP" tests="1" failures="0" timestamp="20 Mar 2015 17:29:55 GMT" time="0.01" errors="0">
  <testcase name="@BeforeTest checkTestSkip" time="0.0" classname="com.xirrus.xms.TS_ArrayConfiguration.TC_ArrayConfig_Network_CDP">
    <skipped/>
  </testcase> <!-- @BeforeTest checkTestSkip -->
  <testcase name="@AfterTest testCompleted" time="0.0" classname="com.xirrus.xms.TS_ArrayConfiguration.TC_ArrayConfig_Network_CDP">
    <skipped/>
  </testcase> <!-- @AfterTest testCompleted -->
  <testcase name="testCase_VerifyArrayConfigNetworkCDPParamters" time="0.0" classname="com.xirrus.xms.TS_ArrayConfiguration.TC_ArrayConfig_Network_CDP">
    <skipped/>
  </testcase> <!-- testCase_VerifyArrayConfigNetworkCDPParamters -->
</testsuite> <!-- TC_ArrayConfig_Network_CDP -->
