<?xml version="1.0" encoding="UTF-8"?>
<!-- Generated by org.testng.reporters.JUnitXMLReporter -->
<testsuite hostname="ANasser-8470p" name="TC_Network_CDP" tests="5" failures="0" timestamp="7 Mar 2015 14:48:33 GMT" time="0.02" errors="0">
  <testcase name="@BeforeTest checkTestSkip" time="0.0" classname="com.xirrus.xms.TS_Array_Network.TC_Network_CDP">
    <skipped/>
  </testcase> <!-- @BeforeTest checkTestSkip -->
  <testcase name="@AfterTest testCompleted" time="0.0" classname="com.xirrus.xms.TS_Array_Network.TC_Network_CDP">
    <skipped/>
  </testcase> <!-- @AfterTest testCompleted -->
  <testcase name="testCase_verifyCDPStateIntervalHoldTimeDefaultvalue" time="0.0" classname="com.xirrus.xms.TS_Array_Network.TC_Network_CDP">
    <skipped/>
  </testcase> <!-- testCase_verifyCDPStateIntervalHoldTimeDefaultvalue -->
  <testcase name="testCase_verifyCDPStateEnableValue" time="0.0" classname="com.xirrus.xms.TS_Array_Network.TC_Network_CDP">
    <skipped/>
  </testcase> <!-- testCase_verifyCDPStateEnableValue -->
  <testcase name="testCase_verifyCDPIntervalHoldTimeEditValue" time="0.0" classname="com.xirrus.xms.TS_Array_Network.TC_Network_CDP">
    <skipped/>
  </testcase> <!-- testCase_verifyCDPIntervalHoldTimeEditValue -->
  <testcase name="testCase_verifyCDPIntervalHoldTimeFieldValidation" time="0.0" classname="com.xirrus.xms.TS_Array_Network.TC_Network_CDP">
    <skipped/>
  </testcase> <!-- testCase_verifyCDPIntervalHoldTimeFieldValidation -->
  <testcase name="testCase_verifyCDPStateDisableValue" time="0.0" classname="com.xirrus.xms.TS_Array_Network.TC_Network_CDP">
    <skipped/>
  </testcase> <!-- testCase_verifyCDPStateDisableValue -->
</testsuite> <!-- TC_Network_CDP -->
