<?xml version="1.0" encoding="UTF-8"?>
<!-- Generated by org.testng.reporters.JUnitXMLReporter -->
<testsuite hostname="ANasser-8470p" name="TC_Services_DHCPServer" tests="1" failures="0" timestamp="6 Mar 2015 00:57:42 GMT" time="0.003" errors="0">
  <testcase name="@BeforeTest checkTestSkip" time="0.0" classname="com.xirrus.xms.TS_Array_VLAN.TC_VLAN_AddVLANs">
    <skipped/>
  </testcase> <!-- @BeforeTest checkTestSkip -->
  <testcase name="@AfterTest testCompleted" time="0.0" classname="com.xirrus.xms.TS_Array_VLAN.TC_VLAN_AddVLANs">
    <skipped/>
  </testcase> <!-- @AfterTest testCompleted -->
  <testcase name="testCase_VerifyMaxVLANSupportByArray" time="0.0" classname="com.xirrus.xms.TS_Array_VLAN.TC_VLAN_AddVLANs">
    <skipped/>
  </testcase> <!-- testCase_VerifyMaxVLANSupportByArray -->
</testsuite> <!-- TC_Services_DHCPServer -->
